<?xml version="1.0" encoding="utf-8"?><testsuites><testsuite name="pytest" errors="0" failures="0" skipped="10" tests="1706" time="184.242" timestamp="2026-08-20T16:43:57.170596+08:00" hostname="lj"><testcase classname="tests.mid360_formal_batch1.test_acquisition_audit" name="test_map_and_query_duration_hard_gates_are_inclusive" time="0.000" /><testcase classname="tests.mid360_formal_batch1.test_acquisition_audit" name="test_gap_ten_seconds_is_inclusive_and_overlap_fails" time="0.000" /><testcase classname="tests.mid360_formal_batch1.test_acquisition_audit" name="test_topic_type_and_frame_audit_fail_closed" time="0.000" /><testcase classname="tests.mid360_formal_batch1.test_acquisition_audit" name="test_lidar_frequency_gate[9.5-True]" time="0.000" /><testcase classname="tests.mid360_formal_batch1.test_acquisition_audit" name="test_lidar_frequency_gate[10.5-True]" time="0.000" /><testcase classname="tests.mid360_formal_batch1.test_acquisition_audit" name="test_lidar_frequency_gate[9.49-False]" time="0.000" /><testcase classname="tests.mid360_formal_batch1.test_acquisition_audit" name="test_lidar_frequency_gate[10.51-False]" time="0.000" /><testcase classname="tests.mid360_formal_batch1.test_acquisition_audit" name="test_imu_frequency_gate[190.0-True]" time="0.000" /><testcase classname="tests.mid360_formal_batch1.test_acquisition_audit" name="test_imu_frequency_gate[210.0-True]" time="0.000" /><testcase classname="tests.mid360_formal_batch1.test_acquisition_audit" name="test_imu_frequency_gate[189.9-False]" time="0.000" /><testcase classname="tests.mid360_formal_batch1.test_acquisition_audit" name="test_imu_frequency_gate[210.1-False]" time="0.000" /><testcase classname="tests.mid360_formal_batch1.test_acquisition_audit" name="test_required_pointcloud2_fields_and_finite_fraction" time="0.000" /><testcase classname="tests.mid360_formal_batch1.test_acquisition_audit" name="test_obvious_motion_audit_invalidates_bag_and_pair" time="0.000" /><testcase classname="tests.mid360_formal_batch1.test_acquisition_audit" name="test_recording_plan_is_map_wait_query_and_dry_run_safe" time="0.002" /><testcase classname="tests.mid360_formal_batch1.test_acquisition_audit" name="test_prior_attempt_is_never_overwritten" time="0.000" /><testcase classname="tests.mid360_formal_batch1.test_acquisition_audit" name="test_manifest_retains_failures_and_selects_first_audit_pass" time="0.001" /><testcase classname="tests.mid360_formal_batch1.test_exec_r3_binding_provenance" name="test_two_commit_fixture_routes_only_by_explicit_binding_class" time="0.032" /><testcase classname="tests.mid360_formal_batch1.test_exec_r3_binding_provenance" name="test_independent_provenance_dispatch_fails_closed[missing_binding]" time="0.021" /><testcase classname="tests.mid360_formal_batch1.test_exec_r3_binding_provenance" name="test_independent_provenance_dispatch_fails_closed[extra_binding]" time="0.019" /><testcase classname="tests.mid360_formal_batch1.test_exec_r3_binding_provenance" name="test_independent_provenance_dispatch_fails_closed[missing_metadata]" time="0.021" /><testcase classname="tests.mid360_formal_batch1.test_exec_r3_binding_provenance" name="test_independent_provenance_dispatch_fails_closed[wrong_binding_class]" time="0.022" /><testcase classname="tests.mid360_formal_batch1.test_exec_r3_binding_provenance" name="test_independent_provenance_dispatch_fails_closed[unknown_binding_class]" time="0.019" /><testcase classname="tests.mid360_formal_batch1.test_exec_r3_binding_provenance" name="test_independent_provenance_dispatch_fails_closed[wrong_verification_source]" time="0.021" /><testcase classname="tests.mid360_formal_batch1.test_exec_r3_binding_provenance" name="test_independent_provenance_dispatch_fails_closed[wrong_commit_role]" time="0.019" /><testcase classname="tests.mid360_formal_batch1.test_exec_r3_binding_provenance" name="test_independent_provenance_dispatch_fails_closed[wrong_sha]" time="0.023" /><testcase classname="tests.mid360_formal_batch1.test_exec_r3_binding_provenance" name="test_independent_provenance_dispatch_fails_closed[wrong_bytes]" time="0.021" /><testcase classname="tests.mid360_formal_batch1.test_exec_r3_binding_provenance" name="test_independent_provenance_dispatch_fails_closed[wrong_execution_commit]" time="0.023" /><testcase classname="tests.mid360_formal_batch1.test_exec_r3_binding_provenance" name="test_independent_provenance_dispatch_fails_closed[wrong_release_commit]" time="0.023" /><testcase classname="tests.mid360_formal_batch1.test_exec_r3_binding_provenance" name="test_independent_provenance_dispatch_fails_closed[working_tree_only_change]" time="0.019" /><testcase classname="tests.mid360_formal_batch1.test_formal_registration_authorization_exec_r2" name="test_independent_verifier_rejects_authorization_tamper[missing_schema]" time="0.001" /><testcase classname="tests.mid360_formal_batch1.test_formal_registration_authorization_exec_r2" name="test_independent_verifier_rejects_authorization_tamper[extra_key]" time="0.001" /><testcase classname="tests.mid360_formal_batch1.test_formal_registration_authorization_exec_r2" name="test_independent_verifier_rejects_authorization_tamper[schema]" time="0.001" /><testcase classname="tests.mid360_formal_batch1.test_formal_registration_authorization_exec_r2" name="test_independent_verifier_rejects_authorization_tamper[authorization_id]" time="0.001" /><testcase classname="tests.mid360_formal_batch1.test_formal_registration_authorization_exec_r2" name="test_independent_verifier_rejects_authorization_tamper[authorization_type]" time="0.001" /><testcase classname="tests.mid360_formal_batch1.test_formal_registration_authorization_exec_r2" name="test_independent_verifier_rejects_authorization_tamper[basis]" time="0.001" /><testcase classname="tests.mid360_formal_batch1.test_formal_registration_authorization_exec_r2" name="test_independent_verifier_rejects_authorization_tamper[timestamp]" time="0.001" /><testcase classname="tests.mid360_formal_batch1.test_formal_registration_authorization_exec_r2" name="test_independent_verifier_rejects_authorization_tamper[nonce]" time="0.001" /><testcase classname="tests.mid360_formal_batch1.test_formal_registration_authorization_exec_r2" name="test_independent_verifier_rejects_authorization_tamper[status]" time="0.001" /><testcase classname="tests.mid360_formal_batch1.test_formal_registration_authorization_exec_r2" name="test_independent_verifier_rejects_authorization_tamper[track]" time="0.001" /><testcase classname="tests.mid360_formal_batch1.test_formal_registration_authorization_exec_r2" name="test_independent_verifier_rejects_authorization_tamper[amendment]" time="0.001" /><testcase classname="tests.mid360_formal_batch1.test_formal_registration_authorization_exec_r2" name="test_independent_verifier_rejects_authorization_tamper[revision]" time="0.001" /><testcase classname="tests.mid360_formal_batch1.test_formal_registration_authorization_exec_r2" name="test_independent_verifier_rejects_authorization_tamper[lock_fingerprint]" time="0.001" /><testcase classname="tests.mid360_formal_batch1.test_formal_registration_authorization_exec_r2" name="test_independent_verifier_rejects_authorization_tamper[lock_sha]" time="0.001" /><testcase classname="tests.mid360_formal_batch1.test_formal_registration_authorization_exec_r2" name="test_independent_verifier_rejects_authorization_tamper[release_commit]" time="0.001" /><testcase classname="tests.mid360_formal_batch1.test_formal_registration_authorization_exec_r2" name="test_independent_verifier_rejects_authorization_tamper[inventory_sha]" time="0.001" /><testcase classname="tests.mid360_formal_batch1.test_formal_registration_authorization_exec_r2" name="test_independent_verifier_rejects_authorization_tamper[provenance_contract]" time="0.001" /><testcase classname="tests.mid360_formal_batch1.test_formal_registration_authorization_exec_r2" name="test_independent_verifier_rejects_authorization_tamper[plan_sha]" time="0.001" /><testcase classname="tests.mid360_formal_batch1.test_formal_registration_authorization_exec_r2" name="test_independent_verifier_rejects_authorization_tamper[analysis_sha]" time="0.001" /><testcase classname="tests.mid360_formal_batch1.test_formal_registration_authorization_exec_r2" name="test_independent_verifier_rejects_authorization_tamper[backend_sha]" time="0.001" /><testcase classname="tests.mid360_formal_batch1.test_formal_registration_authorization_exec_r2" name="test_independent_verifier_rejects_authorization_tamper[execution_commit]" time="0.001" /><testcase classname="tests.mid360_formal_batch1.test_formal_registration_authorization_exec_r2" name="test_independent_verifier_rejects_authorization_tamper[environment_sha]" time="0.001" /><testcase classname="tests.mid360_formal_batch1.test_formal_registration_authorization_exec_r2" name="test_independent_verifier_rejects_authorization_tamper[pcl_sha]" time="0.001" /><testcase classname="tests.mid360_formal_batch1.test_formal_registration_authorization_exec_r2" name="test_independent_verifier_rejects_authorization_tamper[total]" time="0.001" /><testcase classname="tests.mid360_formal_batch1.test_formal_registration_authorization_exec_r2" name="test_independent_verifier_rejects_authorization_tamper[open3d]" time="0.001" /><testcase classname="tests.mid360_formal_batch1.test_formal_registration_authorization_exec_r2" name="test_independent_verifier_rejects_authorization_tamper[pcl]" time="0.001" /><testcase classname="tests.mid360_formal_batch1.test_formal_registration_authorization_exec_r2" name="test_independent_verifier_rejects_authorization_tamper[backends]" time="0.001" /><testcase classname="tests.mid360_formal_batch1.test_formal_registration_authorization_exec_r2" name="test_independent_verifier_rejects_authorization_tamper[t0]" time="0.001" /><testcase classname="tests.mid360_formal_batch1.test_formal_registration_authorization_exec_r2" name="test_independent_verifier_rejects_authorization_tamper[resume]" time="0.001" /><testcase classname="tests.mid360_formal_batch1.test_formal_registration_authorization_exec_r2" name="test_independent_verifier_rejects_authorization_tamper[workers]" time="0.001" /><testcase classname="tests.mid360_formal_batch1.test_formal_registration_authorization_exec_r2" name="test_independent_verifier_rejects_authorization_tamper[capture]" time="0.001" /><testcase classname="tests.mid360_formal_batch1.test_formal_registration_authorization_exec_r2" name="test_independent_verifier_rejects_authorization_tamper[other_backend]" time="0.001" /><testcase classname="tests.mid360_formal_batch1.test_formal_registration_authorization_exec_r2" name="test_independent_verifier_rejects_authorization_tamper[parameter]" time="0.001" /><testcase classname="tests.mid360_formal_batch1.test_formal_registration_authorization_exec_r2" name="test_independent_verifier_rejects_authorization_tamper[reselection]" time="0.001" /><testcase classname="tests.mid360_formal_batch1.test_formal_registration_authorization_exec_r2" name="test_independent_verifier_rejects_authorization_tamper[scope]" time="0.001" /><testcase classname="tests.mid360_formal_batch1.test_formal_registration_authorization_exec_r2" name="test_independent_verifier_rejects_authorization_tamper[runtime]" time="0.001" /><testcase classname="tests.mid360_formal_batch1.test_formal_registration_authorization_exec_r2" name="test_independent_verifier_rejects_authorization_tamper[immutable]" time="0.001" /><testcase classname="tests.mid360_formal_batch1.test_formal_registration_authorization_exec_r2" name="test_independent_verifier_rejects_authorization_tamper[unlock]" time="0.001" /><testcase classname="tests.mid360_formal_batch1.test_formal_registration_authorization_exec_r2" name="test_independent_verifier_rejects_authorization_tamper[authorized]" time="0.001" /><testcase classname="tests.mid360_formal_batch1.test_formal_registration_authorization_exec_r2" name="test_independent_verifier_accepts_fresh_then_only_same_attempt_resume" time="0.004" /><testcase classname="tests.mid360_formal_batch1.test_formal_registration_authorization_exec_r2" name="test_consumption_is_irreversible_and_sha_is_write_once" time="0.003" /><testcase classname="tests.mid360_formal_batch1.test_formal_registration_authorization_exec_r2" name="test_independent_verifier_rejects_envelope_and_scope_tamper[sidecar]" time="0.001" /><testcase classname="tests.mid360_formal_batch1.test_formal_registration_authorization_exec_r2" name="test_independent_verifier_rejects_envelope_and_scope_tamper[noncanonical]" time="0.001" /><testcase classname="tests.mid360_formal_batch1.test_formal_registration_authorization_exec_r2" name="test_independent_verifier_rejects_envelope_and_scope_tamper[duplicate]" time="0.001" /><testcase classname="tests.mid360_formal_batch1.test_formal_registration_authorization_exec_r2" name="test_independent_verifier_rejects_envelope_and_scope_tamper[wrong_runtime]" time="0.001" /><testcase classname="tests.mid360_formal_batch1.test_formal_registration_authorization_exec_r2" name="test_independent_verifier_rejects_envelope_and_scope_tamper[wrong_workers]" time="0.001" /><testcase classname="tests.mid360_formal_batch1.test_formal_registration_authorization_exec_r2" name="test_producer_requires_explicit_confirmation_before_any_write" time="0.000" /><testcase classname="tests.mid360_formal_batch1.test_formal_registration_authorization_exec_r2" name="test_producer_issues_canonical_unique_write_once_authorization" time="0.007" /><testcase classname="tests.mid360_formal_batch1.test_formal_trial_result_schema" name="test_json_schema_is_strict_non_authorizing_and_matches_python_fields" time="0.000" /><testcase classname="tests.mid360_formal_batch1.test_formal_trial_result_schema" name="test_valid_locked_fixture_row_passes_validation_but_is_not_publishable" time="0.000" /><testcase classname="tests.mid360_formal_batch1.test_formal_trial_result_schema" name="test_fixture_displacement_components_are_bound_to_t0_and_estimate" time="0.000" /><testcase classname="tests.mid360_formal_batch1.test_formal_trial_result_schema" name="test_every_required_field_is_enforced[schema]" time="0.000" /><testcase classname="tests.mid360_formal_batch1.test_formal_trial_result_schema" name="test_every_required_field_is_enforced[trial_id]" time="0.000" /><testcase classname="tests.mid360_formal_batch1.test_formal_trial_result_schema" name="test_every_required_field_is_enforced[batch_id]" time="0.000" /><testcase classname="tests.mid360_formal_batch1.test_formal_trial_result_schema" name="test_every_required_field_is_enforced[track]" time="0.000" /><testcase classname="tests.mid360_formal_batch1.test_formal_trial_result_schema" name="test_every_required_field_is_enforced[track_classification]" time="0.000" /><testcase classname="tests.mid360_formal_batch1.test_formal_trial_result_schema" name="test_every_required_field_is_enforced[execution_kind]" time="0.000" /><testcase classname="tests.mid360_formal_batch1.test_formal_trial_result_schema" name="test_every_required_field_is_enforced[fixture_only]" time="0.000" /><testcase classname="tests.mid360_formal_batch1.test_formal_trial_result_schema" name="test_every_required_field_is_enforced[publish_eligible]" time="0.000" /><testcase classname="tests.mid360_formal_batch1.test_formal_trial_result_schema" name="test_every_required_field_is_enforced[formal_authority]" time="0.000" /><testcase classname="tests.mid360_formal_batch1.test_formal_trial_result_schema" name="test_every_required_field_is_enforced[formal_lock_sha256]" time="0.000" /><testcase classname="tests.mid360_formal_batch1.test_formal_trial_result_schema" name="test_every_required_field_is_enforced[scene_id]" time="0.000" /><testcase classname="tests.mid360_formal_batch1.test_formal_trial_result_schema" name="test_every_required_field_is_enforced[station_id]" time="0.000" /><testcase classname="tests.mid360_formal_batch1.test_formal_trial_result_schema" name="test_every_required_field_is_enforced[snapshot_id]" time="0.000" /><testcase classname="tests.mid360_formal_batch1.test_formal_trial_result_schema" name="test_every_required_field_is_enforced[backend]" time="0.000" /><testcase classname="tests.mid360_formal_batch1.test_formal_trial_result_schema" name="test_every_required_field_is_enforced[backend_version]" time="0.000" /><testcase classname="tests.mid360_formal_batch1.test_formal_trial_result_schema" name="test_every_required_field_is_enforced[backend_parameter_contract_sha256]" time="0.000" /><testcase classname="tests.mid360_formal_batch1.test_formal_trial_result_schema" name="test_every_required_field_is_enforced[source_sha256]" time="0.000" /><testcase classname="tests.mid360_formal_batch1.test_formal_trial_result_schema" name="test_every_required_field_is_enforced[target_sha256]" time="0.000" /><testcase classname="tests.mid360_formal_batch1.test_formal_trial_result_schema" name="test_every_required_field_is_enforced[source_point_count]" time="0.000" /><testcase classname="tests.mid360_formal_batch1.test_formal_trial_result_schema" name="test_every_required_field_is_enforced[target_point_count]" time="0.000" /><testcase classname="tests.mid360_formal_batch1.test_formal_trial_result_schema" name="test_every_required_field_is_enforced[T0]" time="0.000" /><testcase classname="tests.mid360_formal_batch1.test_formal_trial_result_schema" name="test_every_required_field_is_enforced[T_est]" time="0.000" /><testcase classname="tests.mid360_formal_batch1.test_formal_trial_result_schema" name="test_every_required_field_is_enforced[trial_status]" time="0.000" /><testcase classname="tests.mid360_formal_batch1.test_formal_trial_result_schema" name="test_every_required_field_is_enforced[solver_status]" time="0.000" /><testcase classname="tests.mid360_formal_batch1.test_formal_trial_result_schema" name="test_every_required_field_is_enforced[solver_success]" time="0.000" /><testcase classname="tests.mid360_formal_batch1.test_formal_trial_result_schema" name="test_every_required_field_is_enforced[finite_transform]" time="0.000" /><testcase classname="tests.mid360_formal_batch1.test_formal_trial_result_schema" name="test_every_required_field_is_enforced[finite_result]" time="0.000" /><testcase classname="tests.mid360_formal_batch1.test_formal_trial_result_schema" name="test_every_required_field_is_enforced[pose_recovered]" time="0.000" /><testcase classname="tests.mid360_formal_batch1.test_formal_trial_result_schema" name="test_every_required_field_is_enforced[translation_vector_m]" time="0.000" /><testcase classname="tests.mid360_formal_batch1.test_formal_trial_result_schema" name="test_every_required_field_is_enforced[translation_norm_m]" time="0.000" /><testcase classname="tests.mid360_formal_batch1.test_formal_trial_result_schema" name="test_every_required_field_is_enforced[rotation_vector_deg]" time="0.000" /><testcase classname="tests.mid360_formal_batch1.test_formal_trial_result_schema" name="test_every_required_field_is_enforced[rotation_angle_deg]" time="0.000" /><testcase classname="tests.mid360_formal_batch1.test_formal_trial_result_schema" name="test_every_required_field_is_enforced[initial_correspondence_count]" time="0.000" /><testcase classname="tests.mid360_formal_batch1.test_formal_trial_result_schema" name="test_every_required_field_is_enforced[initial_correspondence_fraction]" time="0.000" /><testcase classname="tests.mid360_formal_batch1.test_formal_trial_result_schema" name="test_every_required_field_is_enforced[LOW_INITIAL_OVERLAP]" time="0.000" /><testcase classname="tests.mid360_formal_batch1.test_formal_trial_result_schema" name="test_every_required_field_is_enforced[final_correspondence_count]" time="0.000" /><testcase classname="tests.mid360_formal_batch1.test_formal_trial_result_schema" name="test_every_required_field_is_enforced[correspondence_turnover]" time="0.000" /><testcase classname="tests.mid360_formal_batch1.test_formal_trial_result_schema" name="test_every_required_field_is_enforced[fitness]" time="0.000" /><testcase classname="tests.mid360_formal_batch1.test_formal_trial_result_schema" name="test_every_required_field_is_enforced[final_residual_rmse]" time="0.000" /><testcase classname="tests.mid360_formal_batch1.test_formal_trial_result_schema" name="test_every_required_field_is_enforced[final_translation_error_m]" time="0.000" /><testcase classname="tests.mid360_formal_batch1.test_formal_trial_result_schema" name="test_every_required_field_is_enforced[final_rotation_error_deg]" time="0.000" /><testcase classname="tests.mid360_formal_batch1.test_formal_trial_result_schema" name="test_every_required_field_is_enforced[iteration_count]" time="0.000" /><testcase classname="tests.mid360_formal_batch1.test_formal_trial_result_schema" name="test_every_required_field_is_enforced[runtime_ms]" time="0.000" /><testcase classname="tests.mid360_formal_batch1.test_formal_trial_result_schema" name="test_every_required_field_is_enforced[failure_reason]" time="0.000" /><testcase classname="tests.mid360_formal_batch1.test_formal_trial_result_schema" name="test_every_required_field_is_enforced[created_at_utc]" time="0.000" /><testcase classname="tests.mid360_formal_batch1.test_formal_trial_result_schema" name="test_every_required_field_is_enforced[MEASUREMENT_FINAL_RESULT]" time="0.000" /><testcase classname="tests.mid360_formal_batch1.test_formal_trial_result_schema" name="test_nonfinite_scalar_is_rejected[runtime_ms-nan]" time="0.000" /><testcase classname="tests.mid360_formal_batch1.test_formal_trial_result_schema" name="test_nonfinite_scalar_is_rejected[runtime_ms-inf]" time="0.000" /><testcase classname="tests.mid360_formal_batch1.test_formal_trial_result_schema" name="test_nonfinite_scalar_is_rejected[initial_correspondence_fraction--inf]" time="0.000" /><testcase classname="tests.mid360_formal_batch1.test_formal_trial_result_schema" name="test_nonfinite_scalar_is_rejected[fitness-nan]" time="0.000" /><testcase classname="tests.mid360_formal_batch1.test_formal_trial_result_schema" name="test_nonfinite_scalar_is_rejected[final_residual_rmse-inf]" time="0.000" /><testcase classname="tests.mid360_formal_batch1.test_formal_trial_result_schema" name="test_nonfinite_scalar_is_rejected[final_translation_error_m-nan]" time="0.000" /><testcase classname="tests.mid360_formal_batch1.test_formal_trial_result_schema" name="test_nonfinite_scalar_is_rejected[final_rotation_error_deg-inf]" time="0.000" /><testcase classname="tests.mid360_formal_batch1.test_formal_trial_result_schema" name="test_nonfinite_scalar_is_rejected[correspondence_turnover-nan]" time="0.000" /><testcase classname="tests.mid360_formal_batch1.test_formal_trial_result_schema" name="test_nonfinite_scalar_is_rejected[translation_norm_m-inf]" time="0.001" /><testcase classname="tests.mid360_formal_batch1.test_formal_trial_result_schema" name="test_nonfinite_scalar_is_rejected[rotation_angle_deg-nan]" time="0.000" /><testcase classname="tests.mid360_formal_batch1.test_formal_trial_result_schema" name="test_nonfinite_matrix_is_rejected[T0]" time="0.000" /><testcase classname="tests.mid360_formal_batch1.test_formal_trial_result_schema" name="test_nonfinite_matrix_is_rejected[T_est]" time="0.000" /><testcase classname="tests.mid360_formal_batch1.test_formal_trial_result_schema" name="test_nonfinite_translation_vector_is_rejected" time="0.000" /><testcase classname="tests.mid360_formal_batch1.test_formal_trial_result_schema" name="test_nonfinite_rotation_vector_is_rejected" time="0.000" /><testcase classname="tests.mid360_formal_batch1.test_formal_trial_result_schema" name="test_backend_outside_frozen_pair_is_rejected" time="0.000" /><testcase classname="tests.mid360_formal_batch1.test_formal_trial_result_schema" name="test_trial_id_outside_lock_is_rejected" time="0.000" /><testcase classname="tests.mid360_formal_batch1.test_formal_trial_result_schema" name="test_track_must_match_exact_locked_trial" time="0.000" /><testcase classname="tests.mid360_formal_batch1.test_formal_trial_result_schema" name="test_fixture_track_classification_cannot_claim_a_formal_track" time="0.000" /><testcase classname="tests.mid360_formal_batch1.test_formal_trial_result_schema" name="test_zero_track_requires_identity_t0" time="0.000" /><testcase classname="tests.mid360_formal_batch1.test_formal_trial_result_schema" name="test_capture_basin_t0_must_still_match_lock" time="0.000" /><testcase classname="tests.mid360_formal_batch1.test_formal_trial_result_schema" name="test_formal_row_cannot_use_unauthorized_lock_context" time="0.000" /><testcase classname="tests.mid360_formal_batch1.test_formal_trial_result_schema" name="test_fixture_validates_only_with_non_authoritative_flags" time="0.000" /><testcase classname="tests.mid360_formal_batch1.test_formal_trial_result_schema" name="test_fixture_cannot_be_published" time="0.000" /><testcase classname="tests.mid360_formal_batch1.test_formal_trial_result_schema" name="test_fixture_cannot_claim_publish_eligibility" time="0.000" /><testcase classname="tests.mid360_formal_batch1.test_formal_trial_result_schema" name="test_fixture_requires_explicit_not_real_lock_metadata" time="0.000" /><testcase classname="tests.mid360_formal_batch1.test_formal_trial_result_schema" name="test_reported_displacement_must_match_t0_and_estimate[translation_vector_m-value0]" time="0.000" /><testcase classname="tests.mid360_formal_batch1.test_formal_trial_result_schema" name="test_reported_displacement_must_match_t0_and_estimate[translation_norm_m-0.001]" time="0.000" /><testcase classname="tests.mid360_formal_batch1.test_formal_trial_result_schema" name="test_reported_displacement_must_match_t0_and_estimate[rotation_vector_deg-value2]" time="0.000" /><testcase classname="tests.mid360_formal_batch1.test_formal_trial_result_schema" name="test_reported_displacement_must_match_t0_and_estimate[rotation_angle_deg-0.1]" time="0.000" /><testcase classname="tests.mid360_formal_batch1.test_formal_trial_result_schema" name="test_solver_status_and_finite_result_are_independent_explicit_gates" time="0.000" /><testcase classname="tests.mid360_formal_batch1.test_formal_trial_result_schema" name="test_backend_failure_is_retained_with_null_result_metrics" time="0.000" /><testcase classname="tests.mid360_formal_batch1.test_formal_trial_result_schema" name="test_json_loader_rejects_nonstandard_nan" time="0.001" /><testcase classname="tests.mid360_formal_batch1.test_formal_trial_result_schema" name="test_validator_source_has_no_backend_import" time="0.000" /><testcase classname="tests.mid360_formal_batch1.test_freeze_barrier" name="test_formal_icp_is_blocked_before_freeze" time="0.003" /><testcase classname="tests.mid360_formal_batch1.test_freeze_barrier" name="test_valid_lock_requires_three_rich_three_weak_and_allows_future_runner" time="0.006" /><testcase classname="tests.mid360_formal_batch1.test_freeze_barrier" name="test_freeze_rejects_not_exactly_three_rich_and_three_weak" time="0.004" /><testcase classname="tests.mid360_formal_batch1.test_freeze_barrier" name="test_freeze_rejects_missing_third_station" time="0.004" /><testcase classname="tests.mid360_formal_batch1.test_freeze_barrier" name="test_freeze_rejects_missing_pair_sha" time="0.004" /><testcase classname="tests.mid360_formal_batch1.test_freeze_barrier" name="test_freeze_rejects_snapshot_after_backend_invocation" time="0.004" /><testcase classname="tests.mid360_formal_batch1.test_freeze_barrier" name="test_preregistration_mutation_breaks_anchor_and_existing_lock" time="0.005" /><testcase classname="tests.mid360_formal_batch1.test_freeze_barrier" name="test_backend_contract_mismatch_fails_fast" time="0.003" /><testcase classname="tests.mid360_formal_batch1.test_freeze_barrier" name="test_real_pilot_directories_match_full_byte_anchors" time="0.005" /><testcase classname="tests.mid360_formal_batch1.test_freeze_barrier" name="test_pilot_directory_mutation_is_rejected" time="0.003" /><testcase classname="tests.mid360_formal_batch1.test_freeze_barrier" name="test_lock_and_fingerprint_are_never_overwritten" time="0.004" /><testcase classname="tests.mid360_formal_batch1.test_geometry_gate" name="test_rich_gate_exact_thresholds_are_inclusive" time="0.000" /><testcase classname="tests.mid360_formal_batch1.test_geometry_gate" name="test_weak_gate_exact_thresholds_are_inclusive" time="0.000" /><testcase classname="tests.mid360_formal_batch1.test_geometry_gate" name="test_intermediate_is_not_force_classified[metrics0]" time="0.000" /><testcase classname="tests.mid360_formal_batch1.test_geometry_gate" name="test_intermediate_is_not_force_classified[metrics1]" time="0.000" /><testcase classname="tests.mid360_formal_batch1.test_geometry_gate" name="test_intermediate_is_not_force_classified[metrics2]" time="0.000" /><testcase classname="tests.mid360_formal_batch1.test_geometry_gate" name="test_intermediate_is_not_force_classified[metrics3]" time="0.000" /><testcase classname="tests.mid360_formal_batch1.test_geometry_gate" name="test_intermediate_is_not_force_classified[metrics4]" time="0.000" /><testcase classname="tests.mid360_formal_batch1.test_geometry_gate" name="test_intermediate_is_not_force_classified[metrics5]" time="0.000" /><testcase classname="tests.mid360_formal_batch1.test_geometry_gate" name="test_intermediate_is_not_force_classified[metrics6]" time="0.000" /><testcase classname="tests.mid360_formal_batch1.test_geometry_gate" name="test_geometry_gate_uses_all_three_conditions_not_or_logic" time="0.000" /><testcase classname="tests.mid360_formal_batch1.test_geometry_gate" name="test_replacement_is_blind_to_icp_and_limited_to_preregistered_reasons" time="0.000" /><testcase classname="tests.mid360_formal_batch1.test_geometry_gate" name="test_query_selection_directly_reuses_fixed_quantile_implementation" time="0.000" /><testcase classname="tests.mid360_formal_batch1.test_geometry_gate" name="test_snapshot_freeze_refuses_preexisting_backend_output" time="0.001" /><testcase classname="tests.mid360_formal_batch1.test_geometry_gate" name="test_geometry_gate_values_are_not_pilot_heuristic_values" time="0.000" /><testcase classname="tests.mid360_formal_batch1.test_prebackend_fixture_execution" name="test_plan_is_exact_360_fixture_only_and_never_unlocks" time="0.001" /><testcase classname="tests.mid360_formal_batch1.test_prebackend_fixture_execution" name="test_fresh_completed_resume_and_workers_are_content_invariant" time="0.514" /><testcase classname="tests.mid360_formal_batch1.test_prebackend_fixture_execution" name="test_interrupted_after_index_resumes_without_repeating_results" time="0.241" /><testcase classname="tests.mid360_formal_batch1.test_prebackend_fixture_execution" name="test_resume_rejects_canonical_but_unindexed_orphan" time="0.008" /><testcase classname="tests.mid360_formal_batch1.test_prebackend_fixture_execution" name="test_resume_rejects_partial_or_tampered_fixture_state[partial]" time="0.005" /><testcase classname="tests.mid360_formal_batch1.test_prebackend_fixture_execution" name="test_resume_rejects_partial_or_tampered_fixture_state[checksum]" time="0.007" /><testcase classname="tests.mid360_formal_batch1.test_prebackend_fixture_execution" name="test_resume_rejects_partial_or_tampered_fixture_state[manifest]" time="0.007" /><testcase classname="tests.mid360_formal_batch1.test_prebackend_fixture_execution" name="test_resume_rejects_partial_or_tampered_fixture_state[duplicate]" time="0.007" /><testcase classname="tests.mid360_formal_batch1.test_prebackend_fixture_execution" name="test_resume_rejects_partial_or_tampered_fixture_state[missing]" time="0.007" /><testcase classname="tests.mid360_formal_batch1.test_prebackend_fixture_execution" name="test_qualification_tool_emits_all_fixture_only_report_shapes" time="0.796" /><testcase classname="tests.mid360_formal_batch1.test_prebackend_verify" name="test_logically_valid_qualification_payloads_pass" time="0.000" /><testcase classname="tests.mid360_formal_batch1.test_prebackend_verify" name="test_each_required_prebackend_tamper_fails[w02_relabelled_weak-&lt;lambda&gt;]" time="0.000" /><testcase classname="tests.mid360_formal_batch1.test_prebackend_verify" name="test_each_required_prebackend_tamper_fails[w02_rejection_deleted-&lt;lambda&gt;]" time="0.000" /><testcase classname="tests.mid360_formal_batch1.test_prebackend_verify" name="test_each_required_prebackend_tamper_fails[w02_data_renamed_w04-&lt;lambda&gt;]" time="0.000" /><testcase classname="tests.mid360_formal_batch1.test_prebackend_verify" name="test_each_required_prebackend_tamper_fails[weak_count_forged_three-&lt;lambda&gt;]" time="0.000" /><testcase classname="tests.mid360_formal_batch1.test_prebackend_verify" name="test_each_required_prebackend_tamper_fails[lock_issued_without_w04-&lt;lambda&gt;]" time="0.000" /><testcase classname="tests.mid360_formal_batch1.test_prebackend_verify" name="test_each_required_prebackend_tamper_fails[authorization_true-&lt;lambda&gt;]" time="0.000" /><testcase classname="tests.mid360_formal_batch1.test_prebackend_verify" name="test_each_required_prebackend_tamper_fails[real_backend_result_added-&lt;lambda&gt;]" time="0.000" /><testcase classname="tests.mid360_formal_batch1.test_prebackend_verify" name="test_each_required_prebackend_tamper_fails[open3d_called-&lt;lambda&gt;]" time="0.000" /><testcase classname="tests.mid360_formal_batch1.test_prebackend_verify" name="test_each_required_prebackend_tamper_fails[pcl_cli_called-&lt;lambda&gt;]" time="0.000" /><testcase classname="tests.mid360_formal_batch1.test_prebackend_verify" name="test_each_required_prebackend_tamper_fails[backend_contract_sha_changed-&lt;lambda&gt;]" time="0.000" /><testcase classname="tests.mid360_formal_batch1.test_prebackend_verify" name="test_each_required_prebackend_tamper_fails[admitted_snapshot_changed-&lt;lambda&gt;]" time="0.000" /><testcase classname="tests.mid360_formal_batch1.test_prebackend_verify" name="test_each_required_prebackend_tamper_fails[fixture_row_marked_formal-&lt;lambda&gt;]" time="0.000" /><testcase classname="tests.mid360_formal_batch1.test_prebackend_verify" name="test_each_required_prebackend_tamper_fails[capture_radius_masquerades_as_zero-&lt;lambda&gt;]" time="0.000" /><testcase classname="tests.mid360_formal_batch1.test_prebackend_verify" name="test_each_required_prebackend_tamper_fails[zero_track_nonidentity_t0-&lt;lambda&gt;]" time="0.000" /><testcase classname="tests.mid360_formal_batch1.test_prebackend_verify" name="test_each_required_prebackend_tamper_fails[resume_duplicate_accepted-&lt;lambda&gt;]" time="0.000" /><testcase classname="tests.mid360_formal_batch1.test_prebackend_verify" name="test_each_required_prebackend_tamper_fails[orphan_autoaccepted-&lt;lambda&gt;]" time="0.000" /><testcase classname="tests.mid360_formal_batch1.test_prebackend_verify" name="test_each_required_prebackend_tamper_fails[amendment_activated-&lt;lambda&gt;]" time="0.000" /><testcase classname="tests.mid360_formal_batch1.test_prebackend_verify" name="test_each_required_prebackend_tamper_fails[five_scenes_called_complete-&lt;lambda&gt;]" time="0.000" /><testcase classname="tests.mid360_formal_batch1.test_preregistration" name="test_scene_id_schema_and_initial_candidates" time="0.000" /><testcase classname="tests.mid360_formal_batch1.test_preregistration" name="test_station_id_schema_is_exactly_three" time="0.000" /><testcase classname="tests.mid360_formal_batch1.test_preregistration" name="test_bag_naming_is_deterministic_and_parseable" time="0.000" /><testcase classname="tests.mid360_formal_batch1.test_preregistration" name="test_preregistration_freezes_batch_size_and_independence" time="0.000" /><testcase classname="tests.mid360_formal_batch1.test_preregistration" name="test_preregistration_freezes_acquisition_timing" time="0.000" /><testcase classname="tests.mid360_formal_batch1.test_preregistration" name="test_scene_and_station_registries_have_exact_preacquisition_rows" time="0.000" /><testcase classname="tests.mid360_formal_batch1.test_preregistration" name="test_future_schedule_recovery_and_sign_are_frozen" time="0.000" /><testcase classname="tests.mid360_formal_batch1.test_preregistration" name="test_batch_is_variance_estimation_not_final_measurement" time="0.000" /><testcase classname="tests.mid360_formal_batch1.test_preregistration" name="test_preacquisition_manifest_hashes_every_protocol_and_tool" time="0.000" /><testcase classname="tests.mid360_formal_batch1.test_preregistration_acquisition" name="test_expected_names_bind_strict_mapping_and_roles" time="0.001" /><testcase classname="tests.mid360_formal_batch1.test_preregistration_acquisition" name="test_part_role_tamper_fails_closed" time="0.000" /><testcase classname="tests.mid360_formal_batch1.test_preregistration_acquisition" name="test_file_count_tamper_fails_closed" time="0.000" /><testcase classname="tests.mid360_formal_batch1.test_preregistration_acquisition" name="test_capture_prefix_tamper_is_user_mapping_conflict" time="0.000" /><testcase classname="tests.mid360_formal_batch1.test_preregistration_deep_verify_geometry" name="test_recomputes_18_targets_and_180_rows_and_accepts_consistent_w02_reject" time="10.298" /><testcase classname="tests.mid360_formal_batch1.test_preregistration_deep_verify_geometry" name="test_metric_tamper_beyond_one_e_minus_twelve_fails" time="0.125" /><testcase classname="tests.mid360_formal_batch1.test_preregistration_deep_verify_geometry" name="test_sub_tolerance_rounding_is_accepted" time="11.033" /><testcase classname="tests.mid360_formal_batch1.test_preregistration_deep_verify_geometry" name="test_forbidden_result_field_fails_before_geometry_kernel" time="0.020" /><testcase classname="tests.mid360_formal_batch1.test_preregistration_deep_verify_geometry" name="test_scene_admission_tamper_fails_but_consistent_rejection_does_not" time="11.639" /><testcase classname="tests.mid360_formal_batch1.test_preregistration_deep_verify_geometry" name="test_source_file_sha_tamper_fails" time="0.146" /><testcase classname="tests.mid360_formal_batch1.test_preregistration_deep_verify_geometry" name="test_geometry_kernel_extra_result_field_is_rejected" time="0.135" /><testcase classname="tests.mid360_formal_batch1.test_preregistration_deep_verify_ros" name="test_independent_acquisition_rerun_tamper_fails_before_ros_assets" time="0.000" /><testcase classname="tests.mid360_formal_batch1.test_preregistration_deep_verify_ros" name="test_array_sha_is_canonical_and_array_equality_is_exact" time="0.001" /><testcase classname="tests.mid360_formal_batch1.test_preregistration_firewall" name="test_real_fmb1_preparation_scope_passes_static_firewall" time="1.215" /><testcase classname="tests.mid360_formal_batch1.test_preregistration_firewall" name="test_protocol_text_is_ignored_but_authorization_import_is_rejected" time="0.004" /><testcase classname="tests.mid360_formal_batch1.test_preregistration_firewall" name="test_protocol_explanatory_text_is_allowed_but_backend_import_is_not" time="0.001" /><testcase classname="tests.mid360_formal_batch1.test_preregistration_firewall" name="test_static_firewall_rejects_backend_and_result_tamper[import open3d\n-FORBIDDEN_IMPORT]" time="0.001" /><testcase classname="tests.mid360_formal_batch1.test_preregistration_firewall" name="test_static_firewall_rejects_backend_and_result_tamper[from phase_a_harness.pcl_backend import run_pcl_point_to_plane\n-FORBIDDEN_IMPORT]" time="0.002" /><testcase classname="tests.mid360_formal_batch1.test_preregistration_firewall" name="test_static_firewall_rejects_backend_and_result_tamper[def run(x):\n    return x.registration_icp()\n-FORBIDDEN_CALL]" time="0.001" /><testcase classname="tests.mid360_formal_batch1.test_preregistration_firewall" name="test_static_firewall_rejects_backend_and_result_tamper[RESULT = {'T_est': None}\n-FORBIDDEN_RESULT_FIELD]" time="0.002" /><testcase classname="tests.mid360_formal_batch1.test_preregistration_firewall" name="test_static_firewall_rejects_backend_and_result_tamper[import subprocess\nsubprocess.run(['pcl_point_to_plane_cli'])\n-FORBIDDEN_PROCESS_LITERAL]" time="0.001" /><testcase classname="tests.mid360_formal_batch1.test_preregistration_firewall" name="test_static_firewall_rejects_backend_and_result_tamper[def run(x):\n    return getattr(x, 'fitness')\n-DYNAMIC_FORBIDDEN_SYMBOL]" time="0.002" /><testcase classname="tests.mid360_formal_batch1.test_preregistration_firewall" name="test_guard_requires_explicit_environment_flag" time="0.001" /><testcase classname="tests.mid360_formal_batch1.test_preregistration_firewall" name="test_guard_allows_read_only_nonregistration_process_and_restores_hooks" time="0.159" /><testcase classname="tests.mid360_formal_batch1.test_preregistration_firewall" name="test_guard_blocks_every_required_process_entrypoint[&lt;lambda&gt;0]" time="0.099" /><testcase classname="tests.mid360_formal_batch1.test_preregistration_firewall" name="test_guard_blocks_every_required_process_entrypoint[&lt;lambda&gt;1]" time="0.103" /><testcase classname="tests.mid360_formal_batch1.test_preregistration_firewall" name="test_guard_blocks_every_required_process_entrypoint[&lt;lambda&gt;2]" time="0.100" /><testcase classname="tests.mid360_formal_batch1.test_preregistration_firewall" name="test_guard_blocks_every_required_process_entrypoint[&lt;lambda&gt;3]" time="0.099" /><testcase classname="tests.mid360_formal_batch1.test_preregistration_firewall" name="test_guard_blocks_every_required_process_entrypoint[&lt;lambda&gt;4]" time="0.103" /><testcase classname="tests.mid360_formal_batch1.test_preregistration_firewall" name="test_guard_blocks_loaded_open3d_registration_without_importing_it" time="0.098" /><testcase classname="tests.mid360_formal_batch1.test_preregistration_firewall" name="test_exited_guard_report_is_json_safe_and_has_four_zero_counts" time="0.001" /><testcase classname="tests.mid360_formal_batch1.test_preregistration_firewall" name="test_proc_snapshot_detects_only_obvious_registration_processes" time="0.001" /><testcase classname="tests.mid360_formal_batch1.test_preregistration_firewall" name="test_clean_attestation_has_four_required_zero_counts_and_no_authorization" time="0.002" /><testcase classname="tests.mid360_formal_batch1.test_preregistration_firewall" name="test_attestation_fails_on_blocked_attempt_or_backend_contract_tamper" time="0.002" /><testcase classname="tests.mid360_formal_batch1.test_preregistration_firewall" name="test_attestation_fails_when_proc_snapshot_already_contains_registration" time="0.002" /><testcase classname="tests.mid360_formal_batch1.test_preregistration_firewall" name="test_attestation_requires_an_activated_guard" time="0.001" /><testcase classname="tests.mid360_formal_batch1.test_preregistration_firewall" name="test_attestation_aggregates_multiple_exited_stage_reports" time="0.001" /><testcase classname="tests.mid360_formal_batch1.test_preregistration_firewall" name="test_attestation_rejects_fabricated_stage_report" time="0.001" /><testcase classname="tests.mid360_formal_batch1.test_preregistration_verify" name="test_valid_complete_manifest_passes_without_opening_data_files" time="0.019" /><testcase classname="tests.mid360_formal_batch1.test_preregistration_verify" name="test_complete_frozen_manifest_aliases_and_flat_station_rows_are_supported" time="0.019" /><testcase classname="tests.mid360_formal_batch1.test_preregistration_verify" name="test_structural_tampering_fails_closed[scene-mapping]" time="0.009" /><testcase classname="tests.mid360_formal_batch1.test_preregistration_verify" name="test_structural_tampering_fails_closed[map-query-role-swap]" time="0.008" /><testcase classname="tests.mid360_formal_batch1.test_preregistration_verify" name="test_structural_tampering_fails_closed[bag-sha]" time="0.009" /><testcase classname="tests.mid360_formal_batch1.test_preregistration_verify" name="test_structural_tampering_fails_closed[gap]" time="0.008" /><testcase classname="tests.mid360_formal_batch1.test_preregistration_verify" name="test_structural_tampering_fails_closed[invalid-station-pass]" time="0.008" /><testcase classname="tests.mid360_formal_batch1.test_preregistration_verify" name="test_structural_tampering_fails_closed[query-timestamp]" time="0.011" /><testcase classname="tests.mid360_formal_batch1.test_preregistration_verify" name="test_structural_tampering_fails_closed[snapshot-quantile]" time="0.011" /><testcase classname="tests.mid360_formal_batch1.test_preregistration_verify" name="test_structural_tampering_fails_closed[geometry-label]" time="0.012" /><testcase classname="tests.mid360_formal_batch1.test_preregistration_verify" name="test_structural_tampering_fails_closed[snapshot-deletion]" time="0.010" /><testcase classname="tests.mid360_formal_batch1.test_preregistration_verify" name="test_structural_tampering_fails_closed[three-stations-to-two]" time="0.009" /><testcase classname="tests.mid360_formal_batch1.test_preregistration_verify" name="test_structural_tampering_fails_closed[target-sha]" time="0.010" /><testcase classname="tests.mid360_formal_batch1.test_preregistration_verify" name="test_structural_tampering_fails_closed[query-in-target]" time="0.010" /><testcase classname="tests.mid360_formal_batch1.test_preregistration_verify" name="test_structural_tampering_fails_closed[registration-result]" time="0.005" /><testcase classname="tests.mid360_formal_batch1.test_preregistration_verify" name="test_structural_tampering_fails_closed[backend-parameter-contract]" time="0.008" /><testcase classname="tests.mid360_formal_batch1.test_preregistration_verify" name="test_verify_files_rehashes_raw_target_and_source[raw-raw bag.*SHA256 mismatch]" time="0.037" /><testcase classname="tests.mid360_formal_batch1.test_preregistration_verify" name="test_verify_files_rehashes_raw_target_and_source[target-target.*SHA256 mismatch]" time="0.039" /><testcase classname="tests.mid360_formal_batch1.test_preregistration_verify" name="test_verify_files_rehashes_raw_target_and_source[source-snapshot source.*SHA256 mismatch]" time="0.041" /><testcase classname="tests.mid360_formal_batch1.test_preregistration_verify" name="test_manifest_sha_is_checked_when_declared" time="0.051" /><testcase classname="tests.mid360_formal_batch1.test_preregistration_verify" name="test_independent_cli_report_records_geometry_failure_instead_of_crashing" time="0.035" /><testcase classname="tests.mid360_formal_batch1.test_registration_firewall" name="test_legacy_prebackend_scanner_rejects_the_issued_r1_lock" time="0.489" /><testcase classname="tests.mid360_formal_batch1.test_registration_firewall" name="test_legacy_tonight_attestation_refuses_after_r1_lock_issuance" time="0.482" /><testcase classname="tests.mid360_formal_batch1.test_registration_firewall" name="test_cli_without_no_backend_ack_fails_before_writing" time="0.001" /><testcase classname="tests.mid360_formal_batch1.test_registration_firewall" name="test_fake_real_result_is_not_accepted" time="0.109" /><testcase classname="tests.mid360_formal_batch1.test_registration_firewall" name="test_real_artifact_in_qualification_runtime_blocks_preflight" time="0.409" /><testcase classname="tests.mid360_formal_batch1.test_registration_firewall" name="test_loaded_open3d_call_is_blocked_before_original" time="0.001" /><testcase classname="tests.mid360_formal_batch1.test_registration_firewall" name="test_pcl_cli_is_blocked_before_subprocess" time="0.001" /><testcase classname="tests.mid360_formal_batch1.test_registration_firewall" name="test_schema_and_explicit_fixture_are_excluded_but_fake_result_is_caught" time="0.001" /><testcase classname="tests.mid360_formal_batch1.test_registration_firewall" name="test_authorization_environment_and_real_lock_are_hard_failures" time="0.001" /><testcase classname="tests.mid360_formal_batch1.test_registration_firewall" name="test_registration_result_used_false_is_exact_negative_evidence" time="0.001" /><testcase classname="tests.mid360_formal_batch1.test_registration_firewall" name="test_negative_evidence_does_not_hide_other_result_fields" time="0.001" /><testcase classname="tests.mid360_formal_batch1.test_registration_firewall" name="test_primary_no_registration_environment_is_mandatory" time="0.000" /><testcase classname="tests.mid360_formal_batch1.test_registration_firewall" name="test_static_scan_rejects_backend_import" time="0.076" /><testcase classname="tests.mid360_formal_batch1.test_registration_firewall" name="test_fixture_root_is_explicitly_nonreal" time="0.001" /><testcase classname="tests.mid360_formal_batch1.test_w02_attempt2_correction" name="test_attempt_relabel_preserves_paths_and_changes_exact_identifiers" time="0.000" /><testcase classname="tests.mid360_formal_batch1.test_w02_attempt2_correction" name="test_attempt1_archive_moves_but_retains_all_six" time="0.001" /><testcase classname="tests.mid360_formal_batch1.test_w02_attempt2_correction" name="test_attempt1_archive_fails_on_hash_change" time="0.001" /><testcase classname="tests.mid360_formal_batch1.test_w02_attempt2_correction" name="test_corrected_manifest_tampering_fails[path0-True]" time="0.002" /><testcase classname="tests.mid360_formal_batch1.test_w02_attempt2_correction" name="test_corrected_manifest_tampering_fails[path1-True]" time="0.004" /><testcase classname="tests.mid360_formal_batch1.test_w02_attempt2_correction" name="test_corrected_manifest_tampering_fails[path2-False]" time="0.003" /><testcase classname="tests.mid360_formal_batch1.test_w02_attempt2_correction" name="test_corrected_manifest_tampering_fails[path3-1]" time="0.002" /><testcase classname="tests.mid360_formal_batch1.test_w02_attempt2_correction" name="test_corrected_manifest_tampering_fails[path4-0.07]" time="0.003" /><testcase classname="tests.mid360_formal_batch1.test_w02_attempt2_correction" name="test_corrected_manifest_tampering_fails[path5-1]" time="0.003" /><testcase classname="tests.mid360_formal_batch1.test_w02_attempt2_correction" name="test_corrected_manifest_tampering_fails[path6-2]" time="0.002" /><testcase classname="tests.mid360_formal_batch1.test_w02_attempt2_correction" name="test_corrected_fixture_passes" time="0.008" /><testcase classname="tests.mid360_formal_batch1.test_w04_final_dataset" name="test_builds_exact_final_and_historical_counts" time="0.021" /><testcase classname="tests.mid360_formal_batch1.test_w04_final_dataset" name="test_w02_lineage_is_retained_and_closed" time="0.015" /><testcase classname="tests.mid360_formal_batch1.test_w04_final_dataset" name="test_w04_nonweak_geometry_fails_closed" time="0.008" /><testcase classname="tests.mid360_formal_batch1.test_w04_final_dataset" name="test_builder_tamper_cases_fail_closed[&lt;lambda&gt;-W04 snapshot keys differ]" time="0.007" /><testcase classname="tests.mid360_formal_batch1.test_w04_final_dataset" name="test_builder_tamper_cases_fail_closed[&lt;lambda&gt;-QUERY contribution]" time="0.007" /><testcase classname="tests.mid360_formal_batch1.test_w04_final_dataset" name="test_builder_tamper_cases_fail_closed[&lt;lambda&gt;-formal_trial_count must be 0]" time="0.005" /><testcase classname="tests.mid360_formal_batch1.test_w04_final_dataset" name="test_builder_tamper_cases_fail_closed[&lt;lambda&gt;-replacement plan rejection_reason]" time="0.005" /><testcase classname="tests.mid360_formal_batch1.test_w04_final_dataset" name="test_payload_verifier_rejects_lock_or_w02_snapshot" time="0.028" /><testcase classname="tests.mid360_formal_batch1.test_w04_final_dataset" name="test_writer_emits_required_names_and_refreshes_independent_sha" time="0.039" /><testcase classname="tests.mid360_formal_batch1.test_w04_final_verify" name="test_valid_bundle_passes_with_actual_file_rehash" time="0.038" /><testcase classname="tests.mid360_formal_batch1.test_w04_final_verify" name="test_cli_writes_formal_independent_report" time="0.037" /><testcase classname="tests.mid360_formal_batch1.test_w04_final_verify" name="test_tampering_fails_closed[query_contribution]" time="0.025" /><testcase classname="tests.mid360_formal_batch1.test_w04_final_verify" name="test_tampering_fails_closed[query_input_role]" time="0.025" /><testcase classname="tests.mid360_formal_batch1.test_w04_final_verify" name="test_tampering_fails_closed[map_sha_binding]" time="0.025" /><testcase classname="tests.mid360_formal_batch1.test_w04_final_verify" name="test_tampering_fails_closed[missing_w04_snapshot]" time="0.034" /><testcase classname="tests.mid360_formal_batch1.test_w04_final_verify" name="test_tampering_fails_closed[duplicate_snapshot]" time="0.033" /><testcase classname="tests.mid360_formal_batch1.test_w04_final_verify" name="test_tampering_fails_closed[w02_snapshot]" time="0.034" /><testcase classname="tests.mid360_formal_batch1.test_w04_final_verify" name="test_tampering_fails_closed[geometry_t_est]" time="0.021" /><testcase classname="tests.mid360_formal_batch1.test_w04_final_verify" name="test_tampering_fails_closed[missing_geometry]" time="0.035" /><testcase classname="tests.mid360_formal_batch1.test_w04_final_verify" name="test_tampering_fails_closed[w04_rich_geometry]" time="0.036" /><testcase classname="tests.mid360_formal_batch1.test_w04_final_verify" name="test_tampering_fails_closed[w02_reason]" time="0.037" /><testcase classname="tests.mid360_formal_batch1.test_w04_final_verify" name="test_tampering_fails_closed[missing_w04_raw]" time="0.023" /><testcase classname="tests.mid360_formal_batch1.test_w04_final_verify" name="test_tampering_fails_closed[w04_mapping]" time="0.025" /><testcase classname="tests.mid360_formal_batch1.test_w04_final_verify" name="test_tampering_fails_closed[formal_lock]" time="0.037" /><testcase classname="tests.mid360_formal_batch1.test_w04_final_verify" name="test_tampering_fails_closed[formal_authority]" time="0.019" /><testcase classname="tests.mid360_formal_batch1.test_w04_final_verify" name="test_tampering_fails_closed[formal_trial]" time="0.019" /><testcase classname="tests.mid360_formal_batch1.test_w04_final_verify" name="test_tampering_fails_closed[lineage_after_icp]" time="0.023" /><testcase classname="tests.mid360_formal_batch1.test_w04_final_verify" name="test_tampering_fails_closed[readiness_count]" time="0.023" /><testcase classname="tests.mid360_formal_batch1.test_w04_final_verify" name="test_tampering_fails_closed[proposal_active]" time="0.040" /><testcase classname="tests.mid360_formal_batch1.test_w04_final_verify" name="test_tampering_fails_closed[source_bytes]" time="0.034" /><testcase classname="tests.mid360_formal_batch1.test_w04_final_verify" name="test_tampering_fails_closed[target_bytes]" time="0.029" /><testcase classname="tests.mid360_formal_batch1.test_w04_final_verify" name="test_tampering_fails_closed[raw_bytes]" time="0.025" /><testcase classname="tests.mid360_formal_batch1.test_w04_final_verify" name="test_bad_sha256sums_fails_closed" time="0.036" /><testcase classname="tests.mid360_formal_batch1.test_w04_final_verify" name="test_integral_float_csv_text_is_accepted_but_fraction_is_rejected" time="0.000" /><testcase classname="tests.mid360_formal_batch1.test_w04_replacement" name="test_exact_w04_mapping_is_frozen" time="0.000" /><testcase classname="tests.mid360_formal_batch1.test_w04_replacement" name="test_w04_inventory_count_and_pair_tampering_fails[missing]" time="0.000" /><testcase classname="tests.mid360_formal_batch1.test_w04_replacement" name="test_w04_inventory_count_and_pair_tampering_fails[duplicate]" time="0.000" /><testcase classname="tests.mid360_formal_batch1.test_w04_replacement" name="test_w04_inventory_count_and_pair_tampering_fails[extra]" time="0.000" /><testcase classname="tests.mid360_formal_batch1.test_w04_replacement" name="test_w04_mapping_prefix_tampering_fails_closed" time="0.000" /><testcase classname="tests.mid360_formal_batch1.test_w04_replacement" name="test_w04_canonical_names_are_manifest_only_identifiers" time="0.000" /><testcase classname="tests.mid360_formal_batch1.test_zero_perturbation_protocol_r1" name="test_active_transition_independent_verifier_passes_without_backend_authority" time="0.002" /><testcase classname="tests.mid360_formal_batch1.test_zero_perturbation_protocol_r1" name="test_historical_proposal_and_frozen_authorities_are_byte_preserved" time="0.000" /><testcase classname="tests.mid360_formal_batch1.test_zero_perturbation_protocol_r1" name="test_candidate_assets_have_no_backend_import" time="0.011" /><testcase classname="tests.mid360_formal_batch1.test_zero_perturbation_protocol_r1" name="test_candidate_bytes_are_archived_exactly_and_still_validate_as_candidate" time="0.000" /><testcase classname="tests.mid360_formal_batch1.test_zero_perturbation_protocol_r1" name="test_canonical_protocol_is_active_but_execution_flags_remain_false" time="0.000" /><testcase classname="tests.mid360_formal_batch1.test_zero_perturbation_protocol_r1" name="test_physical_limitation_and_capture_radius_preservation_are_in_both_markdown_files" time="0.000" /><testcase classname="tests.mid360_formal_batch1.test_zero_perturbation_protocol_r1" name="test_tamper_candidate_status_or_authority_is_rejected" time="0.001" /><testcase classname="tests.mid360_formal_batch1.test_zero_perturbation_protocol_r1" name="test_tamper_w02_lineage_or_w04_exclusion_is_rejected" time="0.001" /><testcase classname="tests.mid360_formal_batch1.test_zero_perturbation_protocol_r1" name="test_tamper_identity_plan_or_physical_reference_is_rejected" time="0.001" /><testcase classname="tests.mid360_formal_batch1.test_zero_perturbation_protocol_r1" name="test_tamper_scene_hierarchy_or_inference_is_rejected" time="0.001" /><testcase classname="tests.mid360_formal_batch1.test_zero_perturbation_protocol_r1" name="test_tamper_common_reassociation_or_systematic_rule_is_rejected" time="0.001" /><testcase classname="tests.mid360_formal_batch1.test_zero_perturbation_protocol_r1" name="test_tamper_model_transfer_or_capture_radius_preservation_is_rejected" time="0.001" /><testcase classname="tests.mid360_formal_batch1.test_zero_perturbation_protocol_r1" name="test_tamper_supersession_record_is_rejected" time="0.001" /><testcase classname="tests.mid360_formal_batch1.test_zero_perturbation_protocol_r1" name="test_active_transition_payload_graph_passes_independently" time="0.000" /><testcase classname="tests.mid360_formal_batch1.test_zero_perturbation_protocol_r1" name="test_tamper_candidate_before_hash_or_archive_inventory_is_rejected" time="0.000" /><testcase classname="tests.mid360_formal_batch1.test_zero_perturbation_protocol_r1" name="test_tamper_activation_record_or_active_pointer_binding_is_rejected" time="0.001" /><testcase classname="tests.mid360_formal_batch1.test_zero_perturbation_protocol_r1" name="test_tamper_prelock_zero_trial_or_execution_authority_is_rejected" time="0.001" /><testcase classname="tests.mid360_formal_batch1.test_zero_perturbation_protocol_r1" name="test_c1_missingness_payload_and_transition_graph_pass_independently" time="0.001" /><testcase classname="tests.mid360_formal_batch1.test_zero_perturbation_protocol_r1" name="test_tamper_c1_complete_coverage_gates_is_rejected[path0-9]" time="0.000" /><testcase classname="tests.mid360_formal_batch1.test_zero_perturbation_protocol_r1" name="test_tamper_c1_complete_coverage_gates_is_rejected[path1-29]" time="0.000" /><testcase classname="tests.mid360_formal_batch1.test_zero_perturbation_protocol_r1" name="test_tamper_c1_complete_coverage_gates_is_rejected[path2-5]" time="0.000" /><testcase classname="tests.mid360_formal_batch1.test_zero_perturbation_protocol_r1" name="test_tamper_c1_complete_coverage_gates_is_rejected[path3-5]" time="0.000" /><testcase classname="tests.mid360_formal_batch1.test_zero_perturbation_protocol_r1" name="test_tamper_c1_complete_coverage_gates_is_rejected[path4-17]" time="0.000" /><testcase classname="tests.mid360_formal_batch1.test_zero_perturbation_protocol_r1" name="test_tamper_c1_complete_coverage_gates_is_rejected[path5-9]" time="0.000" /><testcase classname="tests.mid360_formal_batch1.test_zero_perturbation_protocol_r1" name="test_tamper_c1_available_case_or_infrastructure_accounting_is_rejected" time="0.000" /><testcase classname="tests.mid360_formal_batch1.test_zero_perturbation_protocol_r1" name="test_tamper_c1_exact_infrastructure_success_literal_is_rejected" time="0.000" /><testcase classname="tests.mid360_formal_batch1.test_zero_perturbation_protocol_r1" name="test_tamper_c1_common_status_fields_or_reason_enum_is_rejected" time="0.000" /><testcase classname="tests.mid360_formal_batch1.test_zero_perturbation_protocol_r1" name="test_tamper_c1_timing_or_authority_is_rejected" time="0.000" /><testcase classname="tests.mid360_formal_batch1.test_zero_perturbation_protocol_r1" name="test_tamper_pre_c1_history_or_transition_before_hash_is_rejected" time="0.001" /><testcase classname="tests.mid360_formal_batch1.test_zero_perturbation_protocol_r1" name="test_tamper_c1_current_record_pointer_or_after_hash_is_rejected" time="0.001" /><testcase classname="tests.mid360_formal_batch1.test_zero_perturbation_r1_trial_assets" name="test_authoritative_assets_pass_independent_byte_verification" time="0.054" /><testcase classname="tests.mid360_formal_batch1.test_zero_perturbation_r1_trial_assets" name="test_plan_exact_inventory_and_w02_attempt2_only" time="0.011" /><testcase classname="tests.mid360_formal_batch1.test_zero_perturbation_r1_trial_assets" name="test_plan_producer_and_independent_verifier_import_no_backend" time="0.009" /><testcase classname="tests.mid360_formal_batch1.test_zero_perturbation_r1_trial_assets" name="test_plan_tamper_is_rejected[_mutate_w04]" time="0.008" /><testcase classname="tests.mid360_formal_batch1.test_zero_perturbation_r1_trial_assets" name="test_plan_tamper_is_rejected[_mutate_old_w02]" time="0.008" /><testcase classname="tests.mid360_formal_batch1.test_zero_perturbation_r1_trial_assets" name="test_plan_tamper_is_rejected[_mutate_drop_row]" time="0.007" /><testcase classname="tests.mid360_formal_batch1.test_zero_perturbation_r1_trial_assets" name="test_plan_tamper_is_rejected[_mutate_backend_balance]" time="0.007" /><testcase classname="tests.mid360_formal_batch1.test_zero_perturbation_r1_trial_assets" name="test_plan_tamper_is_rejected[_mutate_t0]" time="0.007" /><testcase classname="tests.mid360_formal_batch1.test_zero_perturbation_r1_trial_assets" name="test_plan_tamper_is_rejected[_mutate_capture_radius]" time="0.007" /><testcase classname="tests.mid360_formal_batch1.test_zero_perturbation_r1_trial_assets" name="test_plan_tamper_is_rejected[_mutate_source_sha]" time="0.007" /><testcase classname="tests.mid360_formal_batch1.test_zero_perturbation_r1_trial_assets" name="test_plan_tamper_is_rejected[_mutate_target_sha]" time="0.007" /><testcase classname="tests.mid360_formal_batch1.test_zero_perturbation_r1_trial_assets" name="test_plan_tamper_is_rejected[_mutate_geometry]" time="0.007" /><testcase classname="tests.mid360_formal_batch1.test_zero_perturbation_r1_trial_assets" name="test_plan_tamper_is_rejected[_mutate_backend_contract]" time="0.007" /><testcase classname="tests.mid360_formal_batch1.test_zero_perturbation_r1_trial_assets" name="test_plan_tamper_is_rejected[_mutate_snapshot_independence]" time="0.006" /><testcase classname="tests.mid360_formal_batch1.test_zero_perturbation_r1_trial_assets" name="test_plan_tamper_is_rejected[_mutate_authorization]" time="0.006" /><testcase classname="tests.mid360_formal_batch1.test_zero_perturbation_r1_trial_assets" name="test_plan_tamper_is_rejected[_mutate_actual_trial_count]" time="0.006" /><testcase classname="tests.mid360_formal_batch1.test_zero_perturbation_r1_trial_assets" name="test_plan_tamper_is_rejected[_mutate_duplicate]" time="0.007" /><testcase classname="tests.mid360_formal_batch1.test_zero_perturbation_r1_trial_assets" name="test_result_schema_is_strict_r1_and_non_authorizing" time="0.000" /><testcase classname="tests.mid360_formal_batch1.test_zero_perturbation_r1_trial_assets" name="test_result_schema_tamper_is_rejected[path0-SUBMILLIMETER_GT]" time="0.000" /><testcase classname="tests.mid360_formal_batch1.test_zero_perturbation_r1_trial_assets" name="test_result_schema_tamper_is_rejected[path1-True]" time="0.000" /><testcase classname="tests.mid360_formal_batch1.test_zero_perturbation_r1_trial_assets" name="test_result_schema_tamper_is_rejected[path2-snapshot]" time="0.000" /><testcase classname="tests.mid360_formal_batch1.test_zero_perturbation_r1_trial_assets" name="test_result_schema_tamper_is_rejected[path3-True]" time="0.000" /><testcase classname="tests.mid360_formal_batch1.test_zero_perturbation_r1_trial_assets" name="test_result_schema_additional_backend_is_rejected" time="0.000" /><testcase classname="tests.mid360_formal_batch1.test_zero_perturbation_r1_trial_assets" name="test_future_result_row_is_bound_to_plan_without_running_backend" time="0.001" /><testcase classname="tests.mid360_formal_batch1.test_zero_perturbation_r1_trial_assets" name="test_future_result_binding_tamper_is_rejected[source_sha256-0000000000000000000000000000000000000000000000000000000000000000]" time="0.000" /><testcase classname="tests.mid360_formal_batch1.test_zero_perturbation_r1_trial_assets" name="test_future_result_binding_tamper_is_rejected[target_sha256-0000000000000000000000000000000000000000000000000000000000000000]" time="0.000" /><testcase classname="tests.mid360_formal_batch1.test_zero_perturbation_r1_trial_assets" name="test_future_result_binding_tamper_is_rejected[track_id-CAPTURE_RADIUS_TRACK]" time="0.000" /><testcase classname="tests.mid360_formal_batch1.test_zero_perturbation_r1_trial_assets" name="test_future_result_binding_tamper_is_rejected[backend-NATIVE]" time="0.000" /><testcase classname="tests.mid360_formal_batch1.test_zero_perturbation_r1_trial_assets" name="test_future_result_binding_tamper_is_rejected[fixture_only-True]" time="0.000" /><testcase classname="tests.mid360_formal_batch1.test_zero_perturbation_r1_trial_assets" name="test_future_result_binding_tamper_is_rejected[physical_reference_semantics-SUBMILLIMETER_GT]" time="0.000" /><testcase classname="tests.mid360_formal_batch1.test_zero_perturbation_r1_trial_assets" name="test_nonfinite_transform_is_rejected" time="0.000" /><testcase classname="tests.mid360_formal_batch1.test_zero_perturbation_r1_trial_assets" name="test_tiny_finite_rotation_uses_frozen_atan2_metric_and_remains_terminal[2e-09]" time="0.001" /><testcase classname="tests.mid360_formal_batch1.test_zero_perturbation_r1_trial_assets" name="test_tiny_finite_rotation_uses_frozen_atan2_metric_and_remains_terminal[1e-08]" time="0.001" /><testcase classname="tests.mid360_formal_batch1.test_zero_perturbation_r1_trial_assets" name="test_frozen_rotation_quality_threshold_is_the_only_so3_gate" time="0.000" /><testcase classname="tests.mid360_formal_batch1.test_zero_perturbation_r1_trial_assets" name="test_frozen_rotation_quality_threshold_rejects_excessive_defect" time="0.000" /><testcase classname="tests.mid360_formal_batch1.test_zero_perturbation_r1_trial_assets" name="test_scientific_failure_cannot_be_marked_retryable" time="0.000" /><testcase classname="tests.mid360_formal_batch1.test_zero_perturbation_r1_trial_assets" name="test_nonfinite_scientific_failure_is_retained_without_nan" time="0.000" /><testcase classname="tests.mid360_formal_batch1.test_zero_perturbation_r1_trial_assets" name="test_nonfinite_pose_cannot_carry_reassociation_metrics" time="0.000" /><testcase classname="tests.mid360_formal_batch1.test_zero_perturbation_r1_trial_assets" name="test_only_explicit_infrastructure_failure_is_retryable" time="0.000" /><testcase classname="tests.mid360_formal_batch1.test_zero_perturbation_r1_trial_assets" name="test_common_association_invalid_reason_is_retained_and_strict" time="0.001" /><testcase classname="tests.mid360_formal_batch1.test_zero_perturbation_r1_trial_assets" name="test_finite_result_cannot_drop_common_association_status" time="0.000" /><testcase classname="tests.mid360_formal_batch1.test_zero_perturbation_r1_trial_assets" name="test_common_valid_cannot_hide_missing_exposed_metric" time="0.000" /><testcase classname="tests.mid360_formal_batch1.test_zero_perturbation_v1_1_r1_environment" name="test_exact_environment_qualifies_without_backend_execution" time="0.002" /><testcase classname="tests.mid360_formal_batch1.test_zero_perturbation_v1_1_r1_environment" name="test_version_drift_fails_qualification[python]" time="0.001" /><testcase classname="tests.mid360_formal_batch1.test_zero_perturbation_v1_1_r1_environment" name="test_version_drift_fails_qualification[numpy]" time="0.001" /><testcase classname="tests.mid360_formal_batch1.test_zero_perturbation_v1_1_r1_environment" name="test_version_drift_fails_qualification[scipy]" time="0.001" /><testcase classname="tests.mid360_formal_batch1.test_zero_perturbation_v1_1_r1_environment" name="test_version_drift_fails_qualification[open3d]" time="0.001" /><testcase classname="tests.mid360_formal_batch1.test_zero_perturbation_v1_1_r1_environment" name="test_version_drift_fails_qualification[pcl]" time="0.001" /><testcase classname="tests.mid360_formal_batch1.test_zero_perturbation_v1_1_r1_environment" name="test_missing_ldd_dependency_fails" time="0.001" /><testcase classname="tests.mid360_formal_batch1.test_zero_perturbation_v1_1_r1_environment" name="test_pcl_byte_tamper_fails" time="0.002" /><testcase classname="tests.mid360_formal_batch1.test_zero_perturbation_v1_1_r1_lock" name="test_lock_is_canonical_issued_but_never_authorizes" time="0.131" /><testcase classname="tests.mid360_formal_batch1.test_zero_perturbation_v1_1_r1_lock" name="test_core_and_release_checksums_are_non_self_referential" time="0.067" /><testcase classname="tests.mid360_formal_batch1.test_zero_perturbation_v1_1_r1_lock" name="test_lock_builder_rejects_unverifiable_execution_commit" time="0.142" /><testcase classname="tests.mid360_formal_batch1.test_zero_perturbation_v1_1_r1_lock" name="test_nested_reauthentication_tamper_blocks_lock_rebuild" time="0.071" /><testcase classname="tests.mid360_formal_batch1.test_zero_perturbation_v1_1_r1_lock" name="test_r1_no_icp_attestation_is_fresh_and_scoped" time="0.129" /><testcase classname="tests.mid360_formal_batch1.test_zero_perturbation_v1_1_r1_lock" name="test_lock_builder_rejects_any_execution_lifecycle_file[run_contract.json]" time="0.066" /><testcase classname="tests.mid360_formal_batch1.test_zero_perturbation_v1_1_r1_lock" name="test_lock_builder_rejects_any_execution_lifecycle_file[inflight/trial-0001.started.json]" time="0.133" /><testcase classname="tests.mid360_formal_batch1.test_zero_perturbation_v1_1_r1_lock" name="test_lock_builder_rejects_any_execution_lifecycle_file[run_manifest.json]" time="0.066" /><testcase classname="tests.mid360_formal_batch1.test_zero_perturbation_v1_1_r1_lock" name="test_lock_builder_rejects_existing_separate_authorization" time="0.125" /><testcase classname="tests.mid360_formal_batch1.test_zero_perturbation_v1_1_r1_lock" name="test_lock_builder_semantically_rejects_provenance_or_c1_tamper[original_zero_perturbation_proposal_json-bytes-historical proposal]" time="0.068" /><testcase classname="tests.mid360_formal_batch1.test_zero_perturbation_v1_1_r1_lock" name="test_lock_builder_semantically_rejects_provenance_or_c1_tamper[proposal_superseded_sidecar-status-supersession]" time="0.126" /><testcase classname="tests.mid360_formal_batch1.test_zero_perturbation_v1_1_r1_lock" name="test_lock_builder_semantically_rejects_provenance_or_c1_tamper[proposal_correction_record-lineage-correction]" time="0.069" /><testcase classname="tests.mid360_formal_batch1.test_zero_perturbation_v1_1_r1_lock" name="test_lock_builder_semantically_rejects_provenance_or_c1_tamper[analysis_missingness_clarification-clarification-clarification]" time="0.134" /><testcase classname="tests.mid360_formal_batch1.test_zero_perturbation_v1_1_r1_lock" name="test_lock_builder_semantically_rejects_provenance_or_c1_tamper[analysis_missingness_clarification_transition-transition-transition]" time="0.070" /><testcase classname="tests.mid360_formal_batch1.test_zero_perturbation_v1_1_r1_lock" name="test_lock_builder_semantically_rejects_provenance_or_c1_tamper[protocol_c1_missingness_independent_verification-c1_report-R1-C1]" time="0.130" /><testcase classname="tests.mid360_formal_batch1.test_zero_perturbation_v1_1_r1_lock" name="test_lock_builder_semantically_rejects_provenance_or_c1_tamper[activation_review-review-activation review]" time="0.071" /><testcase classname="tests.mid360_formal_batch1.test_zero_perturbation_v1_1_r1_lock" name="test_lock_builder_semantically_rejects_provenance_or_c1_tamper[analysis_preclarification_history_inventory-archive-archived]" time="0.125" /><testcase classname="tests.mid360_formal_batch1.test_zero_perturbation_v1_1_r1_lock" name="test_formal_cli_help_is_self_contained_without_pythonpath[collect_zero_perturbation_v1_1_r1_environment.py]" time="0.037" /><testcase classname="tests.mid360_formal_batch1.test_zero_perturbation_v1_1_r1_lock" name="test_formal_cli_help_is_self_contained_without_pythonpath[issue_zero_perturbation_v1_1_r1_lock.py]" time="0.038" /><testcase classname="tests.mid360_formal_batch1.test_zero_perturbation_v1_1_r1_lock" name="test_formal_cli_help_is_self_contained_without_pythonpath[run_zero_perturbation_v1_1_r1.py]" time="0.038" /><testcase classname="tests.mid360_formal_batch1.test_zero_perturbation_v1_1_r1_lock" name="test_formal_cli_help_is_self_contained_without_pythonpath[verify_zero_perturbation_v1_1_r1.py]" time="0.053" /><testcase classname="tests.mid360_formal_batch1.test_zero_perturbation_v1_1_r1_lock" name="test_formal_cli_help_is_self_contained_without_pythonpath[finalize_zero_perturbation_v1_1_r1_checksums.py]" time="0.038" /><testcase classname="tests.mid360_formal_batch1.test_zero_perturbation_v1_1_r1_lock" name="test_mid360_package_import_has_no_protocol_or_backend_side_effects" time="0.007" /><testcase classname="tests.mid360_formal_batch1.test_zero_perturbation_v1_1_r1_runner" name="test_preflight_and_dry_run_never_load_backend_or_write_runtime" time="0.214" /><testcase classname="tests.mid360_formal_batch1.test_zero_perturbation_v1_1_r1_runner" name="test_execute_without_separate_authorization_fails_before_runtime" time="0.111" /><testcase classname="tests.mid360_formal_batch1.test_zero_perturbation_v1_1_r1_runner" name="test_independent_authorization_verifier_unavailable_fails_closed" time="0.171" /><testcase classname="tests.mid360_formal_batch1.test_zero_perturbation_v1_1_r1_runner" name="test_public_execute_rejects_injection_and_disabled_live_environment_before_runtime[adapter]" time="0.066" /><testcase classname="tests.mid360_formal_batch1.test_zero_perturbation_v1_1_r1_runner" name="test_public_execute_rejects_injection_and_disabled_live_environment_before_runtime[validator]" time="0.127" /><testcase classname="tests.mid360_formal_batch1.test_zero_perturbation_v1_1_r1_runner" name="test_public_execute_rejects_injection_and_disabled_live_environment_before_runtime[environment]" time="0.066" /><testcase classname="tests.mid360_formal_batch1.test_zero_perturbation_v1_1_r1_runner" name="test_authorized_fake_execution_fresh_and_completed_resume_are_write_once" time="0.817" /><testcase classname="tests.mid360_formal_batch1.test_zero_perturbation_v1_1_r1_runner" name="test_only_infrastructure_failure_is_retried_and_metadata_tamper_fails" time="1.186" /><testcase classname="tests.mid360_formal_batch1.test_zero_perturbation_v1_1_r1_runner" name="test_runtime_root_must_equal_locked_authoritative_location" time="0.183" /><testcase classname="tests.mid360_formal_batch1.test_zero_perturbation_v1_1_r1_runner" name="test_resume_rejects_orphan_result_or_invalid_start_marker[delete]" time="0.615" /><testcase classname="tests.mid360_formal_batch1.test_zero_perturbation_v1_1_r1_runner" name="test_resume_rejects_orphan_result_or_invalid_start_marker[authorization]" time="0.819" /><testcase classname="tests.mid360_formal_batch1.test_zero_perturbation_v1_1_r1_runner" name="test_resume_rejects_orphan_result_or_invalid_start_marker[timestamp]" time="0.786" /><testcase classname="tests.mid360_formal_batch1.test_zero_perturbation_v1_1_r1_runner" name="test_resume_rebuilds_missing_complete_manifest_and_rejects_tamper[missing]" time="0.973" /><testcase classname="tests.mid360_formal_batch1.test_zero_perturbation_v1_1_r1_runner" name="test_resume_rebuilds_missing_complete_manifest_and_rejects_tamper[tampered]" time="0.860" /><testcase classname="tests.mid360_formal_batch1.test_zero_perturbation_v1_1_r1_runner" name="test_terminal_trial_with_extra_orphan_marker_fails_before_any_write_or_adapter" time="0.825" /><testcase classname="tests.mid360_formal_batch1.test_zero_perturbation_v1_1_r1_runner" name="test_incomplete_results_with_existing_manifest_fail_before_adapter_or_write" time="1.028" /><testcase classname="tests.mid360_formal_batch1.test_zero_perturbation_v1_1_r1_runner" name="test_resume_runtime_layout_tamper_fails_before_adapter[unexpected]" time="0.740" /><testcase classname="tests.mid360_formal_batch1.test_zero_perturbation_v1_1_r1_runner" name="test_resume_runtime_layout_tamper_fails_before_adapter[dangling_symlink]" time="0.836" /><testcase classname="tests.mid360_formal_batch1.test_zero_perturbation_v1_1_r1_runner" name="test_resume_runtime_layout_tamper_fails_before_adapter[contract_symlink]" time="0.805" /><testcase classname="tests.mid360_formal_batch1.test_zero_perturbation_v1_1_r1_runner" name="test_resume_runtime_layout_tamper_fails_before_adapter[manifest_directory]" time="0.694" /><testcase classname="tests.mid360_formal_batch1.test_zero_perturbation_v1_1_r1_verify" name="test_real_final_station_registry_mixed_attempt_schemas_pass" time="0.003" /><testcase classname="tests.mid360_formal_batch1.test_zero_perturbation_v1_1_r1_verify" name="test_w02_attempt2_station_schema_tamper_fails_closed[attempt-1]" time="0.128" /><testcase classname="tests.mid360_formal_batch1.test_zero_perturbation_v1_1_r1_verify" name="test_w02_attempt2_station_schema_tamper_fails_closed[station_acquisition_status-ACQUISITION_FAIL]" time="0.068" /><testcase classname="tests.mid360_formal_batch1.test_zero_perturbation_v1_1_r1_verify" name="test_w02_attempt2_station_schema_tamper_fails_closed[attempt_status-INVALID_ACQUISITION]" time="0.129" /><testcase classname="tests.mid360_formal_batch1.test_zero_perturbation_v1_1_r1_verify" name="test_w02_attempt2_station_schema_tamper_fails_closed[map_bag_status-FAIL]" time="0.069" /><testcase classname="tests.mid360_formal_batch1.test_zero_perturbation_v1_1_r1_verify" name="test_w02_attempt2_station_schema_tamper_fails_closed[query_bag_status-FAIL]" time="0.128" /><testcase classname="tests.mid360_formal_batch1.test_zero_perturbation_v1_1_r1_verify" name="test_w02_attempt2_station_schema_tamper_fails_closed[pair_audit.FORMAL_PAIR_VALID-False]" time="0.069" /><testcase classname="tests.mid360_formal_batch1.test_zero_perturbation_v1_1_r1_verify" name="test_w02_attempt2_station_schema_tamper_fails_closed[acquisition_status-ACQUISITION_PASS]" time="0.128" /><testcase classname="tests.mid360_formal_batch1.test_zero_perturbation_v1_1_r1_verify" name="test_independent_verifier_recomputes_valid_lock_without_backend" time="0.197" /><testcase classname="tests.mid360_formal_batch1.test_zero_perturbation_v1_1_r1_verify" name="test_twenty_required_tamper_classes_fail_closed[_tamper_w04]" time="0.069" /><testcase classname="tests.mid360_formal_batch1.test_zero_perturbation_v1_1_r1_verify" name="test_twenty_required_tamper_classes_fail_closed[_tamper_old_w02]" time="0.128" /><testcase classname="tests.mid360_formal_batch1.test_zero_perturbation_v1_1_r1_verify" name="test_twenty_required_tamper_classes_fail_closed[_delete_lineage]" time="0.068" /><testcase classname="tests.mid360_formal_batch1.test_zero_perturbation_v1_1_r1_verify" name="test_twenty_required_tamper_classes_fail_closed[_proposal_status]" time="0.128" /><testcase classname="tests.mid360_formal_batch1.test_zero_perturbation_v1_1_r1_verify" name="test_twenty_required_tamper_classes_fail_closed[_activation_after_icp]" time=
[...]
nthetic_confirmatory_v2" name="test_frozen_model_and_backend_implementations_are_unchanged" time="0.005"><skipped type="pytest.skip" message="source-only ZIP excludes the historical v2 Git object">/home/lj/ZPRM/tests/test_synthetic_confirmatory_v2.py:91: source-only ZIP excludes the historical v2 Git object</skipped></testcase><testcase classname="tests.test_synthetic_confirmatory_v2" name="test_primary_and_independent_h1_h6_core_ast_is_unchanged" time="0.101" /><testcase classname="tests.test_synthetic_confirmatory_v2" name="test_phase_a_lineage_and_closure_core_ast_is_unchanged[canonical_target-5684f5bbcbd9001be0b29fcdd670470d0e19d7758d698fc39aaba4b73be3a5c8]" time="0.007" /><testcase classname="tests.test_synthetic_confirmatory_v2" name="test_phase_a_lineage_and_closure_core_ast_is_unchanged[eligible_parent_indices-f8fd5aed7876e30cacfac41c1b699518d04e7c134f23d189c8f217f9af5e275a]" time="0.009" /><testcase classname="tests.test_synthetic_confirmatory_v2" name="test_phase_a_lineage_and_closure_core_ast_is_unchanged[quantization_closure-2ec95cab5329881772ccd56518b73705efded616254710d013db95324594ebac]" time="0.007" /><testcase classname="tests.test_synthetic_confirmatory_v2" name="test_phase_a_lineage_and_closure_core_ast_is_unchanged[reference_pose_from_development-c9f8faa358bc09ee6e226547ec936f9bb2e95e7f98cac662b3a10da8b608caa1]" time="0.008" /><testcase classname="tests.test_synthetic_confirmatory_v2" name="test_phase_a_lineage_and_closure_core_ast_is_unchanged[source_from_parent_indices-787fc81f8a0a00dab2e0fa9fe761e7a7b61d65f7b14305cc32627bb84265fa94]" time="0.007" /><testcase classname="tests.test_synthetic_confirmatory_v2" name="test_development_ideal_uses_parent_lineage" time="0.352" /><testcase classname="tests.test_synthetic_confirmatory_v2" name="test_development_ideal_never_reads_measurement_or_repeat_rng" time="0.000" /><testcase classname="tests.test_synthetic_confirmatory_v2" name="test_parent_index_array_contract" time="0.001" /><testcase classname="tests.test_synthetic_confirmatory_v2" name="test_parent_index_lineage_has_exact_44214_rows" time="0.000" /><testcase classname="tests.test_synthetic_confirmatory_v2" name="test_independent_recomputation_matches_builder_closure" time="0.014" /><testcase classname="tests.test_synthetic_confirmatory_v2" name="test_independent_verifier_does_not_trust_builder_lineage_booleans" time="0.013" /><testcase classname="tests.test_synthetic_confirmatory_v2" name="test_float32_roundtrip_difference_does_not_invalidate_lineage" time="0.002" /><testcase classname="tests.test_synthetic_confirmatory_v2" name="test_v2_builder_contains_no_coordinate_byte_membership" time="0.003" /><testcase classname="tests.test_synthetic_confirmatory_v2" name="test_metadata_cannot_hardcode_a_tampered_lineage_true" time="0.003" /><testcase classname="tests.test_synthetic_confirmatory_v2" name="test_independent_verifier_detects_lineage_tampering[duplicate]" time="0.002" /><testcase classname="tests.test_synthetic_confirmatory_v2" name="test_independent_verifier_detects_lineage_tampering[out_of_range]" time="0.002" /><testcase classname="tests.test_synthetic_confirmatory_v2" name="test_independent_verifier_detects_lineage_tampering[reorder_source]" time="0.021" /><testcase classname="tests.test_synthetic_confirmatory_v2" name="test_independent_verifier_detects_lineage_tampering[reference]" time="0.018" /><testcase classname="tests.test_synthetic_confirmatory_v2" name="test_independent_negative_control_has_no_lineage" time="1.044" /><testcase classname="tests.test_synthetic_confirmatory_v2" name="test_full_noise_cannot_claim_ideal_lineage" time="14.418" /><testcase classname="tests.test_synthetic_confirmatory_v2" name="test_development_nonideal_scientific_payload_is_byte_exact" time="0.000" /><testcase classname="tests.test_synthetic_confirmatory_v2" name="test_v1_and_v2_manifests_are_explicitly_version_selected" time="0.002"><skipped type="pytest.skip" message="source-only ZIP excludes the historical v2 Git object">/home/lj/ZPRM/tests/test_synthetic_confirmatory_v2.py:91: source-only ZIP excludes the historical v2 Git object</skipped></testcase><testcase classname="tests.test_synthetic_confirmatory_v2" name="test_v2_manifest_is_exact_and_initially_or_finally_authorized" time="0.006" /><testcase classname="tests.test_synthetic_confirmatory_v2" name="test_v2_manifest_tamper_is_rejected" time="0.001" /><testcase classname="tests.test_synthetic_confirmatory_v2" name="test_v2_dry_run_has_zero_execution_and_no_runtime_state" time="0.025" /><testcase classname="tests.test_synthetic_confirmatory_v2" name="test_v2_read_only_clis_enforce_the_full_runtime_isolation_contract[analyze_synthetic_confirmatory_v2.py]" time="0.001" /><testcase classname="tests.test_synthetic_confirmatory_v2" name="test_v2_read_only_clis_enforce_the_full_runtime_isolation_contract[verify_synthetic_confirmatory_v2.py]" time="0.001" /><testcase classname="tests.test_synthetic_confirmatory_v2" name="test_v2_qualification_cli_enforces_the_frozen_micromamba_root" time="0.001" /><testcase classname="tests.test_synthetic_confirmatory_v2" name="test_v2_prerun_freezer_cli_exposes_the_required_dry_run_evidence" time="0.001" /><testcase classname="tests.test_synthetic_confirmatory_v2" name="test_direct_true_manifest_write_is_forbidden" time="0.000" /><testcase classname="tests.test_synthetic_confirmatory_v2" name="test_prerun_gate_fails_closed" time="0.000" /><testcase classname="tests.test_synthetic_confirmatory_v2" name="test_prerun_gate_keeps_science_not_evaluated" time="0.000" /><testcase classname="tests.test_synthetic_confirmatory_v2" name="test_prerun_root_inventory_is_exact_26" time="0.000" /><testcase classname="tests.test_synthetic_confirmatory_v2" name="test_formal_v2_runtime_paths_remain_absent_during_qualification" time="0.000" /><testcase classname="tests.test_synthetic_confirmatory_v2" name="test_snapshot_metadata_schema_is_explicit_v2" time="0.000" /><testcase classname="tests.test_synthetic_confirmatory_v2" name="test_fixture_primary_independent_publisher_and_artifact_chain" time="0.218" /><testcase classname="tests.test_synthetic_confirmatory_v2" name="test_fixture_artifact_verifier_rejects_missing_or_extra[missing]" time="0.222" /><testcase classname="tests.test_synthetic_confirmatory_v2" name="test_fixture_artifact_verifier_rejects_missing_or_extra[extra]" time="0.220" /><testcase classname="tests.test_synthetic_confirmatory_v2" name="test_v1_fixture_artifact_cannot_masquerade_as_v2" time="0.001" /><testcase classname="tests.test_synthetic_confirmatory_v3_adapter" name="test_v3_adapter_is_seed_free_before_schedule_derivation" time="0.001" /><testcase classname="tests.test_synthetic_confirmatory_v3_adapter" name="test_v3_adapter_qualification_layout_is_exact_and_workspace_local" time="0.003" /><testcase classname="tests.test_synthetic_confirmatory_v3_adapter" name="test_v3_adapter_delegates_instead_of_copying_scientific_algorithms" time="0.001" /><testcase classname="tests.test_synthetic_confirmatory_v3_execution" name="test_v3_plan_exact_counts_pairing_and_independent_semantics" time="0.013" /><testcase classname="tests.test_synthetic_confirmatory_v3_execution" name="test_v3_rejects_retired_manifest_identities" time="0.001" /><testcase classname="tests.test_synthetic_confirmatory_v3_execution" name="test_retired_runners_reject_v3_manifest_path" time="0.001" /><testcase classname="tests.test_synthetic_confirmatory_v3_execution" name="test_exact_external_path_rejects_symlink_and_repository_overlap" time="0.003" /><testcase classname="tests.test_synthetic_confirmatory_v3_execution" name="test_zero_instantiation_dry_run_canonical_aliases" time="0.001" /><testcase classname="tests.test_synthetic_confirmatory_v3_execution" name="test_release_tag_branch_and_clean_git_gate" time="0.037" /><testcase classname="tests.test_synthetic_confirmatory_v3_execution" name="test_snapshot_builder_import_does_not_import_rng_or_create_formal_root" time="0.020" /><testcase classname="tests.test_synthetic_confirmatory_v3_execution" name="test_v3_historical_entry_is_thin_and_resume_is_forbidden" time="0.001" /><testcase classname="tests.test_synthetic_confirmatory_v3_execution" name="test_v3_thin_clis_do_not_call_retired_high_level_orchestrators" time="0.000" /><testcase classname="tests.test_synthetic_confirmatory_v3_execution" name="test_v3_final_decision_adapter_versions_nested_and_projection" time="0.000" /><testcase classname="tests.test_synthetic_confirmatory_v3_execution" name="test_v3_final_decision_adapter_rejects_schema_drift" time="0.000" /><testcase classname="tests.test_synthetic_confirmatory_v3_execution" name="test_v3_artifact_verifier_binds_persisted_report_and_decision" time="0.003" /><testcase classname="tests.test_synthetic_confirmatory_v3_fixture_publisher_envelope_adapter" name="test_01_valid_v3_fixture_envelope_is_converted" time="0.001" /><testcase classname="tests.test_synthetic_confirmatory_v3_fixture_publisher_envelope_adapter" name="test_02_output_schema_reads_the_frozen_fixture_run_schema" time="0.001" /><testcase classname="tests.test_synthetic_confirmatory_v3_fixture_publisher_envelope_adapter" name="test_03_output_field_set_is_exactly_the_frozen_publisher_contract" time="0.001" /><testcase classname="tests.test_synthetic_confirmatory_v3_fixture_publisher_envelope_adapter" name="test_04_output_extra_field_count_is_zero" time="0.001" /><testcase classname="tests.test_synthetic_confirmatory_v3_fixture_publisher_envelope_adapter" name="test_05_legacy_v2_seed_reference_is_the_exact_integer_zero" time="0.001" /><testcase classname="tests.test_synthetic_confirmatory_v3_fixture_publisher_envelope_adapter" name="test_06_adapter_does_not_modify_any_input" time="0.001" /><testcase classname="tests.test_synthetic_confirmatory_v3_fixture_publisher_envelope_adapter" name="test_07_scientific_projection_has_zero_leaf_difference" time="0.002" /><testcase classname="tests.test_synthetic_confirmatory_v3_fixture_publisher_envelope_adapter" name="test_08_scientific_projection_has_zero_maximum_numerical_difference" time="0.002" /><testcase classname="tests.test_synthetic_confirmatory_v3_fixture_publisher_envelope_adapter" name="test_09_nonzero_v3_seed_reference_is_rejected" time="0.001" /><testcase classname="tests.test_synthetic_confirmatory_v3_fixture_publisher_envelope_adapter" name="test_10_nonzero_v2_seed_reference_is_rejected" time="0.000" /><testcase classname="tests.test_synthetic_confirmatory_v3_fixture_publisher_envelope_adapter" name="test_11_nonzero_v1_seed_reference_is_rejected" time="0.000" /><testcase classname="tests.test_synthetic_confirmatory_v3_fixture_publisher_envelope_adapter" name="test_12_nonzero_confirmatory_seed_access_is_rejected" time="0.000" /><testcase classname="tests.test_synthetic_confirmatory_v3_fixture_publisher_envelope_adapter" name="test_13_nonzero_confirmatory_rng_instantiation_is_rejected" time="0.000" /><testcase classname="tests.test_synthetic_confirmatory_v3_fixture_publisher_envelope_adapter" name="test_14_missing_seed_provenance_audit_is_rejected" time="0.000" /><testcase classname="tests.test_synthetic_confirmatory_v3_fixture_publisher_envelope_adapter" name="test_15_missing_primary_result_is_rejected" time="0.000" /><testcase classname="tests.test_synthetic_confirmatory_v3_fixture_publisher_envelope_adapter" name="test_16_missing_independent_result_is_rejected" time="0.000" /><testcase classname="tests.test_synthetic_confirmatory_v3_fixture_publisher_envelope_adapter" name="test_17_primary_independent_difference_is_rejected" time="0.001" /><testcase classname="tests.test_synthetic_confirmatory_v3_fixture_publisher_envelope_adapter" name="test_18_frozen_publisher_accepts_the_adapted_envelope" time="0.291" /><testcase classname="tests.test_synthetic_confirmatory_v3_fixture_publisher_envelope_adapter" name="test_19_frozen_publisher_rejects_the_raw_v3_envelope" time="0.002" /><testcase classname="tests.test_synthetic_confirmatory_v3_fixture_publisher_envelope_adapter" name="test_20_frozen_artifact_verifier_accepts_the_seventeen_file_output" time="0.218" /><testcase classname="tests.test_synthetic_confirmatory_v3_fixture_publisher_envelope_adapter" name="test_21_nonzero_confirmatory_snapshot_construction_is_rejected" time="0.001" /><testcase classname="tests.test_synthetic_confirmatory_v3_fixture_publisher_envelope_adapter" name="test_22_nonzero_confirmatory_backend_execution_is_rejected" time="0.000" /><testcase classname="tests.test_synthetic_confirmatory_v3_fixture_publisher_envelope_adapter" name="test_23_boolean_cannot_masquerade_as_an_exact_zero_seed_counter" time="0.000" /><testcase classname="tests.test_synthetic_confirmatory_v3_prerun" name="test_exact_30_file_v3_prerun_artifact_verifies" time="0.009" /><testcase classname="tests.test_synthetic_confirmatory_v3_prerun" name="test_verifier_rejects_inventory_and_byte_tampering[missing]" time="0.008" /><testcase classname="tests.test_synthetic_confirmatory_v3_prerun" name="test_verifier_rejects_inventory_and_byte_tampering[extra]" time="0.009" /><testcase classname="tests.test_synthetic_confirmatory_v3_prerun" name="test_verifier_rejects_inventory_and_byte_tampering[tamper]" time="0.009" /><testcase classname="tests.test_synthetic_confirmatory_v3_prerun" name="test_verifier_rejects_inventory_and_byte_tampering[symlink]" time="0.009" /><testcase classname="tests.test_synthetic_confirmatory_v3_prerun" name="test_semantic_gate_tamper_is_rejected_even_after_rehash" time="0.011" /><testcase classname="tests.test_synthetic_confirmatory_v3_prerun" name="test_v3_seed_derivation_is_declaration_only_and_exact" time="0.000" /><testcase classname="tests.test_synthetic_confirmatory_v3_prerun" name="test_prerun_verifier_and_qualifier_do_not_import_rng_or_snapshot_builders" time="0.017" /><testcase classname="tests.test_synthetic_confirmatory_v3_prerun" name="test_manifest_and_checksum_contract_has_no_self_reference" time="0.005" /><testcase classname="tests.test_synthetic_confirmatory_v3_prerun" name="test_root_symlink_is_rejected" time="0.008" /><testcase classname="tests.test_synthetic_confirmatory_v3_prerun" name="test_execution_profile_binds_the_single_formal_runtime_contract" time="0.000" /><testcase classname="tests.test_synthetic_confirmatory_v3_requalified" name="test_requalified_manifest_binds_unchanged_595_1190_contract" time="0.273" /><testcase classname="tests.test_synthetic_confirmatory_v3_requalified" name="test_requalified_spec_is_generic_lifecycle_bound_without_runtime_write" time="0.285" /><testcase classname="tests.test_synthetic_confirmatory_v3_requalified" name="test_scientific_asset_hashes_are_exact" time="0.003" /><testcase classname="tests.test_synthetic_confirmatory_v3_requalified" name="test_requalified_resume_rejects_uncommitted_orphan" time="0.011" /><testcase classname="tests.test_synthetic_confirmatory_v3_requalified" name="test_committed_manifest_rejects_another_runtime_root" time="0.133" /><testcase classname="tests.test_synthetic_confirmatory_v3_requalified" name="test_cli_exposes_required_non_scientific_lifecycle_options" time="0.001" /><testcase classname="tests.test_trial_snapshot_bridge" name="test_field_contract_is_the_exact_snapshot_trial_bridge" time="0.001" /><testcase classname="tests.test_trial_snapshot_bridge" name="test_canonical_index_is_an_immutable_defensive_copy" time="0.001" /><testcase classname="tests.test_trial_snapshot_bridge" name="test_three_snapshots_six_trials_bind_once_with_exact_pairing" time="0.001" /><testcase classname="tests.test_trial_snapshot_bridge" name="test_snapshot_bridge_rejects_every_missing_field[planned_snapshot_id]" time="0.001" /><testcase classname="tests.test_trial_snapshot_bridge" name="test_snapshot_bridge_rejects_every_missing_field[scene_variant]" time="0.001" /><testcase classname="tests.test_trial_snapshot_bridge" name="test_snapshot_bridge_rejects_every_missing_field[condition]" time="0.001" /><testcase classname="tests.test_trial_snapshot_bridge" name="test_snapshot_bridge_rejects_every_missing_field[geometry_seed]" time="0.002" /><testcase classname="tests.test_trial_snapshot_bridge" name="test_snapshot_bridge_rejects_every_missing_field[measurement_seed]" time="0.001" /><testcase classname="tests.test_trial_snapshot_bridge" name="test_snapshot_bridge_rejects_every_missing_field[repeat_index]" time="0.001" /><testcase classname="tests.test_trial_snapshot_bridge" name="test_snapshot_bridge_rejects_every_missing_field[planned_backend_count]" time="0.001" /><testcase classname="tests.test_trial_snapshot_bridge" name="test_snapshot_bridge_rejects_every_missing_field[replicate_semantics]" time="0.001" /><testcase classname="tests.test_trial_snapshot_bridge" name="test_trial_bridge_rejects_every_missing_field[planned_trial_id]" time="0.001" /><testcase classname="tests.test_trial_snapshot_bridge" name="test_trial_bridge_rejects_every_missing_field[planned_snapshot_id]" time="0.001" /><testcase classname="tests.test_trial_snapshot_bridge" name="test_trial_bridge_rejects_every_missing_field[scene_variant]" time="0.001" /><testcase classname="tests.test_trial_snapshot_bridge" name="test_trial_bridge_rejects_every_missing_field[condition]" time="0.001" /><testcase classname="tests.test_trial_snapshot_bridge" name="test_trial_bridge_rejects_every_missing_field[geometry_seed]" time="0.001" /><testcase classname="tests.test_trial_snapshot_bridge" name="test_trial_bridge_rejects_every_missing_field[measurement_seed]" time="0.001" /><testcase classname="tests.test_trial_snapshot_bridge" name="test_trial_bridge_rejects_every_missing_field[repeat_index]" time="0.001" /><testcase classname="tests.test_trial_snapshot_bridge" name="test_trial_bridge_rejects_every_missing_field[backend]" time="0.001" /><testcase classname="tests.test_trial_snapshot_bridge" name="test_bridge_rejects_extra_and_snapshot_only_trial_fields" time="0.001" /><testcase classname="tests.test_trial_snapshot_bridge" name="test_duplicate_snapshot_and_trial_ids_fail_closed" time="0.001" /><testcase classname="tests.test_trial_snapshot_bridge" name="test_missing_snapshot_lookup_fails_closed" time="0.001" /><testcase classname="tests.test_trial_snapshot_bridge" name="test_each_shared_identity_mismatch_has_a_specific_failure_classification[scene_variant-NONIDENTITY_REFERENCE-TRIAL_SNAPSHOT_SCENE_MISMATCH]" time="0.001" /><testcase classname="tests.test_trial_snapshot_bridge" name="test_each_shared_identity_mismatch_has_a_specific_failure_classification[condition-SEED_FREE_ALTERNATE-TRIAL_SNAPSHOT_CONDITION_MISMATCH]" time="0.001" /><testcase classname="tests.test_trial_snapshot_bridge" name="test_each_shared_identity_mismatch_has_a_specific_failure_classification[geometry_seed-OTHER_GEOMETRY_FIXTURE-TRIAL_SNAPSHOT_GEOMETRY_SEED_MISMATCH]" time="0.001" /><testcase classname="tests.test_trial_snapshot_bridge" name="test_each_shared_identity_mismatch_has_a_specific_failure_classification[measurement_seed-OTHER_MEASUREMENT_FIXTURE-TRIAL_SNAPSHOT_MEASUREMENT_SEED_MISMATCH]" time="0.001" /><testcase classname="tests.test_trial_snapshot_bridge" name="test_each_shared_identity_mismatch_has_a_specific_failure_classification[repeat_index-1-TRIAL_SNAPSHOT_REPEAT_MISMATCH]" time="0.001" /><testcase classname="tests.test_trial_snapshot_bridge" name="test_incomplete_or_wrong_backend_pairing_is_never_accepted" time="0.001" /><testcase classname="tests.test_trial_snapshot_bridge" name="test_context_binding_cannot_be_swapped_after_index_creation" time="0.001" /><testcase classname="tests.test_v3_compatibility_wrapper_is_thin" name="test_v3_public_execute_wrapper_has_no_execution_loop_or_pool" time="0.007" /><testcase classname="tests.test_v3_compatibility_wrapper_is_thin" name="test_v3_public_execute_wrapper_has_no_lock_manifest_or_backend_logic" time="0.005" /><testcase classname="tests.test_v3_compatibility_wrapper_is_thin" name="test_v3_public_execute_wrapper_delegates_only_to_generic_lifecycle" time="0.010" /></testsuite></testsuites>