<?xml version="1.0" encoding="utf-8"?><testsuites><testsuite name="pytest" errors="0" failures="0" skipped="10" tests="934" time="99.263" timestamp="2026-08-12T23:14:22.782318+08:00" hostname="lj"><testcase classname="tests.test_boreas_external_v2_stage1" name="test_source_only_and_external_baseline_semantics_are_distinct" time="0.000" /><testcase classname="tests.test_boreas_external_v2_stage1" name="test_baseline_semantic_tampering_is_rejected[path0-1-source-only]" time="0.001" /><testcase classname="tests.test_boreas_external_v2_stage1" name="test_baseline_semantic_tampering_is_rejected[path1-PASS-external]" time="0.001" /><testcase classname="tests.test_boreas_external_v2_stage1" name="test_baseline_semantic_tampering_is_rejected[path2-1-external]" time="0.001" /><testcase classname="tests.test_boreas_external_v2_stage1" name="test_historical_boreas_v1_hash_bindings_are_immutable" time="0.001" /><testcase classname="tests.test_boreas_external_v2_stage1" name="test_e02_keeps_v1_failure_and_discloses_v2_lidar_assisted_limitation" time="0.001" /><testcase classname="tests.test_boreas_external_v2_stage1" name="test_e10_unknown_components_cannot_be_relabelled_zero" time="0.000" /><testcase classname="tests.test_boreas_external_v2_stage1" name="test_authenticated_v1_evidence_is_reused_without_redownload_or_mutation" time="0.023" /><testcase classname="tests.test_boreas_external_v2_stage1" name="test_authenticated_v1_evidence_content_tamper_fails_closed" time="0.023" /><testcase classname="tests.test_boreas_external_v2_stage1" name="test_gap_aware_all_directed_pair_closure_is_complete_and_deterministic" time="0.812" /><testcase classname="tests.test_boreas_external_v2_stage1" name="test_pair_ranking_is_deterministic_and_same_sequence_is_prohibited" time="0.000" /><testcase classname="tests.test_boreas_external_v2_stage1" name="test_primary_lidar_key_selection_is_gt_only_and_deterministic" time="0.002" /><testcase classname="tests.test_boreas_external_v2_stage1" name="test_reserve_pairs_can_only_activate_for_frozen_infrastructure_failures" time="0.000" /><testcase classname="tests.test_boreas_external_v2_stage1" name="test_v2_preparation_source_and_runtime_no_registration_guards" time="0.361" /><testcase classname="tests.test_boreas_external_v2_stage1" name="test_lidar_inventory_command_is_metadata_only_and_authenticated" time="0.001" /><testcase classname="tests.test_boreas_external_v2_stage1" name="test_lidar_inventory_hash_tamper_fails_closed" time="0.000" /><testcase classname="tests.test_boreas_external_v2_stage1" name="test_stage1_protocol_freezes_zero_payload_and_all_authorization_boundaries" time="0.000" /><testcase classname="tests.test_boreas_external_v2_stage1" name="test_independent_verifier_rejects_incomplete_tampered_closure" time="0.008" /><testcase classname="tests.test_boreas_stage1" name="test_01_s3_sequence_listing_is_exact_and_sorted" time="0.001" /><testcase classname="tests.test_boreas_stage1" name="test_02_s3_sequence_listing_rejects_unsorted_or_duplicate" time="0.000" /><testcase classname="tests.test_boreas_stage1" name="test_03_s3_object_listing_row_parser" time="0.000" /><testcase classname="tests.test_boreas_stage1" name="test_04_test_sequences_are_excluded_from_public_gt" time="0.000" /><testcase classname="tests.test_boreas_stage1" name="test_05_single_object_over_500mb_is_forbidden" time="0.000" /><testcase classname="tests.test_boreas_stage1" name="test_06_single_object_exactly_500mb_is_allowed" time="0.000" /><testcase classname="tests.test_boreas_stage1" name="test_07_stage1_total_over_5gb_is_forbidden" time="0.000" /><testcase classname="tests.test_boreas_stage1" name="test_08_caller_cannot_raise_frozen_download_ceilings" time="0.000" /><testcase classname="tests.test_boreas_stage1" name="test_09_fixed_enu_reference_identity_is_frozen" time="0.000" /><testcase classname="tests.test_boreas_stage1" name="test_10_roll_pitch_yaw_convention_matches_devkit_order" time="0.000" /><testcase classname="tests.test_boreas_stage1" name="test_11_pose_row_uses_heading_pitch_roll_columns" time="0.000" /><testcase classname="tests.test_boreas_stage1" name="test_12_transform_direction_is_right_multiplication" time="0.000" /><testcase classname="tests.test_boreas_stage1" name="test_13_calibration_parser_rejects_nonhomogeneous_matrix" time="0.001" /><testcase classname="tests.test_boreas_stage1" name="test_14_pose_csv_accepts_utc_microseconds" time="0.001" /><testcase classname="tests.test_boreas_stage1" name="test_15_gps_post_process_200hz_rate_estimate" time="0.002" /><testcase classname="tests.test_boreas_stage1" name="test_16_pose_schema_is_fail_closed" time="0.001" /><testcase classname="tests.test_boreas_stage1" name="test_17_duplicate_gt_timestamps_are_rejected" time="0.001" /><testcase classname="tests.test_boreas_stage1" name="test_18_pose_chain_consistency_recomputes_identity" time="0.005" /><testcase classname="tests.test_boreas_stage1" name="test_19_gt_only_overlap_is_deterministic" time="0.002" /><testcase classname="tests.test_boreas_stage1" name="test_20_unproven_common_world_blocks_overlap" time="0.000" /><testcase classname="tests.test_boreas_stage1" name="test_21_same_sequence_pair_is_prohibited" time="0.000" /><testcase classname="tests.test_boreas_stage1" name="test_22_overlap_thresholds_are_immutable" time="0.000" /><testcase classname="tests.test_boreas_stage1" name="test_23_pair_ranking_is_deterministic" time="0.000" /><testcase classname="tests.test_boreas_stage1" name="test_24_rmse_cannot_be_relabelled_as_1sigma" time="0.000" /><testcase classname="tests.test_boreas_stage1" name="test_25_unknown_uncertainty_cannot_become_zero" time="0.000" /><testcase classname="tests.test_boreas_stage1" name="test_26_lidar_assisted_extrinsic_provenance_is_explicit" time="0.001" /><testcase classname="tests.test_boreas_stage1" name="test_27_steam_icp_is_blocked_by_runtime_guard" time="0.001" /><testcase classname="tests.test_boreas_stage1" name="test_28_boreas_sources_pass_static_no_registration_audit" time="0.343" /><testcase classname="tests.test_boreas_stage1" name="test_29_manifest_payload_tamper_fails" time="0.004" /><testcase classname="tests.test_boreas_stage1" name="test_30_manifest_self_hash_tamper_fails" time="0.002" /><testcase classname="tests.test_boreas_stage1" name="test_31_summary_has_exactly_29_answers" time="0.000" /><testcase classname="tests.test_boreas_stage1" name="test_32_expected_devkit_hashes_match_between_implementations" time="0.000" /><testcase classname="tests.test_boreas_stage1" name="test_33_r09_backend_outer_and_inner_hashes_are_frozen" time="0.000" /><testcase classname="tests.test_boreas_stage1" name="test_34_sequence_local_reset_detection_uses_published_first_pose" time="0.000" /><testcase classname="tests.test_boreas_stage1" name="test_35_gps_seconds_and_lidar_microseconds_are_not_conflated" time="0.002" /><testcase classname="tests.test_boreas_stage1" name="test_36_official_paper_pdf_is_pinned" time="0.000" /><testcase classname="tests.test_boreas_stage1" name="test_37_transform_direction_audit_rejects_inverse" time="0.009" /><testcase classname="tests.test_boreas_stage1" name="test_38_reference_gap_over_0_2_seconds_is_excluded" time="0.000" /><testcase classname="tests.test_boreas_stage2_storage_budget" name="test_frozen_stage1_pair_allowlist_and_bytes_are_authenticated" time="0.066" /><testcase classname="tests.test_boreas_stage2_storage_budget" name="test_original_990_gib_budget_breakdown_closes_exactly" time="0.000" /><testcase classname="tests.test_boreas_stage2_storage_budget" name="test_object_lifecycle_has_all_required_classes_and_cleanup_rules" time="0.000" /><testcase classname="tests.test_boreas_stage2_storage_budget" name="test_storage_architecture_is_single_target_and_backend_shared" time="0.000" /><testcase classname="tests.test_boreas_stage2_storage_budget" name="test_theoretical_minimum_budget_is_exact_and_lifecycle_based" time="0.000" /><testcase classname="tests.test_boreas_stage2_storage_budget" name="test_recommended_operational_budget_is_exact_and_current_disk_is_sufficient" time="0.000" /><testcase classname="tests.test_boreas_stage2_storage_budget" name="test_full_raw_cache_budget_adds_exactly_one_raw_payload_copy" time="0.000" /><testcase classname="tests.test_boreas_stage2_storage_budget" name="test_peak_accounting_uses_maximum_temporary_phase_not_naive_sum" time="0.000" /><testcase classname="tests.test_boreas_stage2_storage_budget" name="test_low_disk_gate_fails_closed_and_reports_additional_space" time="0.000" /><testcase classname="tests.test_boreas_stage2_storage_budget" name="test_runtime_watermark_checks_projected_remaining_space" time="0.000" /><testcase classname="tests.test_boreas_stage2_storage_budget" name="test_storage_planner_rejects_scientific_parameter_configuration[voxel_size]" time="0.001" /><testcase classname="tests.test_boreas_stage2_storage_budget" name="test_storage_planner_rejects_scientific_parameter_configuration[range_limits]" time="0.000" /><testcase classname="tests.test_boreas_stage2_storage_budget" name="test_storage_planner_rejects_scientific_parameter_configuration[normal_neighborhood]" time="0.000" /><testcase classname="tests.test_boreas_stage2_storage_budget" name="test_storage_planner_rejects_scientific_parameter_configuration[association_distance]" time="0.000" /><testcase classname="tests.test_boreas_stage2_storage_budget" name="test_storage_planner_rejects_scientific_parameter_configuration[geometry_metric]" time="0.000" /><testcase classname="tests.test_boreas_stage2_storage_budget" name="test_storage_planner_rejects_scientific_parameter_configuration[weak_rich_thresholds]" time="0.000" /><testcase classname="tests.test_boreas_stage2_storage_budget" name="test_storage_planner_rejects_scientific_parameter_configuration[snapshot_count]" time="0.000" /><testcase classname="tests.test_boreas_stage2_storage_budget" name="test_storage_planner_rejects_scientific_parameter_configuration[primary_pair]" time="0.000" /><testcase classname="tests.test_boreas_stage2_storage_budget" name="test_storage_planner_rejects_scientific_parameter_configuration[icp_parameters]" time="0.000" /><testcase classname="tests.test_boreas_stage2_storage_budget" name="test_storage_planner_accepts_only_operational_configuration" time="0.001" /><testcase classname="tests.test_boreas_stage2_storage_budget" name="test_scientific_lock_contract_preserves_stage1_and_future_design" time="0.000" /><testcase classname="tests.test_boreas_stage2_storage_budget" name="test_budget_rejects_mutated_stage1_arithmetic" time="0.000" /><testcase classname="tests.test_boreas_stage2_storage_budget" name="test_planner_never_authorizes_download_or_registration" time="0.000" /><testcase classname="tests.test_boreas_stage2_storage_core" name="test_content_addressed_target_is_immutable_and_single_copy" time="0.007" /><testcase classname="tests.test_boreas_stage2_storage_core" name="test_failed_reserved_role_publish_leaves_no_poison_object" time="0.003" /><testcase classname="tests.test_boreas_stage2_storage_core" name="test_content_addressed_payload_tamper_fails_closed" time="0.003" /><testcase classname="tests.test_boreas_stage2_storage_core" name="test_target_and_source_require_finite_float64_xyz[value0]" time="0.001" /><testcase classname="tests.test_boreas_stage2_storage_core" name="test_target_and_source_require_finite_float64_xyz[value1]" time="0.001" /><testcase classname="tests.test_boreas_stage2_storage_core" name="test_target_and_source_require_finite_float64_xyz[value2]" time="0.001" /><testcase classname="tests.test_boreas_stage2_storage_core" name="test_resigned_metadata_kind_and_contract_tamper_fails" time="0.006" /><testcase classname="tests.test_boreas_stage2_storage_core" name="test_content_object_rejects_extra_directory_and_symlink_inventory" time="0.004" /><testcase classname="tests.test_boreas_stage2_storage_core" name="test_snapshot_audit_rejects_rogue_or_partial_store_root" time="0.004" /><testcase classname="tests.test_boreas_stage2_storage_core" name="test_canonical_npy_normalizes_byte_order_without_value_change" time="0.000" /><testcase classname="tests.test_boreas_stage2_storage_core" name="test_content_addressed_json_is_canonical_and_immutable" time="0.002" /><testcase classname="tests.test_boreas_stage2_storage_core" name="test_snapshot_manifests_reference_one_target_without_copy" time="1.042" /><testcase classname="tests.test_boreas_stage2_storage_core" name="test_snapshot_reference_rejects_dangling_or_wrong_kind_source" time="0.008" /><testcase classname="tests.test_boreas_stage2_storage_core" name="test_snapshot_reference_is_immutable_no_clobber" time="0.007" /><testcase classname="tests.test_boreas_stage2_storage_core" name="test_snapshot_audit_rejects_orphan_canonical_source" time="0.006" /><testcase classname="tests.test_boreas_stage2_storage_core" name="test_duplicate_physical_target_is_detected" time="0.005" /><testcase classname="tests.test_boreas_stage2_storage_core" name="test_second_distinct_target_map_is_detected" time="0.007" /><testcase classname="tests.test_boreas_stage2_storage_core" name="test_pcl_conversion_is_deterministic_and_always_cleaned" time="0.013" /><testcase classname="tests.test_boreas_stage2_storage_core" name="test_pcl_cleanup_rejects_extra_marker_field_before_deleting" time="0.007" /><testcase classname="tests.test_boreas_stage2_storage_core" name="test_checkpoint_append_is_canonical_chained_and_no_clobber" time="0.002" /><testcase classname="tests.test_boreas_stage2_storage_core" name="test_checkpoint_append_refuses_existing_mixed_contract" time="0.002" /><testcase classname="tests.test_boreas_stage2_storage_core" name="test_checkpoint_log_role_rejects_wrong_record_kind" time="0.001" /><testcase classname="tests.test_boreas_stage2_storage_core" name="test_checkpoint_normalizes_quoted_etag_and_requires_utc_completion" time="0.001" /><testcase classname="tests.test_boreas_stage2_storage_core" name="test_checkpoint_resume_skips_authenticated_and_lists_pending" time="0.002" /><testcase classname="tests.test_boreas_stage2_storage_core" name="test_checkpoint_changed_etag_fails_closed" time="0.002" /><testcase classname="tests.test_boreas_stage2_storage_core" name="test_checkpoint_orphan_object_and_orphan_state_are_rejected" time="0.002" /><testcase classname="tests.test_boreas_stage2_storage_core" name="test_checkpoint_truncated_or_tampered_log_is_rejected" time="0.002" /><testcase classname="tests.test_boreas_stage2_storage_core" name="test_partial_temp_cleanup_requires_marker_and_removes_crash_state" time="0.004" /><testcase classname="tests.test_boreas_stage2_storage_core" name="test_partial_temp_cleanup_refuses_symlink" time="0.002" /><testcase classname="tests.test_boreas_stage2_storage_core" name="test_partial_temp_cleanup_rejects_extra_marker_field_before_deleting" time="0.002" /><testcase classname="tests.test_boreas_stage2_storage_core" name="test_temporary_root_cannot_bless_an_existing_nonempty_directory" time="0.001" /><testcase classname="tests.test_boreas_stage2_storage_core" name="test_payload_guard_detects_nested_shell_and_quoted_python_urls[command0]" time="0.001" /><testcase classname="tests.test_boreas_stage2_storage_core" name="test_payload_guard_detects_nested_shell_and_quoted_python_urls[command1]" time="0.000" /><testcase classname="tests.test_boreas_stage2_storage_core" name="test_payload_command_classifier[command0-False]" time="0.000" /><testcase classname="tests.test_boreas_stage2_storage_core" name="test_payload_command_classifier[command1-False]" time="0.000" /><testcase classname="tests.test_boreas_stage2_storage_core" name="test_payload_command_classifier[command2-False]" time="0.000" /><testcase classname="tests.test_boreas_stage2_storage_core" name="test_payload_command_classifier[command3-True]" time="0.000" /><testcase classname="tests.test_boreas_stage2_storage_core" name="test_payload_command_classifier[command4-True]" time="0.000" /><testcase classname="tests.test_boreas_stage2_storage_core" name="test_payload_command_classifier[aws s3api get-object --bucket 'boreas' --key 'boreas-2021-01-26-11-22/lidar/1.bin' /tmp/x-True]" time="0.001" /><testcase classname="tests.test_boreas_stage2_storage_core" name="test_payload_command_classifier[command6-True]" time="0.000" /><testcase classname="tests.test_boreas_stage2_storage_core" name="test_payload_command_classifier[command7-True]" time="0.000" /><testcase classname="tests.test_boreas_stage2_storage_core" name="test_payload_command_classifier[command8-True]" time="0.000" /><testcase classname="tests.test_boreas_stage2_storage_core" name="test_payload_command_classifier[command9-True]" time="0.000" /><testcase classname="tests.test_boreas_stage2_storage_core" name="test_payload_command_classifier[command10-False]" time="0.000" /><testcase classname="tests.test_boreas_stage2_storage_core" name="test_payload_command_classifier[command11-True]" time="0.000" /><testcase classname="tests.test_boreas_stage2_storage_core" name="test_payload_command_classifier[command12-False]" time="0.001" /><testcase classname="tests.test_boreas_stage2_storage_core" name="test_payload_url_classifier_is_narrow" time="0.000" /><testcase classname="tests.test_boreas_stage2_storage_core" name="test_payload_guard_requires_both_prohibition_environments" time="0.000" /><testcase classname="tests.test_boreas_stage2_storage_core" name="test_payload_attestation_requires_guard_activation" time="0.000" /><testcase classname="tests.test_boreas_stage2_storage_core" name="test_payload_guard_blocks_download_and_allows_metadata_without_network" time="0.001" /><testcase classname="tests.test_boreas_stage2_storage_core" name="test_payload_guard_blocks_http_get_but_allows_head_without_network" time="0.000" /><testcase classname="tests.test_boreas_stage2_storage_core" name="test_payload_guard_restores_process_and_http_entrypoints" time="0.000" /><testcase classname="tests.test_boreas_stage2_storage_optimization" name="test_storage_audit_binds_exact_stage1_science_and_allowlist" time="0.071" /><testcase classname="tests.test_boreas_stage2_storage_optimization" name="test_storage_audit_stage1_hashes_are_literal_immutable_bindings" time="0.003" /><testcase classname="tests.test_boreas_stage2_storage_optimization" name="test_old_budget_breakdown_closes_without_inventing_backend_or_target_copies" time="0.000" /><testcase classname="tests.test_boreas_stage2_storage_optimization" name="test_contracts_preserve_single_target_and_shared_backend_inputs" time="0.084" /><testcase classname="tests.test_boreas_stage2_storage_optimization" name="test_storage_audit_never_assigns_unfrozen_preprocessing_values" time="0.072" /><testcase classname="tests.test_boreas_stage2_storage_optimization" name="test_two_pass_query_contract_preserves_r07_r08_r14_and_zero_actuals" time="0.085" /><testcase classname="tests.test_boreas_stage2_storage_optimization" name="test_checkpoint_and_temp_contracts_are_fail_closed" time="0.000" /><testcase classname="tests.test_boreas_stage2_storage_optimization" name="test_all_readiness_authorization_and_execution_fields_stay_zero" time="0.000" /><testcase classname="tests.test_boreas_stage2_storage_optimization" name="test_source_only_junit_counts_are_independently_authenticated" time="0.004" /><testcase classname="tests.test_boreas_stage2_storage_optimization" name="test_environment_gates_are_both_required" time="0.000" /><testcase classname="tests.test_boreas_stage2_storage_optimization" name="test_metadata_only_producer_builds_complete_zero_execution_closure" time="0.991" /><testcase classname="tests.test_boreas_stage2_storage_verifier" name="test_independent_storage_verifier_accepts_valid_closure" time="0.593" /><testcase classname="tests.test_boreas_stage2_storage_verifier" name="test_verifier_has_no_producer_or_planner_import" time="0.013" /><testcase classname="tests.test_boreas_stage2_storage_verifier" name="test_eleven_resigned_semantic_tampers_all_fail" time="3.723" /><testcase classname="tests.test_boreas_stage2_storage_verifier" name="test_no_icp_nested_static_audit_schema_is_closed" time="0.002" /><testcase classname="tests.test_boreas_stage2_storage_verifier" name="test_no_icp_zero_counts_require_empty_evidence_lists" time="0.001" /><testcase classname="tests.test_boreas_stage2_streaming" name="test_storage_planner_cannot_choose_voxel_size" time="0.000" /><testcase classname="tests.test_boreas_stage2_streaming" name="test_batch_incremental_and_worker_counts_are_byte_exact" time="0.002" /><testcase classname="tests.test_boreas_stage2_streaming" name="test_streaming_result_hash_is_the_physical_target_content_address" time="0.004" /><testcase classname="tests.test_boreas_stage2_streaming" name="test_input_and_point_order_are_fixed_not_silently_resorted" time="0.001" /><testcase classname="tests.test_boreas_stage2_streaming" name="test_resume_matches_uninterrupted_and_replay_does_not_double_count" time="0.002" /><testcase classname="tests.test_boreas_stage2_streaming" name="test_resume_rejects_changed_etag_and_orphan_transition" time="0.001" /><testcase classname="tests.test_boreas_stage2_streaming" name="test_checkpoint_detects_state_and_transition_tampering" time="0.001" /><testcase classname="tests.test_boreas_stage2_streaming" name="test_production_replay_preallocates_exact_allowlist_size_and_fixed_ranges" time="0.004" /><testcase classname="tests.test_boreas_stage2_streaming" name="test_production_replay_resume_skips_complete_prefix_and_final_is_byte_exact" time="0.007" /><testcase classname="tests.test_boreas_stage2_streaming" name="test_production_replay_rejects_changed_identity_wrong_rule_and_tamper" time="0.005" /><testcase classname="tests.test_boreas_stage2_streaming" name="test_production_replay_build_reauthenticates_ranges_after_construction" time="0.006" /><testcase classname="tests.test_boreas_stage2_streaming" name="test_production_replay_rejects_orphan_and_partial_ledger" time="0.005" /><testcase classname="tests.test_boreas_stage2_streaming" name="test_production_replay_rejects_resigned_bogus_map_transition" time="0.004" /><testcase classname="tests.test_boreas_stage2_streaming" name="test_resigned_checkpoint_rejects_orphan_voxels_without_processed_objects" time="0.001" /><testcase classname="tests.test_boreas_stage2_streaming" name="test_streaming_first_pass_persists_metrics_and_deletes_temp_raw" time="0.013" /><testcase classname="tests.test_boreas_stage2_streaming" name="test_query_temp_wrong_purpose_marker_fails_before_cleanup" time="0.002" /><testcase classname="tests.test_boreas_stage2_streaming" name="test_query_temp_extra_marker_field_fails_before_cleanup" time="0.002" /><testcase classname="tests.test_boreas_stage2_streaming" name="test_full_cache_rejects_symlink_prefix" time="0.003" /><testcase classname="tests.test_boreas_stage2_streaming" name="test_first_pass_rejects_registration_derived_metric_and_cleans_temp" time="0.005" /><testcase classname="tests.test_boreas_stage2_streaming" name="test_first_pass_rejects_non_allowlisted_metric_even_without_forbidden_name" time="0.005" /><testcase classname="tests.test_boreas_stage2_streaming" name="test_query_resume_skips_authenticated_rows_and_changed_etag_fails" time="0.021" /><testcase classname="tests.test_boreas_stage2_streaming" name="test_query_resume_rejects_orphan_and_tampered_rows" time="0.016" /><testcase classname="tests.test_boreas_stage2_streaming" name="test_blind_selection_is_external_and_freezes_exact_100_contract" time="0.654" /><testcase classname="tests.test_boreas_stage2_streaming" name="test_snapshot_count_cannot_change[99]" time="0.000" /><testcase classname="tests.test_boreas_stage2_streaming" name="test_snapshot_count_cannot_change[101]" time="0.000" /><testcase classname="tests.test_boreas_stage2_streaming" name="test_selector_cannot_smuggle_unregistered_threshold_or_result_field" time="0.664" /><testcase classname="tests.test_boreas_stage2_streaming" name="test_second_pass_materializes_deterministic_sources_and_deletes_temp" time="1.416" /><testcase classname="tests.test_boreas_stage2_streaming" name="test_second_pass_output_rejects_symlink_and_temporary_descendant" time="0.515" /><testcase classname="tests.test_boreas_stage2_streaming" name="test_second_pass_natural_stage2_root_layout_is_allowed" time="1.137" /><testcase classname="tests.test_boreas_stage2_streaming" name="test_second_pass_resume_rejects_changed_etag_and_orphan_row" time="1.347" /><testcase classname="tests.test_boreas_stage2_streaming" name="test_nondeterministic_canonicalizer_fails_closed" time="0.611" /><testcase classname="tests.test_boreas_stage2_streaming" name="test_full_cache_and_streaming_modes_are_scientifically_identical" time="2.654" /><testcase classname="tests.test_cavers_no_registration_guard" name="test_cavers_runtime_guard_blocks_explicit_registration_processes[command0]" time="0.000" /><testcase classname="tests.test_cavers_no_registration_guard" name="test_cavers_runtime_guard_blocks_explicit_registration_processes[command1]" time="0.000" /><testcase classname="tests.test_cavers_no_registration_guard" name="test_cavers_runtime_guard_blocks_explicit_registration_processes[command2]" time="0.000" /><testcase classname="tests.test_cavers_no_registration_guard" name="test_cavers_runtime_guard_blocks_explicit_registration_processes[command3]" time="0.000" /><testcase classname="tests.test_cavers_no_registration_guard" name="test_cavers_static_source_audit_rejects_registration_imports[import genz_icp\n]" time="0.001" /><testcase classname="tests.test_cavers_no_registration_guard" name="test_cavers_static_source_audit_rejects_registration_imports[from genz_icp import register\n]" time="0.001" /><testcase classname="tests.test_cavers_no_registration_guard" name="test_cavers_static_source_audit_rejects_registration_imports[import rtabmap_ros\n]" time="0.001" /><testcase classname="tests.test_cavers_no_registration_guard" name="test_cavers_static_source_audit_rejects_registration_imports[from safe_wrapper import rtabmap\n]" time="0.001" /><testcase classname="tests.test_cavers_no_registration_guard" name="test_attestation_detects_suspicious_result_filename" time="0.001" /><testcase classname="tests.test_cavers_no_registration_guard" name="test_attestation_detects_nested_json_and_csv_result_fields" time="0.001" /><testcase classname="tests.test_cavers_no_registration_guard" name="test_attestation_rejects_nonzero_declared_estimated_transform_count" time="0.001" /><testcase classname="tests.test_cavers_no_registration_guard" name="test_attestation_allows_nominal_transform_and_zero_count_audit_fields" time="0.001" /><testcase classname="tests.test_cavers_no_registration_guard" name="test_attestation_fails_closed_on_unreadable_structured_result" time="0.001" /><testcase classname="tests.test_cavers_stage1" name="test_zenodo_metadata_parsing_pins_record_and_sorts_inventory" time="0.000" /><testcase classname="tests.test_cavers_stage1" name="test_zenodo_metadata_parsing_rejects_unpinned_release[id-1]" time="0.000" /><testcase classname="tests.test_cavers_stage1" name="test_zenodo_metadata_parsing_rejects_unpinned_release[doi-10.5281/zenodo.1]" time="0.000" /><testcase classname="tests.test_cavers_stage1" name="test_zenodo_metadata_parsing_rejects_unpinned_release[revision-17]" time="0.000" /><testcase classname="tests.test_cavers_stage1" name="test_zenodo_metadata_parsing_rejects_duplicate_inventory_entry" time="0.000" /><testcase classname="tests.test_cavers_stage1" name="test_500mb_download_guard_allows_exact_frozen_limit" time="0.000" /><testcase classname="tests.test_cavers_stage1" name="test_500mb_download_guard_rejects_one_byte_over_limit" time="0.000" /><testcase classname="tests.test_cavers_stage1" name="test_500mb_download_guard_cannot_be_relaxed_by_cli_limit" time="0.000" /><testcase classname="tests.test_cavers_stage1" name="test_range_client_rejects_ignored_range_before_reading_body" time="0.000" /><testcase classname="tests.test_cavers_stage1" name="test_small_file_client_reads_only_expected_bytes_plus_one" time="0.000" /><testcase classname="tests.test_cavers_stage1" name="test_small_file_client_retries_chunked_incomplete_read" time="0.000" /><testcase classname="tests.test_cavers_stage1" name="test_no_registration_guard_fails_closed_without_environment" time="0.000" /><testcase classname="tests.test_cavers_stage1" name="test_no_registration_guard_blocks_icp_and_never_counts_an_execution" time="0.001" /><testcase classname="tests.test_cavers_stage1" name="test_transform_from_xyzw_treats_scalar_as_last_component" time="0.000" /><testcase classname="tests.test_cavers_stage1" name="test_gt_audit_reports_xyzw_and_unit_quaternion" time="0.001" /><testcase classname="tests.test_cavers_stage1" name="test_gt_audit_nonunit_quaternion_fails_reference" time="0.001" /><testcase classname="tests.test_cavers_stage1" name="test_gt_audit_requires_strict_timestamp_monotonicity" time="0.001" /><testcase classname="tests.test_cavers_stage1" name="test_gt_audit_estimates_rate_and_nanosecond_scale" time="0.001" /><testcase classname="tests.test_cavers_stage1" name="test_reference_csv_schema_covers_every_audited_field" time="0.001" /><testcase classname="tests.test_cavers_stage1" name="test_repeated_resume_appends_immutable_commit_provenance" time="0.003" /><testcase classname="tests.test_cavers_stage1" name="test_gt_audit_detects_sequence_local_identity_reset" time="0.001" /><testcase classname="tests.test_cavers_stage1" name="test_gt_audit_does_not_call_nonzero_first_pose_a_reset" time="0.001" /><testcase classname="tests.test_cavers_stage1" name="test_common_world_evidence_does_not_promote_same_named_map_to_proof" time="0.008" /><testcase classname="tests.test_cavers_stage1" name="test_tf_parser_preserves_rig_to_velodyne_direction" time="0.001" /><testcase classname="tests.test_cavers_stage1" name="test_tf_parser_accepts_only_bounded_export_rounding" time="0.001" /><testcase classname="tests.test_cavers_stage1" name="test_tf_parser_rejects_unbounded_quaternion_repair" time="0.001" /><testcase classname="tests.test_cavers_stage1" name="test_reverse_velodyne_to_rig_transform_is_not_misused" time="0.001" /><testcase classname="tests.test_cavers_stage1" name="test_t_map_lidar_composition_applies_rig_rotation_to_sensor_offset" time="0.000" /><testcase classname="tests.test_cavers_stage1" name="test_missing_extrinsic_causes_transform_selection_failure" time="0.001" /><testcase classname="tests.test_cavers_stage1" name="test_conflicting_extrinsics_fail_closed" time="0.001" /><testcase classname="tests.test_cavers_stage1" name="test_lidar_timestamp_audit_checks_monotonicity_and_resolution" time="0.001" /><testcase classname="tests.test_cavers_stage1" name="test_rosbag_metadata_parser_reads_gt_tf_and_lidar_topics" time="0.001" /><testcase classname="tests.test_cavers_stage1" name="test_time_uncertainty_unknown_is_never_encoded_as_zero" time="0.000" /><testcase classname="tests.test_cavers_stage1" name="test_mm_accurate_claim_is_not_promoted_to_one_sigma" time="0.000" /><testcase classname="tests.test_cavers_stage1" name="test_nominal_cad_transform_is_not_zero_uncertainty" time="0.000" /><testcase classname="tests.test_cavers_stage1" name="test_gt_only_overlap_is_deterministic" time="0.001" /><testcase classname="tests.test_cavers_stage1" name="test_gt_only_overlap_is_not_computable_without_proven_common_world" time="0.000" /><testcase classname="tests.test_cavers_stage1" name="test_gap_aware_resampling_does_not_interpolate_across_recording_gap" time="0.000" /><testcase classname="tests.test_cavers_stage1" name="test_same_sequence_pair_is_prohibited_even_if_overlap_row_failed" time="0.000" /><testcase classname="tests.test_cavers_stage1" name="test_frozen_150_second_threshold_is_immutable" time="0.000" /><testcase classname="tests.test_cavers_stage1" name="test_frozen_060_coverage_threshold_is_immutable" time="0.000" /><testcase classname="tests.test_cavers_stage1" name="test_frozen_30_interval_threshold_is_immutable" time="0.000" /><testcase classname="tests.test_cavers_stage1" name="test_all_frozen_overlap_constants_match_preregistered_contract" time="0.000" /><testcase classname="tests.test_cavers_stage1" name="test_overlap_below_frozen_duration_and_interval_gate_fails" time="0.001" /><testcase classname="tests.test_cavers_stage1" name="test_pair_ranking_is_deterministic_and_uses_frozen_precedence" time="0.000" /><testcase classname="tests.test_cavers_stage1" name="test_pair_ranking_excludes_any_row_missing_a_hard_gate[map_independent_6dof]" time="0.000" /><testcase classname="tests.test_cavers_stage1" name="test_pair_ranking_excludes_any_row_missing_a_hard_gate[query_independent_6dof]" time="0.000" /><testcase classname="tests.test_cavers_stage1" name="test_pair_ranking_excludes_any_row_missing_a_hard_gate[common_world_frame_proven]" time="0.000" /><testcase classname="tests.test_cavers_stage1" name="test_pair_ranking_excludes_any_row_missing_a_hard_gate[map_rig_lidar_transform_available]" time="0.000" /><testcase classname="tests.test_cavers_stage1" name="test_pair_ranking_excludes_any_row_missing_a_hard_gate[query_rig_lidar_transform_available]" time="0.000" /><testcase classname="tests.test_cavers_stage1" name="test_registration_attestation_count_stays_zero_on_clean_stage1_tree" time="0.001" /><testcase classname="tests.test_cavers_stage1_resume_provenance" name="test_accepts_pointer_ordered_multi_resume_chain_independent_of_filename_order" time="0.049" /><testcase classname="tests.test_cavers_stage1_resume_provenance" name="test_rejects_resume_pointer_fork" time="0.042" /><testcase classname="tests.test_cavers_stage1_resume_provenance" name="test_rejects_disconnected_resume_pointer" time="0.047" /><testcase classname="tests.test_cavers_stage1_resume_provenance" name="test_rejects_manifest_finalizing_commit_before_pointer_chain_tail" time="0.037" /><testcase classname="tests.test_execution_context" name="test_valid_context_is_explicit_immutable_and_json_native[FORMAL]" time="0.002" /><testcase classname="tests.test_execution_context" name="test_valid_context_is_explicit_immutable_and_json_native[QUALIFICATION]" time="0.001" /><testcase classname="tests.test_execution_context" name="test_mode_is_never_inferred_or_coerced" time="0.001" /><testcase classname="tests.test_execution_context" name="test_every_injected_dependency_is_exactly_contract_bound[plan_id-EXECUTION_CONTEXT_PLAN_MISMATCH]" time="0.002" /><testcase classname="tests.test_execution_context" name="test_every_injected_dependency_is_exactly_contract_bound[cache_root-EXECUTION_CONTEXT_CACHE_MISMATCH]" time="0.001" /><testcase classname="tests.test_execution_context" name="test_every_injected_dependency_is_exactly_contract_bound[runtime_root-EXECUTION_CONTEXT_RUNTIME_MISMATCH]" time="0.002" /><testcase classname="tests.test_execution_context" name="test_every_injected_dependency_is_exactly_contract_bound[snapshot_schema-EXECUTION_CONTEXT_SCHEMA_MISMATCH]" time="0.002" /><testcase classname="tests.test_execution_context" name="test_every_injected_dependency_is_exactly_contract_bound[trial_schema-EXECUTION_CONTEXT_SCHEMA_MISMATCH]" time="0.002" /><testcase classname="tests.test_execution_context" name="test_every_injected_dependency_is_exactly_contract_bound[allowed_scenes-EXECUTION_CONTEXT_SCENE_POLICY_MISMATCH]" time="0.002" /><testcase classname="tests.test_execution_context" name="test_every_injected_dependency_is_exactly_contract_bound[allowed_conditions-EXECUTION_CONTEXT_CONDITION_POLICY_MISMATCH]" time="0.001" /><testcase classname="tests.test_execution_context" name="test_every_injected_dependency_is_exactly_contract_bound[allowed_seed_policy-EXECUTION_CONTEXT_SEED_POLICY_MISMATCH]" time="0.002" /><testcase classname="tests.test_execution_context" name="test_every_injected_dependency_is_exactly_contract_bound[id_policy-EXECUTION_CONTEXT_ID_POLICY_MISMATCH]" time="0.002" /><testcase classname="tests.test_execution_context" name="test_every_injected_dependency_is_exactly_contract_bound[backend_policy-EXECUTION_CONTEXT_BACKEND_POLICY_MISMATCH]" time="0.002" /><testcase classname="tests.test_execution_context" name="test_every_injected_dependency_is_exactly_contract_bound[snapshot_reader_policy-EXECUTION_CONTEXT_READER_POLICY_MISMATCH]" time="0.002" /><testcase classname="tests.test_execution_context" name="test_formal_and_qualification_contracts_cannot_cross_modes[FORMAL-QUALIFICATION]" time="0.001" /><testcase classname="tests.test_execution_context" name="test_formal_and_qualification_contracts_cannot_cross_modes[QUALIFICATION-FORMAL]" time="0.001" /><testcase classname="tests.test_execution_context" name="test_contract_rejects_cross_mode_schema_and_reader_policy" time="0.002" /><testcase classname="tests.test_execution_context" name="test_qualification_can_never_authorize_confirmatory_seeds" time="0.000" /><testcase classname="tests.test_execution_context" name="test_reader_policy_must_cover_exact_condition_vocabulary" time="0.001" /><testcase classname="tests.test_execution_context" name="test_snapshot_and_trial_validation_use_only_injected_validators" time="0.001" /><testcase classname="tests.test_execution_context" name="test_injected_validator_failure_is_structured" time="0.001" /><testcase classname="tests.test_execution_context" name="test_cache_must_be_an_explicit_runtime_descendant" time="0.001" /><testcase classname="tests.test_formal_execution_context_integration" name="test_three_scene_six_trial_real_reader_bridge_runner_path_is_unmocked" time="0.032" /><testcase classname="tests.test_formal_execution_context_integration" name="test_seed_free_fresh_resume_reauthentication_is_scientifically_equivalent" time="0.046" /><testcase classname="tests.test_formal_execution_context_integration" name="test_every_invalid_full_path_input_fails_before_terminal_dispatch[trial_scene_mismatch]" time="0.019" /><testcase classname="tests.test_formal_execution_context_integration" name="test_every_invalid_full_path_input_fails_before_terminal_dispatch[missing_lock_entry]" time="0.019" /><testcase classname="tests.test_formal_execution_context_integration" name="test_every_invalid_full_path_input_fails_before_terminal_dispatch[lock_checksum_mismatch]" time="0.024" /><testcase classname="tests.test_formal_execution_context_integration" name="test_every_invalid_full_path_input_fails_before_terminal_dispatch[missing_execution_context]" time="0.021" /><testcase classname="tests.test_formal_execution_context_integration" name="test_production_qualification_plan_audit_is_metadata_only" time="0.036" /><testcase classname="tests.test_formal_execution_context_negative" name="test_twenty_negative_context_bridge_and_reader_cases_dispatch_zero_backends" time="0.009" /><testcase classname="tests.test_formal_lifecycle_component_binding" name="test_component_binding_reports_callable_and_file_identity" time="0.001" /><testcase classname="tests.test_formal_lifecycle_component_binding" name="test_component_binding_rejects_file_sha_mismatch_before_entry" time="0.001" /><testcase classname="tests.test_formal_lifecycle_component_binding" name="test_component_binding_rejects_callable_file_mismatch_before_entry" time="0.001" /><testcase classname="tests.test_formal_lifecycle_component_binding" name="test_component_binding_rejects_noncanonical_component_id[]" time="0.001" /><testcase classname="tests.test_formal_lifecycle_component_binding" name="test_component_binding_rejects_noncanonical_component_id[ component]" time="0.001" /><testcase classname="tests.test_formal_lifecycle_component_binding" name="test_component_binding_rejects_noncanonical_component_id[component ]" time="0.001" /><testcase classname="tests.test_formal_lifecycle_component_binding" name="test_component_binding_rejects_invalid_callable_identity[bad_module-__module__]" time="0.001" /><testcase classname="tests.test_formal_lifecycle_component_binding" name="test_component_binding_rejects_invalid_callable_identity[bad_qualname-__qualname__]" time="0.001" /><testcase classname="tests.test_formal_lifecycle_component_binding" name="test_component_bundle_is_frozen_and_backend_registry_is_exact" time="0.001" /><testcase classname="tests.test_formal_lifecycle_context_isolation" name="test_contexts_are_distinct_but_share_exact_component_implementations" time="0.086" /><testcase classname="tests.test_formal_lifecycle_context_isolation" name="test_cross_context_bindings_fail_before_runtime_creation[a_manifest_with_b_plans]" time="0.087" /><testcase classname="tests.test_formal_lifecycle_context_isolation" name="test_cross_context_bindings_fail_before_runtime_creation[b_manifest_with_a_plans]" time="0.085" /><testcase classname="tests.test_formal_lifecycle_context_isolation" name="test_cross_context_bindings_fail_before_runtime_creation[a_manifest_with_b_bundle]" time="0.082" /><testcase classname="tests.test_formal_lifecycle_context_isolation" name="test_cross_context_bindings_fail_before_runtime_creation[b_manifest_with_a_bundle]" time="0.089" /><testcase classname="tests.test_formal_lifecycle_context_isolation" name="test_cross_context_bindings_fail_before_runtime_creation[a_with_b_cache]" time="0.083" /><testcase classname="tests.test_formal_lifecycle_context_isolation" name="test_cross_context_bindings_fail_before_runtime_creation[b_with_a_cache]" time="0.094" /><testcase classname="tests.test_formal_lifecycle_context_isolation" name="test_cross_context_bindings_fail_before_runtime_creation[a_with_b_run_id]" time="0.104" /><testcase classname="tests.test_formal_lifecycle_context_isolation" name="test_cross_context_bindings_fail_before_runtime_creation[b_with_a_run_id]" time="0.100" /><testcase classname="tests.test_formal_lifecycle_context_isolation" name="test_cross_context_bindings_fail_before_runtime_creation[a_with_b_runtime_paths]" time="0.080" /><testcase classname="tests.test_formal_lifecycle_context_isolation" name="test_cross_context_bindings_fail_before_runtime_creation[b_with_a_runtime_paths]" time="0.093" /><testcase classname="tests.test_formal_lifecycle_context_isolation" name="test_cross_context_bindings_fail_before_runtime_creation[a_with_b_publisher_inventory]" time="0.078" /><testcase classname="tests.test_formal_lifecycle_context_isolation" name="test_cross_context_bindings_fail_before_runtime_creation[b_with_a_publisher_inventory]" time="0.085" /><testcase classname="tests.test_formal_lifecycle_context_isolation" name="test_cross_context_bindings_fail_before_runtime_creation[a_component_sha_mismatch]" time="0.082" /><testcase classname="tests.test_formal_lifecycle_context_isolation" name="test_cross_context_bindings_fail_before_runtime_creation[b_component_sha_mismatch]" time="0.082" /><testcase classname="tests.test_formal_lifecycle_context_isolation" name="test_cross_context_bindings_fail_before_runtime_creation[formal_mode_with_qualification_contract]" time="0.096" /><testcase classname="tests.test_formal_lifecycle_context_isolation" name="test_cross_context_bindings_fail_before_runtime_creation[qualification_mode_with_formal_contract]" time="0.073" /><testcase classname="tests.test_formal_lifecycle_fresh_resume" name="test_generic_lifecycle_fresh_resume_has_zero_reexecution_or_checksum_change" time="5.570" /><testcase classname="tests.test_formal_lifecycle_fresh_resume" name="test_invocation_id_path_escape_is_rejected_before_runtime_creation" time="2.115" /><testcase classname="tests.test_formal_lifecycle_full_pipeline" name="test_context_a_and_b_real_three_by_six_full_scientific_pipeline" time="6.752" /><testcase classname="tests.test_formal_lifecycle_no_v3_hardcoding" name="test_generic_core_has_zero_forbidden_v3_references" time="0.009" /><testcase classname="tests.test_formal_lifecycle_no_v3_hardcoding" name="test_generic_core_has_zero_fixed_runtime_manifest_or_run_id" time="0.021" /><testcase classname="tests.test_formal_lifecycle_no_v3_hardcoding" name="test_formal_execution_context_requires_explicit_arguments" time="0.013" /><testcase classname="tests.test_formal_lifecycle_snapshot_interrupt" name="test_real_sigterm_after_snapshot_commit_resumes_without_reexecution" time="6.947" /><testcase classname="tests.test_formal_lifecycle_spec" name="test_formal_lifecycle_spec_is_deeply_immutable" time="0.005" /><testcase classname="tests.test_formal_lifecycle_spec" name="test_validated_spec_preserves_immutable_canonical_plan" time="0.005" /><testcase classname="tests.test_formal_lifecycle_spec" name="test_spec_rejects_in_memory_manifest_that_differs_from_bound_file" time="0.005" /><testcase classname="tests.test_formal_lifecycle_spec" name="test_spec_rejects_component_identity_mismatch_before_entry[component_id-different_component]" time="0.005" /><testcase classname="tests.test_formal_lifecycle_spec" name="test_spec_rejects_component_identity_mismatch_before_entry[callable_module-different.module]" time="0.005" /><testcase classname="tests.test_formal_lifecycle_spec" name="test_spec_rejects_component_identity_mismatch_before_entry[callable_qualname-different_qualname]" time="0.005" /><testcase classname="tests.test_formal_lifecycle_trial_concurrency" name="test_workers_bound_backend_calls_while_main_thread_commits_in_plan_order" time="0.380" /><testcase classname="tests.test_formal_lifecycle_trial_interrupt" name="test_real_sigterm_after_trial_commit_resumes_without_reexecution" time="9.448" /><testcase classname="tests.test_formal_semantics_equivalence" name="test_formal_snapshot_validator_scientific_body_is_baseline_exact" time="0.002"><skipped type="pytest.skip" message="source-only ZIP excludes the historical Git baseline object">/home/lj/ZPRM/tests/test_formal_semantics_equivalence.py:58: source-only ZIP excludes the historical Git baseline object</skipped></testcase><testcase classname="tests.test_formal_semantics_equivalence" name="test_formal_snapshot_validator_behavior_matches_baseline_oracle" time="0.010" /><testcase classname="tests.test_formal_semantics_equivalence" name="test_reader_policy_and_authentication_primitives_are_static_baseline_equivalent" time="0.002"><skipped type="pytest.skip" message="source-only ZIP excludes the historical Git baseline object">/home/lj/ZPRM/tests/test_formal_semantics_equivalence.py:58: source-only ZIP excludes the historical Git baseline object</skipped></testcase><testcase classname="tests.test_formal_semantics_equivalence" name="test_formal_plan_only_bridge_audits_exact_595_1190_without_payload_reads" time="0.175" /><testcase classname="tests.test_formal_semantics_equivalence" name="test_plan_only_audit_does_not_import_payload_or_backend_modules" time="0.004" /><testcase classname="tests.test_full_synthetic_analysis_publication" name="test_rotation_vector_contract_projects_relative_so3_and_matches_independent" time="0.001" /><testcase classname="tests.test_full_synthetic_analysis_publication" name="test_systematic_summary_requires_exactly_ten_successes_and_ddof_one" time="0.001" /><testcase classname="tests.test_full_synthetic_analysis_publication" name="test_hierarchical_bootstrap_preserves_inner_blocks_and_paired_contrast_definition" time="0.003" /><testcase classname="tests.test_full_synthetic_analysis_publication" name="test_primary_scene_gate_uses_registered_24_of_30_wins_without_private_intersection_gate" time="0.000" /><testcase classname="tests.test_full_synthetic_analysis_publication" name="test_full_projection_matches_independent_with_hierarchical_cross_backend_intervals" time="0.540" /><testcase classname="tests.test_full_synthetic_analysis_publication" name="test_independent_systematic_ridge_and_candidate_formulas_match_primary_projection" time="0.272" /><testcase classname="tests.test_full_synthetic_analysis_publication" name="test_common_builder_rejects_lock_sha_and_trial_input_checksum_mismatch" time="0.003" /><testcase classname="tests.test_full_synthetic_analysis_publication" name="test_independent_common_recomputation_rejects_metric_tamper_even_when_cache_is_resigned" time="0.001" /><testcase classname="tests.test_full_synthetic_analysis_publication" name="test_publication_decision_preserves_source_decisions_and_fails_closed_on_difference" time="0.000" /><testcase classname="tests.test_full_synthetic_analysis_publication" name="test_artifact_verifier_recomputes_projection_rejects_extra_and_checksum_tamper" time="0.937" /><testcase classname="tests.test_full_synthetic_diagnostics_models" name="test_pca_normals_use_fixed_k50_and_are_unoriented_planar_normals" time="0.002" /><testcase classname="tests.test_full_synthetic_diagnostics_models" name="test_common_nearest_neighbor_distance_limit_is_inclusive_050_m" time="0.000" /><testcase classname="tests.test_full_synthetic_diagnostics_models" name="test_correspondence_and_accepted_source_turnover_are_jaccard" time="0.000" /><testcase classname="tests.test_full_synthetic_diagnostics_models" name="test_snapshot_context_caches_reference_metrics_for_both_backend_estimates" time="0.003" /><testcase classname="tests.test_full_synthetic_diagnostics_models" name="test_final_pose_is_rematched_and_no_final_correspondence_is_retained_as_invalid" time="0.002" /><testcase classname="tests.test_full_synthetic_diagnostics_models" name="test_insufficient_pca_neighbors_produces_explicit_invalid_reason" time="0.001" /><testcase classname="tests.test_full_synthetic_diagnostics_models" name="test_systematic_offset_covariance_uses_ddof1_and_direction_concentration" time="0.000" /><testcase classname="tests.test_full_synthetic_diagnostics_models" name="test_systematic_fraction_zero_denominator_and_zero_vectors_are_null" time="0.000" /><testcase classname="tests.test_full_synthetic_diagnostics_models" name="test_hierarchical_bootstrap_contract_is_exact_and_deterministic" time="0.120" /><testcase classname="tests.test_full_synthetic_diagnostics_models" name="test_development_descriptive_paired_and_spearman_statistics" time="0.444" /><testcase classname="tests.test_full_synthetic_diagnostics_models" name="test_geometry_seed_cv_uses_three_folds_train_only_scaler_and_fixed_ridge" time="0.009" /><testcase classname="tests.test_full_synthetic_diagnostics_models" name="test_automatic_candidate_rules_and_status_cannot_self_validate" time="0.000" /><testcase classname="tests.test_full_synthetic_protocol_assets_runner" name="test_six_conditions_are_exact_and_only_five_are_new" time="0.000" /><testcase classname="tests.test_full_synthetic_protocol_assets_runner" name="test_protocol_freezes_rank_systematic_candidate_and_statistical_contracts" time="0.002" /><testcase classname="tests.test_full_synthetic_protocol_assets_runner" name="test_new_and_combined_plan_counts_are_exact" time="0.023" /><testcase classname="tests.test_full_synthetic_protocol_assets_runner" name="test_each_condition_has_210_snapshots_and_each_snapshot_is_shared" time="0.004" /><testcase classname="tests.test_full_synthetic_protocol_assets_runner" name="test_phase_b_overlap_retains_all_published_snapshot_and_trial_ids" time="0.003"><skipped type="pytest.skip" message="source-only ZIP excludes the historical Phase B tag object">/home/lj/ZPRM/tests/test_full_synthetic_protocol_assets_runner.py:61: source-only ZIP excludes the historical Phase B tag object</skipped></testcase><testcase classname="tests.test_full_synthetic_protocol_assets_runner" name="test_phase_a_ideal_import_is_read_only_and_complete" time="0.000"><skipped type="pytest.skip" message="source-only ZIP excludes the historical formal Phase A results">/home/lj/ZPRM/tests/test_full_synthetic_protocol_assets_runner.py:61: source-only ZIP excludes the historical formal Phase A results</skipped></testcase><testcase classname="tests.test_full_synthetic_protocol_assets_runner" name="test_generator_uses_both_development_measurement_seeds_without_confirmatory" time="0.932" /><testcase classname="tests.test_full_synthetic_protocol_assets_runner" name="test_snapshot_atomic_write_and_strict_reader" time="2.936" /><testcase classname="tests.test_full_synthetic_protocol_assets_runner" name="test_fsync_directory_opens_exactly_one_descriptor" time="0.002" /><testcase classname="tests.test_full_synthetic_protocol_assets_runner" name="test_trial_bridge_supports_exactly_five_new_conditions" time="0.002" /><testcase classname="tests.test_full_synthetic_protocol_assets_runner" name="test_dry_run_is_1050_2100_and_zero_execution" time="0.535" /><testcase classname="tests.test_full_synthetic_protocol_assets_runner" name="test_unauthorized_manifest_has_no_future_gate_report_cycle" time="0.002" /><testcase classname="tests.test_full_synthetic_protocol_assets_runner" name="test_authorization_rejects_forged_gate_report" time="0.001"><skipped type="pytest.skip" message="source-only ZIP excludes the historical Phase B raw results">/home/lj/ZPRM/tests/test_full_synthetic_protocol_assets_runner.py:61: source-only ZIP excludes the historical Phase B raw results</skipped></testcase><testcase classname="tests.test_minimal_harness" name="test_01_manifest_payload" time="0.000" /><testcase classname="tests.test_minimal_harness" name="test_02_source_export_sha_identity" time="0.000" /><testcase classname="tests.test_minimal_harness" name="test_03_asset_equivalence" time="0.313" /><testcase classname="tests.test_minimal_harness" name="test_04_snapshot_count" time="0.000" /><testcase classname="tests.test_minimal_harness" name="test_05_snapshot_lock_sha" time="0.000" /><testcase classname="tests.test_minimal_harness" name="test_06_planned_snapshot_ids_unique" time="0.000" /><testcase classname="tests.test_minimal_harness" name="test_07_planned_trial_ids_unique" time="0.001" /><testcase classname="tests.test_minimal_harness" name="test_08_backend_counts" time="0.001" /><testcase classname="tests.test_minimal_harness" name="test_09_native_trial_count_zero" time="0.001" /><testcase classname="tests.test_minimal_harness" name="test_10_condition_ideal_matched_only" time="0.001" /><testcase classname="tests.test_minimal_harness" name="test_11_cache_dtype" time="0.002" /><testcase classname="tests.test_minimal_harness" name="test_12_cache_shape" time="0.001" /><testcase classname="tests.test_minimal_harness" name="test_13_cache_c_order" time="0.001" /><testcase classname="tests.test_minimal_harness" name="test_14_no_source_runtime_import" time="0.096" /><testcase classname="tests.test_minimal_harness" name="test_15_no_scene_generator" time="0.000" /><testcase classname="tests.test_minimal_harness" name="test_16_no_formal_rng_access" time="0.000" /><testcase classname="tests.test_minimal_harness" name="test_17_identity_open3d" time="0.000" /><testcase classname="tests.test_minimal_harness" name="test_18_identity_pcl" time="0.000" /><testcase classname="tests.test_minimal_harness" name="test_19_nonidentity_open3d" time="0.000" /><testcase classname="tests.test_minimal_harness" name="test_20_nonidentity_pcl" time="0.000" /><testcase classname="tests.test_minimal_harness" name="test_21_no_correspondence_open3d" time="0.000" /><testcase classname="tests.test_minimal_harness" name="test_22_no_correspondence_pcl" time="0.000" /><testcase classname="tests.test_minimal_harness" name="test_23_fixture_pairing" time="0.000" /><testcase classname="tests.test_minimal_harness" name="test_24_strict_schema_valid" time="0.001" /><testcase classname="tests.test_minimal_harness" name="test_25_strict_schema_missing_field" time="0.000" /><testcase classname="tests.test_minimal_harness" name="test_26_strict_schema_unknown_field" time="0.000" /><testcase classname="tests.test_minimal_harness" name="test_27_resume_wrong_checksum" time="0.004" /><testcase classname="tests.test_minimal_harness" name="test_28_resume_wrong_implementation" time="0.002" /><testcase classname="tests.test_minimal_harness" name="test_29_atomic_writer" time="0.002" /><testcase classname="tests.test_minimal_harness" name="test_30_resume_skips_valid_results" time="0.000" /><testcase classname="tests.test_minimal_harness" name="test_31_resume_rejects_corruption" time="0.002" /><testcase classname="tests.test_minimal_harness" name="test_32_fresh_resume_equivalence" time="0.000" /><testcase classname="tests.test_minimal_harness" name="test_33_translation_metric" time="0.001" /><testcase classname="tests.test_minimal_harness" name="test_34_rotation_metric" time="0.000" /><testcase classname="tests.test_minimal_harness" name="test_35_q95_linear" time="0.000" /><testcase classname="tests.test_minimal_harness" name="test_36_fixture_analysis_verifier" time="0.000" /><testcase classname="tests.test_minimal_harness" name="test_37_fixture_publisher" time="0.000" /><testcase classname="tests.test_minimal_harness" name="test_38_fixture_artifact_verifier" time="0.000" /><testcase classname="tests.test_minimal_harness" name="test_39_dry_run_inventory" time="0.000" /><testcase classname="tests.test_minimal_harness" name="test_40_dry_run_zero_execution" time="0.000" /><testcase classname="tests.test_phase_b_analysis" name="test_phase_b_spearman_and_scene_rank_gates_pass" time="0.001" /><testcase classname="tests.test_phase_b_analysis" name="test_phase_b_average_rank_ties_are_reported" time="0.001" /><testcase classname="tests.test_phase_b_analysis" name="test_phase_b_common_weak_scene_uses_frozen_candidate_order" time="0.000" /><testcase classname="tests.test_phase_b_analysis" name="test_phase_b_near_zero_rich_denominator_is_null_and_fails" time="0.000" /><testcase classname="tests.test_phase_b_analysis" name="test_phase_b_seed_consistency_requires_two_of_three_per_backend" time="0.000" /><testcase classname="tests.test_phase_b_analysis" name="test_phase_b_analysis_verifier_difference_is_section_count" time="0.000" /><testcase classname="tests.test_phase_b_analysis" name="test_phase_b_artifact_verifier_accepts_complete_synthetic_artifact" time="0.004" /><testcase classname="tests.test_phase_b_analysis" name="test_phase_b_artifact_verifier_detects_sha_tampering" time="0.004" /><testcase classname="tests.test_phase_b_assets_runner" name="test_phase_b_plan_is_exactly_42_snapshots_and_84_paired_trials" time="0.001" /><testcase classname="tests.test_phase_b_assets_runner" name="test_phase_b_plan_rejects_backend_or_order_change" time="0.001" /><testcase classname="tests.test_phase_b_assets_runner" name="test_phase_b_snapshot_reader_checks_dtype_raw_and_metadata" time="0.001" /><testcase classname="tests.test_phase_b_assets_runner" name="test_phase_b_snapshot_reader_rejects_changed_array_bytes" time="0.001" /><testcase classname="tests.test_phase_b_assets_runner" name="test_nonempty_partial_cache_is_never_extended_or_overwritten" time="0.002" /><testcase classname="tests.test_phase_b_assets_runner" name="test_phase_b_dry_run_reports_zero_execution_and_exact_counts" time="0.001" /><testcase classname="tests.test_phase_b_frozen_integration" name="test_phase_b_generator_export_and_seven_anchor_reproduction" time="0.001" /><testcase classname="tests.test_phase_b_frozen_integration" name="test_phase_b_protocol_and_single_manifest_are_exact" time="0.001" /><testcase classname="tests.test_phase_b_frozen_integration" name="test_phase_b_actual_snapshot_lock_inventory_and_pairing" time="2.165" /><testcase classname="tests.test_phase_b_frozen_integration" name="test_phase_b_dry_run_and_runtime_isolation_are_zero_execution" time="0.161" /><testcase classname="tests.test_phase_b_trial_bridge" name="test_phase_b_validator_preserves_frozen_26_field_contract[FULL_NOISE]" time="0.001" /><testcase classname="tests.test_phase_b_trial_bridge" name="test_phase_b_validator_preserves_frozen_26_field_contract[INDEPENDENT_NOISE_FREE]" time="0.001" /><testcase classname="tests.test_phase_b_trial_bridge" name="test_phase_b_validator_rejects_non_phase_b_condition_without_mutation" time="0.000" /><testcase classname="tests.test_phase_b_trial_bridge" name="test_phase_b_atomic_writer_uses_canonical_payload_and_refuses_overwrite" time="0.005" /><testcase classname="tests.test_phase_b_trial_bridge" name="test_phase_b_resume_validates_sha_schema_and_real_condition" time="0.004" /><testcase classname="tests.test_phase_b_trial_bridge" name="test_open3d_bridge_changes_only_temporary_condition" time="0.002" /><testcase classname="tests.test_phase_b_trial_bridge" name="test_pcl_bridge_preserves_parameters_cli_and_exposes_no_native" time="0.001" /><testcase classname="tests.test_public_data_external_validation_v2_protocol" name="test_v2_protocol_role_numbering_authorizations_and_counts_are_frozen" time="0.001" /><testcase classname="tests.test_public_data_external_validation_v2_protocol" name="test_e02_keeps_trajectory_independence_and_all_extrinsic_limitations" time="0.001" /><testcase classname="tests.test_public_data_external_validation_v2_protocol" name="test_e06_e09_e10_and_e11_preserve_scientific_boundaries" time="0.000" /><testcase classname="tests.test_public_data_external_validation_v2_protocol" name="test_analysis_contract_freezes_v2_h1_through_h6" time="0.000" /><testcase classname="tests.test_public_data_external_validation_v2_protocol" name="test_pair_contract_freezes_gap_aware_thresholds_ranking_and_reserves" time="0.001" /><testcase classname="tests.test_public_data_external_validation_v2_protocol" name="test_eligibility_csv_has_only_e01_through_e14_and_is_not_adjudicated" time="0.000" /><testcase classname="tests.test_public_data_v1_closure" name="test_frozen_closure_independent_verifier_passes" time="0.017" /><testcase classname="tests.test_public_data_v1_closure" name="test_builder_is_deterministic_and_does_not_mutate_v1_sources" time="0.049" /><testcase classname="tests.test_public_data_v1_closure" name="test_candidate_rows_preserve_all_five_historical_decisions" time="0.000" /><testcase classname="tests.test_public_data_v1_closure" name="test_closure_has_exact_fixed_flags" time="0.000" /><testcase classname="tests.test_public_data_v1_closure" name="test_builder_refuses_to_write_inside_historical_bundle" time="0.000" /><testcase classname="tests.test_public_data_v1_closure" name="test_semantic_tamper_fails_even_after_outer_checksum_is_refreshed" time="0.016" /><testcase classname="tests.test_public_data_v1_closure" name="test_candidate_reason_tamper_fails_after_checksum_refresh" time="0.015" /><testcase classname="tests.test_public_data_v1_closure" name="test_no_registration_tamper_fails_after_checksum_refresh" time="0.016" /><testcase classname="tests.test_public_data_v1_closure" name="test_boreas_v1_r02_source_tamper_is_rejected" time="0.027" /><testcase classname="tests.test_public_data_v1_closure" name="test_v1_protocol_tamper_is_rejected" time="0.015" /><testcase classname="tests.test_public_data_v1_closure" name="test_extra_closure_file_is_rejected" time="0.016" /><testcase classname="tests.test_qualification_json_native" name="test_each_exact_formal_runtime_state_uses_frozen_value[FORMAL_RUNTIME_ABSENT-FORMAL_RUNTIME_ABSENT]" time="0.000" /><testcase classname="tests.test_qualification_json_native" name="test_each_exact_formal_runtime_state_uses_frozen_value[FORMAL_RUNTIME_BOOTSTRAP_ONLY-FORMAL_RUNTIME_BOOTSTRAP_ONLY]" time="0.000" /><testcase classname="tests.test_qualification_json_native" name="test_each_exact_formal_runtime_state_uses_frozen_value[FORMAL_RUNTIME_RESUMABLE-FORMAL_RUNTIME_RESUMABLE]" time="0.000" /><testcase classname="tests.test_qualification_json_native" name="test_each_exact_formal_runtime_state_uses_frozen_value[FORMAL_RUNTIME_INVALID-FORMAL_RUNTIME_INVALID]" time="0.000" /><testcase classname="tests.test_qualification_json_native" name="test_nested_dict_and_list_states_are_converted_with_exact_paths" time="0.000" /><testcase classname="tests.test_qualification_json_native" name="test_complete_r2_inventory_has_exactly_eleven_convertible_leaves" time="0.000" /><testcase classname="tests.test_qualification_json_native" name="test_complete_r2_inventory_normalizes_to_strict_tree" time="0.000" /><testcase classname="tests.test_qualification_json_native" name="test_complete_r2_inventory_atomic_write_and_reload_are_exact" time="0.003" /><testcase classname="tests.test_qualification_json_native" name="test_frozen_writer_still_rejects_raw_enum" time="0.001" /><testcase classname="tests.test_qualification_json_native" name="test_input_object_is_not_mutated_and_containers_are_new" time="0.000" /><testcase classname="tests.test_qualification_json_native" name="test_shared_acyclic_container_is_copied_without_aliasing" time="0.000" /><testcase classname="tests.test_qualification_json_native" name="test_exact_native_scalars_are_accepted_without_conversion[None]" time="0.000" /><testcase classname="tests.test_qualification_json_native" name="test_exact_native_scalars_are_accepted_without_conversion[text]" time="0.000" /><testcase classname="tests.test_qualification_json_native" name="test_exact_native_scalars_are_accepted_without_conversion[True]" time="0.000" /><testcase classname="tests.test_qualification_json_native" name="test_exact_native_scalars_are_accepted_without_conversion[False]" time="0.000" /><testcase classname="tests.test_qualification_json_native" name="test_exact_native_scalars_are_accepted_without_conversion[0]" time="0.000" /><testcase classname="tests.test_qualification_json_native" name="test_exact_native_scalars_are_accepted_without_conversion[-8]" time="0.000" /><testcase classname="tests.test_qualification_json_native" name="test_exact_native_scalars_are_accepted_without_conversion[2.5]" time="0.000" /><testcase classname="tests.test_qualification_json_native" name="test_native_dict_and_list_are_recursively_copied" time="0.000" /><testcase classname="tests.test_qualification_json_native" name="test_other_enum_is_rejected_even_with_same_string_value" time="0.000" /><testcase classname="tests.test_qualification_json_native" name="test_unknown_object_is_rejected_without_stringification" time="0.000" /><testcase classname="tests.test_qualification_json_native" name="test_unknown_object_dictionary_is_not_expanded" time="0.000" /><testcase classname="tests.test_qualification_json_native" name="test_dataclass_instance_is_rejected" time="0.000" /><testcase classname="tests.test_qualification_json_native" name="test_set_and_binary_values_are_rejected[value0]" time="0.000" /><testcase classname="tests.test_qualification_json_native" name="test_set_and_binary_values_are_rejected[abc]" time="0.000" /><testcase classname="tests.test_qualification_json_native" name="test_set_and_binary_values_are_rejected[value2]" time="0.000" /><testcase classname="tests.test_qualification_json_native" name="test_tuple_conversion_is_disabled_by_zero_inventory" time="0.000" /><testcase classname="tests.test_qualification_json_native" name="test_path_conversion_is_disabled_and_value_is_redacted" time="0.000" /><testcase classname="tests.test_qualification_json_native" name="test_numpy_values_are_rejected_by_zero_inventory[value0]" time="0.000" /><testcase classname="tests.test_qualification_json_native" name="test_numpy_values_are_rejected_by_zero_inventory[0.25]" time="0.000" /><testcase classname="tests.test_qualification_json_native" name="test_numpy_values_are_rejected_by_zero_inventory[value2]" time="0.000" /><testcase classname="tests.test_qualification_json_native" name="test_numpy_values_are_rejected_by_zero_inventory[value3]" time="0.000" /><testcase classname="tests.test_qualification_json_native" name="test_nonfinite_numbers_are_rejected[nan]" time="0.000" /><testcase classname="tests.test_qualification_json_native" name="test_nonfinite_numbers_are_rejected[inf]" time="0.000" /><testcase classname="tests.test_qualification_json_native" name="test_nonfinite_numbers_are_rejected[-inf]" time="0.000" /><testcase classname="tests.test_qualification_json_native" name="test_non_string_dictionary_keys_are_rejected[1]" time="0.000" /><testcase classname="tests.test_qualification_json_native" name="test_non_string_dictionary_keys_are_rejected[False]" time="0.000" /><testcase classname="tests.test_qualification_json_native" name="test_non_string_dictionary_keys_are_rejected[key2]" time="0.000" /><testcase classname="tests.test_qualification_json_native" name="test_scan_reports_all_independent_violations" time="0.000" /><testcase classname="tests.test_qualification_json_native" name="test_assertion_error_lists_every_invalid_path" time="0.000" /><testcase classname="tests.test_qualification_json_native" name="test_native_tree_assertion_returns_none" time="0.000" /><testcase classname="tests.test_qualification_json_native" name="test_conversion_audit_is_not_partially_appended_after_failure" time="0.000" /><testcase classname="tests.test_qualification_json_native" name="test_conversion_audit_appends_after_success" time="0.000" /><testcase classname="tests.test_qualification_json_native" name="test_conversion_audit_requires_exact_list" time="0.000" /><testcase classname="tests.test_qualification_json_native" name="test_invalid_custom_path_argument_is_rejected" time="0.000" /><testcase classname="tests.test_qualification_json_native" name="test_cyclic_list_is_rejected_with_origin_path" time="0.000" /><testcase classname="tests.test_qualification_json_native" name="test_native_type_subclasses_are_not_silently_accepted[x]" time="0.000" /><testcase classname="tests.test_qualification_json_native" name="test_native_type_subclasses_are_not_silently_accepted[value1]" time="0.000" /><testcase classname="tests.test_qualification_json_native" name="test_module_contains_no_json_default_coercion_path" time="0.001" /><testcase classname="tests.test_qualification_wrapper_uses_generic_lifecycle" name="test_qualification_wrappers_have_no_snapshot_or_trial_execution_loop" time="0.012" /><testcase classname="tests.test_qualification_wrapper_uses_generic_lifecycle" name="test_qualification_wrappers_never_call_private_fixture_or_dispatch" time="0.112" /><testcase classname="tests.test_qualification_wrapper_uses_generic_lifecycle" name="test_qualification_execution_delegates_only_to_generic_entries" time="0.023" /><testcase classname="tests.test_real_data_preparation_cli" name="test_preparation_cli_exposes_required_fail_closed_options" time="0.001" /><testcase classname="tests.test_real_data_preparation_cli" name="test_independent_verifier_requires_only_runtime_root" time="0.001" /><testcase classname="tests.test_real_data_preparation_core" name="test_no_registration_guard_blocks_open3d_icp" time="0.000" /><testcase classname="tests.test_real_data_preparation_core" name="test_no_registration_guard_blocks_pcl_cli" time="0.000" /><testcase classname="tests.test_real_data_preparation_core" name="test_no_registration_guard_does_not_false_positive_grandtour" time="0.001" /><testcase classname="tests.test_real_data_preparation_core" name="test_no_registration_guard_requires_environment" time="0.000" /><testcase classname="tests.test_real_data_preparation_core" name="test_static_preparation_source_audit_passes" time="0.295" /><testcase classname="tests.test_real_data_preparation_core" name="test_gt_only_overlap_is_deterministic" time="0.001" /><testcase classname="tests.test_real_data_preparation_core" name="test_wgs84_ecef_is_deterministic_and_metric" time="0.000" /><testcase classname="tests.test_real_data_preparation_core" name="test_iilabs_sequence_local_tum_is_not_treated_as_common_world" time="0.000" /><testcase classname="tests.test_real_data_preparation_core" name="test_iilabs_raw_bag_index_audit_has_no_mocap_world_topic" time="0.000" /><testcase classname="tests.test_real_data_preparation_core" name="test_transform_direction_is_world_base_then_base_sensor" time="0.000" /><testcase classname="tests.test_real_data_preparation_core" name="test_quaternion_is_xyzw" time="0.000" /><testcase classname="tests.test_real_data_preparation_core" name="test_timestamp_interpolation_translation_and_rotation" time="0.000" /><testcase classname="tests.test_real_data_preparation_core" name="test_deskew_rejects_non_independent_reference" time="0.000" /><testcase classname="tests.test_real_data_preparation_core" name="test_deskew_accepts_independent_reference_only" time="0.001" /><testcase classname="tests.test_real_data_preparation_core" name="test_query_scan_cannot_enter_map" time="0.000" /><testcase classname="tests.test_real_data_preparation_core" name="test_disjoint_map_query_sources_pass" time="0.000" /><testcase classname="tests.test_real_data_preparation_core" name="test_geometry_selector_rejects_residual_or_error_fields" time="0.000" /><testcase classname="tests.test_real_data_preparation_core" name="test_weak_rich_selection_is_deterministic_and_disjoint" time="0.000" /><testcase classname="tests.test_real_data_preparation_core" name="test_five_scan_quantiles_are_unique_and_deterministic" time="0.001" /><testcase classname="tests.test_real_data_preparation_core" name="test_unknown_uncertainty_is_not_zero_filled" time="0.000" /><testcase classname="tests.test_real_data_preparation_core" name="test_hidden_grandtour_reference_remains_ineligible" time="0.000" /><testcase classname="tests.test_real_data_preparation_core" name="test_backend_bundle_sha_must_be_identical" time="0.000" /><testcase classname="tests.test_real_data_preparation_core" name="test_atomic_json_resume_is_byte_identical" time="0.003" /><testcase classname="tests.test_real_data_preparation_core" name="test_failure_manifest_is_integrity_verifiable_but_not_success" time="0.002" /><testcase classname="tests.test_real_data_preparation_core" name="test_failure_manifest_rebuild_and_resume_verification_are_byte_identical" time="0.003" /><testcase classname="tests.test_real_data_preparation_core" name="test_snapshot_selection_exact_50_50_counts" time="0.002" /><testcase classname="tests.test_real_data_preparation_core" name="test_manifest_tamper_is_detected" time="0.002" /><testcase classname="tests.test_real_data_preparation_core" name="test_registration_execution_count_is_structurally_zero" time="0.001" /><testcase classname="tests.test_rts_gt_stage1" name="test_gap_aware_resampling_never_bridges_native_outage" time="0.000" /><testcase classname="tests.test_rts_gt_stage1" name="test_overlap_thresholds_and_nonoverlapping_windows_are_frozen" time="0.001" /><testcase classname="tests.test_rts_gt_stage1" name="test_pair_sorting_uses_total_fraction_intervals_then_ids" time="0.000" /><testcase classname="tests.test_runtime_git_gate" name="test_fresh_repository_passes_with_exact_identity_and_ignored_file" time="0.028" /><testcase classname="tests.test_runtime_git_gate" name="test_repository_argument_must_be_git_top_level" time="0.032" /><testcase classname="tests.test_runtime_git_gate" name="test_tracked_worktree_change_fails_closed" time="0.030" /><testcase classname="tests.test_runtime_git_gate" name="test_staged_index_change_fails_closed" time="0.029" /><testcase classname="tests.test_runtime_git_gate" name="test_every_nonignored_untracked_file_fails_closed" time="0.027" /><testcase classname="tests.test_runtime_git_gate" name="test_wrong_branch_fails_closed" time="0.029" /><testcase classname="tests.test_runtime_git_gate" name="test_wrong_head_fails_closed" time="0.032" /><testcase classname="tests.test_runtime_git_gate" name="test_tag_must_resolve_to_expected_commit" time="0.033" /><testcase classname="tests.test_runtime_git_gate" name="test_missing_required_tag_fails_closed" time="0.031" /><testcase classname="tests.test_runtime_lifecycle_fixture" name="test_contract_is_exact_seed_free_three_by_six" time="0.009" /><testcase classname="tests.test_runtime_lifecycle_fixture" name="test_contract_binds_every_external_mutable_path" time="0.008" /><testcase classname="tests.test_runtime_lifecycle_fixture" name="test_snapshot_fresh_real_write_is_three_and_valid" time="0.031" /><testcase classname="tests.test_runtime_lifecycle_fixture" name="test_snapshot_resume_does_not_rebuild_valid_objects" time="0.032" /><testcase classname="tests.test_runtime_lifecycle_fixture" name="test_snapshot_unknown_file_is_rejected" time="0.028" /><testcase classname="tests.test_runtime_lifecycle_fixture" name="test_snapshot_byte_corruption_is_rejected" time="0.029" /><testcase classname="tests.test_runtime_lifecycle_fixture" name="test_lineage_corruption_is_rejected" time="0.029" /><testcase classname="tests.test_runtime_lifecycle_fixture" name="test_no_correspondence_has_no_false_lineage_sidecar" time="0.027" /><testcase classname="tests.test_runtime_lifecycle_fixture" name="test_fake_backend_fresh_run_writes_six_strict_trials" time="0.086" /><testcase classname="tests.test_runtime_lifecycle_fixture" name="test_completed_trial_resume_executes_no_backend" time="0.123" /><testcase classname="tests.test_runtime_lifecycle_fixture" name="test_trial_checksum_is_unchanged_by_resume" time="0.125" /><testcase classname="tests.test_runtime_lifecycle_fixture" name="test_canonical_orphan_is_adopted_without_backend_execution" time="0.102" /><testcase classname="tests.test_runtime_lifecycle_fixture" name="test_unknown_orphan_is_rejected" time="0.091" /><testcase classname="tests.test_runtime_lifecycle_fixture" name="test_corrupt_trial_is_rejected_and_not_overwritten" time="0.091" /><testcase classname="tests.test_runtime_lifecycle_fixture" name="test_primary_and_independent_fixture_analysis_match_exactly" time="0.001" /><testcase classname="tests.test_runtime_lifecycle_fixture" name="test_external_publisher_uses_separate_staging_directory" time="0.282" /><testcase classname="tests.test_runtime_lifecycle_fixture" name="test_artifact_corruption_is_rejected" time="0.007" /><testcase classname="tests.test_runtime_lifecycle_fixture" name="test_scientific_core_binding_is_unchanged" time="0.140" /><testcase classname="tests.test_runtime_lifecycle_fixture" name="test_historical_fixture_science_regression_excludes_only_runtime" time="0.001" /><testcase classname="tests.test_runtime_lifecycle_fixture" name="test_full_lifecycle_binds_lock_and_git_checkpoints_with_fake_backends" time="0.092" /><testcase classname="tests.test_runtime_lifecycle_fixture" name="test_load_completed_results_requires_exact_six" time="0.090" /><testcase classname="tests.test_runtime_lifecycle_fixture" name="test_worker_rejects_source_repository_descendants_and_ancestors_in_pythonpath[/home/lj/Degen-LIO]" time="0.001" /><testcase classname="tests.test_runtime_lifecycle_fixture" name="test_worker_rejects_source_repository_descendants_and_ancestors_in_pythonpath[/home/lj/Degen-LIO/src]" time="0.001" /><testcase classname="tests.test_runtime_lifecycle_fixture" name="test_worker_rejects_source_repository_descendants_and_ancestors_in_pythonpath[/home/lj]" time="0.000" /><testcase classname="tests.test_runtime_lifecycle_fixture" name="test_worker_rejects_source_repository_descendants_and_ancestors_in_pythonpath[/home]" time="0.000" /><testcase classname="tests.test_runtime_lifecycle_fixture" name="test_worker_rejects_source_repository_descendants_and_ancestors_in_pythonpath[/]" time="0.000" /><testcase classname="tests.test_runtime_lifecycle_fixture" name="test_worker_rejects_source_overlap_in_sys_path[/home/lj/Degen-LIO]" time="0.000" /><testcase classname="tests.test_runtime_lifecycle_fixture" name="test_worker_rejects_source_overlap_in_sys_path[/home/lj/Degen-LIO/tests]" time="0.000" /><testcase classname="tests.test_runtime_lifecycle_fixture" name="test_worker_rejects_source_overlap_in_sys_path[/home/lj]" time="0.000" /><testcase classname="tests.test_runtime_lifecycle_fixture" name="test_worker_requires_absolute_external_source_access_log" time="0.001" /><testcase classname="tests.test_runtime_lifecycle_fixture" name="test_worker_rejects_existing_source_access_path_without_open[regular]" time="0.001" /><testcase classname="tests.test_runtime_lifecycle_fixture" name="test_worker_rejects_existing_source_access_path_without_open[symlink]" time="0.001" /><testcase classname="tests.test_runtime_lifecycle_fixture" name="test_worker_rejects_existing_source_access_path_without_open[fifo]" time="0.001" /><testcase classname="tests.test_runtime_lifecycle_fixture" name="test_worker_installs_bot
[...]
test_synthetic_confirmatory_v2" name="test_frozen_model_and_backend_implementations_are_unchanged" time="0.008"><skipped type="pytest.skip" message="source-only ZIP excludes the historical v2 Git object">/home/lj/ZPRM/tests/test_synthetic_confirmatory_v2.py:91: source-only ZIP excludes the historical v2 Git object</skipped></testcase><testcase classname="tests.test_synthetic_confirmatory_v2" name="test_primary_and_independent_h1_h6_core_ast_is_unchanged" time="0.041" /><testcase classname="tests.test_synthetic_confirmatory_v2" name="test_phase_a_lineage_and_closure_core_ast_is_unchanged[canonical_target-5684f5bbcbd9001be0b29fcdd670470d0e19d7758d698fc39aaba4b73be3a5c8]" time="0.008" /><testcase classname="tests.test_synthetic_confirmatory_v2" name="test_phase_a_lineage_and_closure_core_ast_is_unchanged[eligible_parent_indices-f8fd5aed7876e30cacfac41c1b699518d04e7c134f23d189c8f217f9af5e275a]" time="0.007" /><testcase classname="tests.test_synthetic_confirmatory_v2" name="test_phase_a_lineage_and_closure_core_ast_is_unchanged[quantization_closure-2ec95cab5329881772ccd56518b73705efded616254710d013db95324594ebac]" time="0.009" /><testcase classname="tests.test_synthetic_confirmatory_v2" name="test_phase_a_lineage_and_closure_core_ast_is_unchanged[reference_pose_from_development-c9f8faa358bc09ee6e226547ec936f9bb2e95e7f98cac662b3a10da8b608caa1]" time="0.012" /><testcase classname="tests.test_synthetic_confirmatory_v2" name="test_phase_a_lineage_and_closure_core_ast_is_unchanged[source_from_parent_indices-787fc81f8a0a00dab2e0fa9fe761e7a7b61d65f7b14305cc32627bb84265fa94]" time="0.010" /><testcase classname="tests.test_synthetic_confirmatory_v2" name="test_development_ideal_uses_parent_lineage" time="0.468" /><testcase classname="tests.test_synthetic_confirmatory_v2" name="test_development_ideal_never_reads_measurement_or_repeat_rng" time="0.001" /><testcase classname="tests.test_synthetic_confirmatory_v2" name="test_parent_index_array_contract" time="0.001" /><testcase classname="tests.test_synthetic_confirmatory_v2" name="test_parent_index_lineage_has_exact_44214_rows" time="0.000" /><testcase classname="tests.test_synthetic_confirmatory_v2" name="test_independent_recomputation_matches_builder_closure" time="0.017" /><testcase classname="tests.test_synthetic_confirmatory_v2" name="test_independent_verifier_does_not_trust_builder_lineage_booleans" time="0.014" /><testcase classname="tests.test_synthetic_confirmatory_v2" name="test_float32_roundtrip_difference_does_not_invalidate_lineage" time="0.006" /><testcase classname="tests.test_synthetic_confirmatory_v2" name="test_v2_builder_contains_no_coordinate_byte_membership" time="0.003" /><testcase classname="tests.test_synthetic_confirmatory_v2" name="test_metadata_cannot_hardcode_a_tampered_lineage_true" time="0.003" /><testcase classname="tests.test_synthetic_confirmatory_v2" name="test_independent_verifier_detects_lineage_tampering[duplicate]" time="0.002" /><testcase classname="tests.test_synthetic_confirmatory_v2" name="test_independent_verifier_detects_lineage_tampering[out_of_range]" time="0.003" /><testcase classname="tests.test_synthetic_confirmatory_v2" name="test_independent_verifier_detects_lineage_tampering[reorder_source]" time="0.022" /><testcase classname="tests.test_synthetic_confirmatory_v2" name="test_independent_verifier_detects_lineage_tampering[reference]" time="0.024" /><testcase classname="tests.test_synthetic_confirmatory_v2" name="test_independent_negative_control_has_no_lineage" time="0.959" /><testcase classname="tests.test_synthetic_confirmatory_v2" name="test_full_noise_cannot_claim_ideal_lineage" time="23.731" /><testcase classname="tests.test_synthetic_confirmatory_v2" name="test_development_nonideal_scientific_payload_is_byte_exact" time="0.000" /><testcase classname="tests.test_synthetic_confirmatory_v2" name="test_v1_and_v2_manifests_are_explicitly_version_selected" time="0.002"><skipped type="pytest.skip" message="source-only ZIP excludes the historical v2 Git object">/home/lj/ZPRM/tests/test_synthetic_confirmatory_v2.py:91: source-only ZIP excludes the historical v2 Git object</skipped></testcase><testcase classname="tests.test_synthetic_confirmatory_v2" name="test_v2_manifest_is_exact_and_initially_or_finally_authorized" time="0.009" /><testcase classname="tests.test_synthetic_confirmatory_v2" name="test_v2_manifest_tamper_is_rejected" time="0.002" /><testcase classname="tests.test_synthetic_confirmatory_v2" name="test_v2_dry_run_has_zero_execution_and_no_runtime_state" time="0.033" /><testcase classname="tests.test_synthetic_confirmatory_v2" name="test_v2_read_only_clis_enforce_the_full_runtime_isolation_contract[analyze_synthetic_confirmatory_v2.py]" time="0.002" /><testcase classname="tests.test_synthetic_confirmatory_v2" name="test_v2_read_only_clis_enforce_the_full_runtime_isolation_contract[verify_synthetic_confirmatory_v2.py]" time="0.001" /><testcase classname="tests.test_synthetic_confirmatory_v2" name="test_v2_qualification_cli_enforces_the_frozen_micromamba_root" time="0.000" /><testcase classname="tests.test_synthetic_confirmatory_v2" name="test_v2_prerun_freezer_cli_exposes_the_required_dry_run_evidence" time="0.001" /><testcase classname="tests.test_synthetic_confirmatory_v2" name="test_direct_true_manifest_write_is_forbidden" time="0.000" /><testcase classname="tests.test_synthetic_confirmatory_v2" name="test_prerun_gate_fails_closed" time="0.000" /><testcase classname="tests.test_synthetic_confirmatory_v2" name="test_prerun_gate_keeps_science_not_evaluated" time="0.000" /><testcase classname="tests.test_synthetic_confirmatory_v2" name="test_prerun_root_inventory_is_exact_26" time="0.000" /><testcase classname="tests.test_synthetic_confirmatory_v2" name="test_formal_v2_runtime_paths_remain_absent_during_qualification" time="0.000" /><testcase classname="tests.test_synthetic_confirmatory_v2" name="test_snapshot_metadata_schema_is_explicit_v2" time="0.000" /><testcase classname="tests.test_synthetic_confirmatory_v2" name="test_fixture_primary_independent_publisher_and_artifact_chain" time="0.452" /><testcase classname="tests.test_synthetic_confirmatory_v2" name="test_fixture_artifact_verifier_rejects_missing_or_extra[missing]" time="0.373" /><testcase classname="tests.test_synthetic_confirmatory_v2" name="test_fixture_artifact_verifier_rejects_missing_or_extra[extra]" time="0.376" /><testcase classname="tests.test_synthetic_confirmatory_v2" name="test_v1_fixture_artifact_cannot_masquerade_as_v2" time="0.002" /><testcase classname="tests.test_synthetic_confirmatory_v3_adapter" name="test_v3_adapter_is_seed_free_before_schedule_derivation" time="0.002" /><testcase classname="tests.test_synthetic_confirmatory_v3_adapter" name="test_v3_adapter_qualification_layout_is_exact_and_external" time="0.005" /><testcase classname="tests.test_synthetic_confirmatory_v3_adapter" name="test_v3_adapter_delegates_instead_of_copying_scientific_algorithms" time="0.004" /><testcase classname="tests.test_synthetic_confirmatory_v3_execution" name="test_v3_plan_exact_counts_pairing_and_independent_semantics" time="0.020" /><testcase classname="tests.test_synthetic_confirmatory_v3_execution" name="test_v3_rejects_retired_manifest_identities" time="0.002" /><testcase classname="tests.test_synthetic_confirmatory_v3_execution" name="test_retired_runners_reject_v3_manifest_path" time="0.001" /><testcase classname="tests.test_synthetic_confirmatory_v3_execution" name="test_exact_external_path_rejects_symlink_and_repository_overlap" time="0.003" /><testcase classname="tests.test_synthetic_confirmatory_v3_execution" name="test_zero_instantiation_dry_run_canonical_aliases" time="0.001" /><testcase classname="tests.test_synthetic_confirmatory_v3_execution" name="test_release_tag_branch_and_clean_git_gate" time="0.049" /><testcase classname="tests.test_synthetic_confirmatory_v3_execution" name="test_snapshot_builder_import_does_not_import_rng_or_create_formal_root" time="0.022" /><testcase classname="tests.test_synthetic_confirmatory_v3_execution" name="test_v3_historical_entry_is_thin_and_resume_is_forbidden" time="0.001" /><testcase classname="tests.test_synthetic_confirmatory_v3_execution" name="test_v3_thin_clis_do_not_call_retired_high_level_orchestrators" time="0.001" /><testcase classname="tests.test_synthetic_confirmatory_v3_execution" name="test_v3_final_decision_adapter_versions_nested_and_projection" time="0.000" /><testcase classname="tests.test_synthetic_confirmatory_v3_execution" name="test_v3_final_decision_adapter_rejects_schema_drift" time="0.000" /><testcase classname="tests.test_synthetic_confirmatory_v3_execution" name="test_v3_artifact_verifier_binds_persisted_report_and_decision" time="0.004" /><testcase classname="tests.test_synthetic_confirmatory_v3_fixture_publisher_envelope_adapter" name="test_01_valid_v3_fixture_envelope_is_converted" time="0.001" /><testcase classname="tests.test_synthetic_confirmatory_v3_fixture_publisher_envelope_adapter" name="test_02_output_schema_reads_the_frozen_fixture_run_schema" time="0.001" /><testcase classname="tests.test_synthetic_confirmatory_v3_fixture_publisher_envelope_adapter" name="test_03_output_field_set_is_exactly_the_frozen_publisher_contract" time="0.001" /><testcase classname="tests.test_synthetic_confirmatory_v3_fixture_publisher_envelope_adapter" name="test_04_output_extra_field_count_is_zero" time="0.001" /><testcase classname="tests.test_synthetic_confirmatory_v3_fixture_publisher_envelope_adapter" name="test_05_legacy_v2_seed_reference_is_the_exact_integer_zero" time="0.001" /><testcase classname="tests.test_synthetic_confirmatory_v3_fixture_publisher_envelope_adapter" name="test_06_adapter_does_not_modify_any_input" time="0.002" /><testcase classname="tests.test_synthetic_confirmatory_v3_fixture_publisher_envelope_adapter" name="test_07_scientific_projection_has_zero_leaf_difference" time="0.004" /><testcase classname="tests.test_synthetic_confirmatory_v3_fixture_publisher_envelope_adapter" name="test_08_scientific_projection_has_zero_maximum_numerical_difference" time="0.004" /><testcase classname="tests.test_synthetic_confirmatory_v3_fixture_publisher_envelope_adapter" name="test_09_nonzero_v3_seed_reference_is_rejected" time="0.001" /><testcase classname="tests.test_synthetic_confirmatory_v3_fixture_publisher_envelope_adapter" name="test_10_nonzero_v2_seed_reference_is_rejected" time="0.001" /><testcase classname="tests.test_synthetic_confirmatory_v3_fixture_publisher_envelope_adapter" name="test_11_nonzero_v1_seed_reference_is_rejected" time="0.001" /><testcase classname="tests.test_synthetic_confirmatory_v3_fixture_publisher_envelope_adapter" name="test_12_nonzero_confirmatory_seed_access_is_rejected" time="0.001" /><testcase classname="tests.test_synthetic_confirmatory_v3_fixture_publisher_envelope_adapter" name="test_13_nonzero_confirmatory_rng_instantiation_is_rejected" time="0.001" /><testcase classname="tests.test_synthetic_confirmatory_v3_fixture_publisher_envelope_adapter" name="test_14_missing_seed_provenance_audit_is_rejected" time="0.001" /><testcase classname="tests.test_synthetic_confirmatory_v3_fixture_publisher_envelope_adapter" name="test_15_missing_primary_result_is_rejected" time="0.001" /><testcase classname="tests.test_synthetic_confirmatory_v3_fixture_publisher_envelope_adapter" name="test_16_missing_independent_result_is_rejected" time="0.001" /><testcase classname="tests.test_synthetic_confirmatory_v3_fixture_publisher_envelope_adapter" name="test_17_primary_independent_difference_is_rejected" time="0.001" /><testcase classname="tests.test_synthetic_confirmatory_v3_fixture_publisher_envelope_adapter" name="test_18_frozen_publisher_accepts_the_adapted_envelope" time="0.360" /><testcase classname="tests.test_synthetic_confirmatory_v3_fixture_publisher_envelope_adapter" name="test_19_frozen_publisher_rejects_the_raw_v3_envelope" time="0.003" /><testcase classname="tests.test_synthetic_confirmatory_v3_fixture_publisher_envelope_adapter" name="test_20_frozen_artifact_verifier_accepts_the_seventeen_file_output" time="0.368" /><testcase classname="tests.test_synthetic_confirmatory_v3_fixture_publisher_envelope_adapter" name="test_21_nonzero_confirmatory_snapshot_construction_is_rejected" time="0.001" /><testcase classname="tests.test_synthetic_confirmatory_v3_fixture_publisher_envelope_adapter" name="test_22_nonzero_confirmatory_backend_execution_is_rejected" time="0.001" /><testcase classname="tests.test_synthetic_confirmatory_v3_fixture_publisher_envelope_adapter" name="test_23_boolean_cannot_masquerade_as_an_exact_zero_seed_counter" time="0.001" /><testcase classname="tests.test_synthetic_confirmatory_v3_prerun" name="test_exact_30_file_v3_prerun_artifact_verifies" time="0.011" /><testcase classname="tests.test_synthetic_confirmatory_v3_prerun" name="test_verifier_rejects_inventory_and_byte_tampering[missing]" time="0.009" /><testcase classname="tests.test_synthetic_confirmatory_v3_prerun" name="test_verifier_rejects_inventory_and_byte_tampering[extra]" time="0.011" /><testcase classname="tests.test_synthetic_confirmatory_v3_prerun" name="test_verifier_rejects_inventory_and_byte_tampering[tamper]" time="0.011" /><testcase classname="tests.test_synthetic_confirmatory_v3_prerun" name="test_verifier_rejects_inventory_and_byte_tampering[symlink]" time="0.009" /><testcase classname="tests.test_synthetic_confirmatory_v3_prerun" name="test_semantic_gate_tamper_is_rejected_even_after_rehash" time="0.017" /><testcase classname="tests.test_synthetic_confirmatory_v3_prerun" name="test_v3_seed_derivation_is_declaration_only_and_exact" time="0.001" /><testcase classname="tests.test_synthetic_confirmatory_v3_prerun" name="test_prerun_verifier_and_qualifier_do_not_import_rng_or_snapshot_builders" time="0.137" /><testcase classname="tests.test_synthetic_confirmatory_v3_prerun" name="test_manifest_and_checksum_contract_has_no_self_reference" time="0.006" /><testcase classname="tests.test_synthetic_confirmatory_v3_prerun" name="test_root_symlink_is_rejected" time="0.010" /><testcase classname="tests.test_synthetic_confirmatory_v3_prerun" name="test_execution_profile_binds_the_single_formal_runtime_contract" time="0.001" /><testcase classname="tests.test_synthetic_confirmatory_v3_requalified" name="test_requalified_manifest_binds_unchanged_595_1190_contract" time="0.423" /><testcase classname="tests.test_synthetic_confirmatory_v3_requalified" name="test_requalified_spec_is_generic_lifecycle_bound_without_runtime_write" time="0.435" /><testcase classname="tests.test_synthetic_confirmatory_v3_requalified" name="test_scientific_asset_hashes_are_exact" time="0.006" /><testcase classname="tests.test_synthetic_confirmatory_v3_requalified" name="test_requalified_resume_rejects_uncommitted_orphan" time="0.005" /><testcase classname="tests.test_synthetic_confirmatory_v3_requalified" name="test_committed_manifest_rejects_another_runtime_root" time="0.210" /><testcase classname="tests.test_synthetic_confirmatory_v3_requalified" name="test_cli_exposes_required_non_scientific_lifecycle_options" time="0.001" /><testcase classname="tests.test_trial_snapshot_bridge" name="test_field_contract_is_the_exact_snapshot_trial_bridge" time="0.002" /><testcase classname="tests.test_trial_snapshot_bridge" name="test_canonical_index_is_an_immutable_defensive_copy" time="0.002" /><testcase classname="tests.test_trial_snapshot_bridge" name="test_three_snapshots_six_trials_bind_once_with_exact_pairing" time="0.001" /><testcase classname="tests.test_trial_snapshot_bridge" name="test_snapshot_bridge_rejects_every_missing_field[planned_snapshot_id]" time="0.001" /><testcase classname="tests.test_trial_snapshot_bridge" name="test_snapshot_bridge_rejects_every_missing_field[scene_variant]" time="0.001" /><testcase classname="tests.test_trial_snapshot_bridge" name="test_snapshot_bridge_rejects_every_missing_field[condition]" time="0.002" /><testcase classname="tests.test_trial_snapshot_bridge" name="test_snapshot_bridge_rejects_every_missing_field[geometry_seed]" time="0.002" /><testcase classname="tests.test_trial_snapshot_bridge" name="test_snapshot_bridge_rejects_every_missing_field[measurement_seed]" time="0.002" /><testcase classname="tests.test_trial_snapshot_bridge" name="test_snapshot_bridge_rejects_every_missing_field[repeat_index]" time="0.002" /><testcase classname="tests.test_trial_snapshot_bridge" name="test_snapshot_bridge_rejects_every_missing_field[planned_backend_count]" time="0.002" /><testcase classname="tests.test_trial_snapshot_bridge" name="test_snapshot_bridge_rejects_every_missing_field[replicate_semantics]" time="0.002" /><testcase classname="tests.test_trial_snapshot_bridge" name="test_trial_bridge_rejects_every_missing_field[planned_trial_id]" time="0.002" /><testcase classname="tests.test_trial_snapshot_bridge" name="test_trial_bridge_rejects_every_missing_field[planned_snapshot_id]" time="0.002" /><testcase classname="tests.test_trial_snapshot_bridge" name="test_trial_bridge_rejects_every_missing_field[scene_variant]" time="0.002" /><testcase classname="tests.test_trial_snapshot_bridge" name="test_trial_bridge_rejects_every_missing_field[condition]" time="0.002" /><testcase classname="tests.test_trial_snapshot_bridge" name="test_trial_bridge_rejects_every_missing_field[geometry_seed]" time="0.002" /><testcase classname="tests.test_trial_snapshot_bridge" name="test_trial_bridge_rejects_every_missing_field[measurement_seed]" time="0.002" /><testcase classname="tests.test_trial_snapshot_bridge" name="test_trial_bridge_rejects_every_missing_field[repeat_index]" time="0.002" /><testcase classname="tests.test_trial_snapshot_bridge" name="test_trial_bridge_rejects_every_missing_field[backend]" time="0.002" /><testcase classname="tests.test_trial_snapshot_bridge" name="test_bridge_rejects_extra_and_snapshot_only_trial_fields" time="0.002" /><testcase classname="tests.test_trial_snapshot_bridge" name="test_duplicate_snapshot_and_trial_ids_fail_closed" time="0.002" /><testcase classname="tests.test_trial_snapshot_bridge" name="test_missing_snapshot_lookup_fails_closed" time="0.002" /><testcase classname="tests.test_trial_snapshot_bridge" name="test_each_shared_identity_mismatch_has_a_specific_failure_classification[scene_variant-NONIDENTITY_REFERENCE-TRIAL_SNAPSHOT_SCENE_MISMATCH]" time="0.002" /><testcase classname="tests.test_trial_snapshot_bridge" name="test_each_shared_identity_mismatch_has_a_specific_failure_classification[condition-SEED_FREE_ALTERNATE-TRIAL_SNAPSHOT_CONDITION_MISMATCH]" time="0.002" /><testcase classname="tests.test_trial_snapshot_bridge" name="test_each_shared_identity_mismatch_has_a_specific_failure_classification[geometry_seed-OTHER_GEOMETRY_FIXTURE-TRIAL_SNAPSHOT_GEOMETRY_SEED_MISMATCH]" time="0.002" /><testcase classname="tests.test_trial_snapshot_bridge" name="test_each_shared_identity_mismatch_has_a_specific_failure_classification[measurement_seed-OTHER_MEASUREMENT_FIXTURE-TRIAL_SNAPSHOT_MEASUREMENT_SEED_MISMATCH]" time="0.002" /><testcase classname="tests.test_trial_snapshot_bridge" name="test_each_shared_identity_mismatch_has_a_specific_failure_classification[repeat_index-1-TRIAL_SNAPSHOT_REPEAT_MISMATCH]" time="0.002" /><testcase classname="tests.test_trial_snapshot_bridge" name="test_incomplete_or_wrong_backend_pairing_is_never_accepted" time="0.002" /><testcase classname="tests.test_trial_snapshot_bridge" name="test_context_binding_cannot_be_swapped_after_index_creation" time="0.002" /><testcase classname="tests.test_v3_compatibility_wrapper_is_thin" name="test_v3_public_execute_wrapper_has_no_execution_loop_or_pool" time="0.010" /><testcase classname="tests.test_v3_compatibility_wrapper_is_thin" name="test_v3_public_execute_wrapper_has_no_lock_manifest_or_backend_logic" time="0.007" /><testcase classname="tests.test_v3_compatibility_wrapper_is_thin" name="test_v3_public_execute_wrapper_delegates_only_to_generic_lifecycle" time="0.012" /></testsuite></testsuites>